#
# A fatal error has been detected by the Java Runtime Environment:
#
#  EXCEPTION_ACCESS_VIOLATION (0xc0000005) at pc=0x00007ffb527f8d24, pid=872, tid=2152
#
# JRE version: OpenJDK Runtime Environment Temurin-21.0.8+9 (21.0.8+9) (build 21.0.8+9-LTS)
# Java VM: OpenJDK 64-Bit Server VM Temurin-21.0.8+9 (21.0.8+9-LTS, mixed mode, emulated-client, sharing, tiered, compressed oops, compressed class ptrs, g1 gc, windows-amd64)
# Problematic frame:
# V  [jvm.dll+0x368d24]
#
# No core dump will be written. Minidumps are not enabled by default on client versions of Windows
#
# If you would like to submit a bug report, please visit:
#   https://github.com/adoptium/adoptium-support/issues
#

---------------  S U M M A R Y ------------

Command Line: -XX:+ShowCodeDetailsInExceptionMessages -agentlib:jdwp=transport=dt_socket,suspend=y,address=localhost:49893 -Dcom.sun.management.jmxremote -Dcom.sun.management.jmxremote.port=49892 -Dcom.sun.management.jmxremote.authenticate=false -Dcom.sun.management.jmxremote.ssl=false -Djava.rmi.server.hostname=localhost -Dspring.jmx.enabled=true -Dmanagement.endpoints.jmx.exposure.include=* -Dspring.application.admin.enabled=true -Dspring.output.ansi.enabled=always -XX:TieredStopAtLevel=1 -Dspring.boot.project.name=OneToMany_DTO -javaagent:C:\Users\mtmkc\Downloads\spring-tools-for-eclipse-4.32.0.RELEASE-e4.37.0-win32.win32.x86_64\sts-4.32.0.RELEASE\configuration\org.eclipse.osgi\272\0\.cp\lib\javaagent-shaded.jar -Dfile.encoding=UTF-8 -Dstdout.encoding=UTF-8 -Dstderr.encoding=UTF-8 com.example.demo.OneToManyDtoApplication

Host: 13th Gen Intel(R) Core(TM) i5-13420H, 12 cores, 15G,  Windows 11 , 64 bit Build 26100 (10.0.26100.6725)
Time: Sat Oct 11 18:05:18 2025 India Standard Time elapsed time: 2142.791668 seconds (0d 0h 35m 42s)

---------------  T H R E A D  ---------------

Current thread (0x000001b4797428d0):  WorkerThread "GC Thread#0"    [id=2152, stack(0x0000008af1600000,0x0000008af1700000) (1024K)]

Stack: [0x0000008af1600000,0x0000008af1700000],  sp=0x0000008af16fdd80,  free space=1015k
Native frames: (J=compiled Java code, j=interpreted, Vv=VM code, C=native code)
V  [jvm.dll+0x368d24]
V  [jvm.dll+0x31758b]
V  [jvm.dll+0x316fdd]
V  [jvm.dll+0x3f18b5]
V  [jvm.dll+0x8581b6]
V  [jvm.dll+0x861fa1]
V  [jvm.dll+0x36944a]
V  [jvm.dll+0x3692da]
V  [jvm.dll+0x370bb4]
V  [jvm.dll+0x370d2b]
V  [jvm.dll+0x8dc2e7]
V  [jvm.dll+0x857e6b]
V  [jvm.dll+0x6d0b0d]
C  [ucrtbase.dll+0x37b0]
C  [KERNEL32.DLL+0x2e8d7]
C  [ntdll.dll+0x8c53c]

JavaThread 0x000001b45005eb80 (nid = 14240) was being processed
Java frames: (J=compiled Java code, j=interpreted, Vv=VM code)
j  java.lang.invoke.DirectMethodHandle$Holder.newInvokeSpecial(Ljava/lang/Object;)Ljava/lang/Object;+15 java.base@21.0.8
J 899 c1 jdk.internal.reflect.DirectConstructorHandleAccessor.newInstance([Ljava/lang/Object;)Ljava/lang/Object; java.base@21.0.8 (130 bytes) @ 0x000001b40042f1ec [0x000001b40042efe0+0x000000000000020c]
J 898 c1 java.lang.reflect.Constructor.newInstanceWithCaller([Ljava/lang/Object;ZLjava/lang/Class;)Ljava/lang/Object; java.base@21.0.8 (51 bytes) @ 0x000001b40042c0bc [0x000001b40042bfe0+0x00000000000000dc]
J 3434 c1 org.springframework.beans.BeanUtils.instantiateClass(Ljava/lang/reflect/Constructor;[Ljava/lang/Object;)Ljava/lang/Object; (208 bytes) @ 0x000001b400897384 [0x000001b400896e00+0x0000000000000584]
J 6818 c1 org.springframework.beans.factory.support.SimpleInstantiationStrategy.instantiate(Lorg/springframework/beans/factory/support/RootBeanDefinition;Ljava/lang/String;Lorg/springframework/beans/factory/BeanFactory;)Ljava/lang/Object; (123 bytes) @ 0x000001b400c7bb5c [0x000001b400c7b6a0+0x00000000000004bc]
J 6817 c1 org.springframework.beans.factory.support.AbstractAutowireCapableBeanFactory.instantiateBean(Ljava/lang/String;Lorg/springframework/beans/factory/support/RootBeanDefinition;)Lorg/springframework/beans/BeanWrapper; (51 bytes) @ 0x000001b400c7cf74 [0x000001b400c7cec0+0x00000000000000b4]
J 5884 c1 org.springframework.beans.factory.support.AbstractAutowireCapableBeanFactory.createBeanInstance(Ljava/lang/String;Lorg/springframework/beans/factory/support/RootBeanDefinition;[Ljava/lang/Object;)Lorg/springframework/beans/BeanWrapper; (245 bytes) @ 0x000001b40027627c [0x000001b400275c40+0x000000000000063c]
J 6208 c1 org.springframework.beans.factory.support.AbstractAutowireCapableBeanFactory.doCreateBean(Ljava/lang/String;Lorg/springframework/beans/factory/support/RootBeanDefinition;[Ljava/lang/Object;)Ljava/lang/Object; (465 bytes) @ 0x000001b40015592c [0x000001b400155780+0x00000000000001ac]
J 6207 c1 org.springframework.beans.factory.support.AbstractAutowireCapableBeanFactory.createBean(Ljava/lang/String;Lorg/springframework/beans/factory/support/RootBeanDefinition;[Ljava/lang/Object;)Ljava/lang/Object; (214 bytes) @ 0x000001b400158aac [0x000001b4001585c0+0x00000000000004ec]
J 6212 c1 org.springframework.beans.factory.support.AbstractBeanFactory$$Lambda+0x000001b40b295d28.getObject()Ljava/lang/Object; (20 bytes) @ 0x000001b400154b3c [0x000001b400154aa0+0x000000000000009c]
J 6209 c1 org.springframework.beans.factory.support.DefaultSingletonBeanRegistry.getSingleton(Ljava/lang/String;Lorg/springframework/beans/factory/ObjectFactory;)Ljava/lang/Object; (1299 bytes) @ 0x000001b400d4a434 [0x000001b400d49180+0x00000000000012b4]
J 3181 c1 org.springframework.beans.factory.support.AbstractBeanFactory.doGetBean(Ljava/lang/String;Ljava/lang/Class;[Ljava/lang/Object;Z)Ljava/lang/Object; (787 bytes) @ 0x000001b4008267ac [0x000001b400826120+0x000000000000068c]
J 6172 c1 org.springframework.beans.factory.support.DefaultListableBeanFactory.instantiateSingleton(Ljava/lang/String;)V (56 bytes) @ 0x000001b4001674f4 [0x000001b4001670a0+0x0000000000000454]
J 6171 c1 org.springframework.beans.factory.support.DefaultListableBeanFactory.preInstantiateSingleton(Ljava/lang/String;Lorg/springframework/beans/factory/support/RootBeanDefinition;)Ljava/util/concurrent/CompletableFuture; (165 bytes) @ 0x000001b4001665bc [0x000001b400166300+0x00000000000002bc]
j  org.springframework.beans.factory.support.DefaultListableBeanFactory.preInstantiateSingletons()V+123
j  org.springframework.context.support.AbstractApplicationContext.finishBeanFactoryInitialization(Lorg/springframework/beans/factory/config/ConfigurableListableBeanFactory;)V+284
j  org.springframework.context.support.AbstractApplicationContext.refresh()V+94
j  org.springframework.boot.web.servlet.context.ServletWebServerApplicationContext.refresh()V+1
j  org.springframework.boot.SpringApplication.refresh(Lorg/springframework/context/ConfigurableApplicationContext;)V+1
j  org.springframework.boot.SpringApplication.refreshContext(Lorg/springframework/context/ConfigurableApplicationContext;)V+19
j  org.springframework.boot.SpringApplication.run([Ljava/lang/String;)Lorg/springframework/context/ConfigurableApplicationContext;+113
j  org.springframework.boot.SpringApplication.run([Ljava/lang/Class;[Ljava/lang/String;)Lorg/springframework/context/ConfigurableApplicationContext;+9
j  org.springframework.boot.SpringApplication.run(Ljava/lang/Class;[Ljava/lang/String;)Lorg/springframework/context/ConfigurableApplicationContext;+9
j  com.example.demo.OneToManyDtoApplication.main([Ljava/lang/String;)V+3
j  java.lang.invoke.LambdaForm$DMH+0x000001b40b004c00.invokeStatic(Ljava/lang/Object;Ljava/lang/Object;)V+10 java.base@21.0.8
j  java.lang.invoke.LambdaForm$MH+0x000001b40b9e3c00.invoke(Ljava/lang/Object;Ljava/lang/Object;Ljava/lang/Object;)Ljava/lang/Object;+33 java.base@21.0.8
J 3744 c1 jdk.internal.reflect.DirectMethodHandleAccessor.invoke(Ljava/lang/Object;[Ljava/lang/Object;)Ljava/lang/Object; java.base@21.0.8 (92 bytes) @ 0x000001b400920384 [0x000001b400920020+0x0000000000000364]
J 3748 c1 java.lang.reflect.Method.invoke(Ljava/lang/Object;[Ljava/lang/Object;)Ljava/lang/Object; java.base@21.0.8 (108 bytes) @ 0x000001b40091c274 [0x000001b40091c080+0x00000000000001f4]
j  org.springframework.boot.devtools.restart.RestartLauncher.run()V+47
v  ~StubRoutines::call_stub 0x000001b40000100d

siginfo: EXCEPTION_ACCESS_VIOLATION (0xc0000005), reading address 0x000001b4797c57e0


Registers:
RAX=0x000000000004579e, RBX=0x000001b452d5b968, RCX=0x0000000000000015, RDX=0x000001b47973a8a4
RSP=0x0000008af16fdd80, RBP=0x0000008af16fdeb0, RSI=0x0000008af16fe080, RDI=0x0000008af3cfd700
R8 =0x0000008af3cfd700, R9 =0x000001b4796ed940, R10=0x000001b400000000, R11=0x0000008af16fdf28
R12=0x000001b40a5427f8, R13=0x000001b4796ed250, R14=0x000001b4796ed050, R15=0x0000000000000000
RIP=0x00007ffb527f8d24, EFLAGS=0x0000000000010202

XMM[0]=0x3b3b3b3b3b3b3b3b 0x3b3b3b3b3b3b3b3b
XMM[1]=0x0000000000000000 0x00000000000000ff
XMM[2]=0x0000000000000000 0x0000000000000000
XMM[3]=0x0000000000000000 0x40a0bd88a134988e
XMM[4]=0x0000000000000000 0x0000000000000000
XMM[5]=0x00000000e0ca3c1d 0x0000000000000000
XMM[6]=0x0000000000000000 0x0000000000000000
XMM[7]=0x0000000000000000 0x0000000000000000
XMM[8]=0x0000000000000000 0x0000000000000000
XMM[9]=0x0000000000000000 0x0000000000000000
XMM[10]=0x0000000000000000 0x0000000000000000
XMM[11]=0x0000000000000000 0x0000000000000000
XMM[12]=0x0000000000000000 0x0000000000000000
XMM[13]=0x0000000000000000 0x0000000000000000
XMM[14]=0x0000000000000000 0x0000000000000000
XMM[15]=0x0000000000000000 0x0000000000000000
  MXCSR=0x00001fa0


Register to memory mapping:

RAX=0x000000000004579e is an unknown value
RBX=0x000001b452d5b968 points into unknown readable memory: 0x00007ffb52ec3d50 | 50 3d ec 52 fb 7f 00 00
RCX=0x0000000000000015 is an unknown value
RDX=0x000001b47973a8a4 points into unknown readable memory: 00 00 00 00
RSP=0x0000008af16fdd80 points into unknown readable memory: 0x0000008af16fde40 | 40 de 6f f1 8a 00 00 00
RBP=0x0000008af16fdeb0 points into unknown readable memory: 0x000001b40073bf10 | 10 bf 73 00 b4 01 00 00
RSI=0x0000008af16fe080 points into unknown readable memory: 0x0000008af3cfd6f8 | f8 d6 cf f3 8a 00 00 00
RDI=0x0000008af3cfd700 is pointing into the stack for thread: 0x000001b45005eb80
R8 =0x0000008af3cfd700 is pointing into the stack for thread: 0x000001b45005eb80
R9 =0x000001b4796ed940 points into unknown readable memory: 0x00007ffb52ebad50 | 50 ad eb 52 fb 7f 00 00
R10=0x000001b400000000 points into unknown readable memory: 0x0000000000000006 | 06 00 00 00 00 00 00 00
R11=0x0000008af16fdf28 points into unknown readable memory: 0x00007ffb527a6fdd | dd 6f 7a 52 fb 7f 00 00
R12=0x000001b40a5427f8 is pointing into metadata
R13=0x000001b4796ed250 points into unknown readable memory: 0x0000000000000000 | 00 00 00 00 00 00 00 00
R14=0x000001b4796ed050 points into unknown readable memory: 0x0000000000000002 | 02 00 00 00 00 00 00 00
R15=0x0 is null

Top of Stack: (sp=0x0000008af16fdd80)
0x0000008af16fdd80:   0000008af16fde40 0000008af16fe080
0x0000008af16fdd90:   000001b40a480090 0000000000000000
0x0000008af16fdda0:   000001b452d5b968 00007ffb527a758b
0x0000008af16fddb0:   0000000000000001 000001b40a0b5da0
0x0000008af16fddc0:   000001b452d5b968 0000008af16fde59
0x0000008af16fddd0:   0000000f00d25c01 000001b40a0b5da0
0x0000008af16fdde0:   000001b4797428d0 000001b400000003
0x0000008af16fddf0:   00000000000003d8 000001b4796ed260
0x0000008af16fde00:   000001b4796ed638 000001b40a72b44f
0x0000008af16fde10:   000001b4000000b8 000001b40a0b5da0
0x0000008af16fde20:   000001b400d25dc0 000001b400d25dc0
0x0000008af16fde30:   000001b400d25ec0 000001b400d25dc0
0x0000008af16fde40:   000001b40a5427f8 0000001300000001
0x0000008af16fde50:   0000000000000032 000000010000000c
0x0000008af16fde60:   000001b40a480090 0000000000000000
0x0000008af16fde70:   000001b400d25c10 00007d9d2ace7640
0x0000008af16fde80:   00007ffb52cf0f90 0000008af16fdf10
0x0000008af16fde90:   00000000000003d8 000001b4796ed638
0x0000008af16fdea0:   00007d9d2ace7640 000001b400d25c10
0x0000008af16fdeb0:   000001b40073bf10 00007ffb52b37ff1
0x0000008af16fdec0:   000001b452d5b968 00007ffb527f8dae
0x0000008af16fded0:   000001b400d25c10 000001b452d5ba10
0x0000008af16fdee0:   00007d9d2ace7630 00007ffb527b7c87
0x0000008af16fdef0:   000001b452d5b968 00000000000003d8
0x0000008af16fdf00:   000001b4796ed638 0000008af16fe080
0x0000008af16fdf10:   000001b452d5ba10 00007ffb52cf0f90
0x0000008af16fdf20:   000001b452d5b968 00007ffb527a6fdd
0x0000008af16fdf30:   0000000000000000 000001b452d5ba10
0x0000008af16fdf40:   0000000000000000 00007ffb52883746
0x0000008af16fdf50:   0000008af16fdfb0 000001b400000006
0x0000008af16fdf60:   0000000500000003 0000ffff09686f00
0x0000008af16fdf70:   000001b45005eb80 00007ffb52c34551 

Instructions: (pc=0x00007ffb527f8d24)
0x00007ffb527f8c24:   00 00 48 d3 e8 0f b7 14 42 0f b7 c2 66 c1 e8 08
0x00007ffb527f8c34:   84 c0 78 3a 4c 8b 07 41 0f b6 c0 24 03 3c 03 75
0x00007ffb527f8c44:   06 49 83 e0 fc eb 12 48 8b 4b 10 4d 8b c8 4c 8b
0x00007ffb527f8c54:   c7 e8 36 1a ff ff 4c 8b c0 4c 2b 05 bc 73 8c 00
0x00007ffb527f8c64:   8b 0d be 73 8c 00 49 d3 e8 44 89 06 eb 5a 3c fd
0x00007ffb527f8c74:   75 37 41 8b 88 18 02 00 00 48 8b d7 49 8b 80 10
0x00007ffb527f8c84:   02 00 00 48 d3 e0 8b 0d 20 48 93 00 48 2b d0 49
0x00007ffb527f8c94:   8b 80 90 05 00 00 48 d3 ea 8b ca 80 7c 48 01 fd
0x00007ffb527f8ca4:   75 17 c6 44 48 01 ff eb 10 3c fc 75 0c 48 8b 4b
0x00007ffb527f8cb4:   10 48 8b d6 e8 f3 f2 ff ff 8b 53 18 4c 8b c7 48
0x00007ffb527f8cc4:   8b 4b 28 e8 84 3c fb ff 48 8b 4b 10 e8 4b f3 fe
0x00007ffb527f8cd4:   ff 48 8b 7c 24 30 48 8b 5c 24 38 48 83 c4 20 5e
0x00007ffb527f8ce4:   c3 cc cc cc cc cc cc cc cc cc cc cc 48 89 5c 24
0x00007ffb527f8cf4:   08 57 48 83 ec 20 4c 8b 02 48 8b fa 48 8b d9 4d
0x00007ffb527f8d04:   85 c0 0f 84 a2 00 00 00 4c 8b 49 08 49 8b c0 41
0x00007ffb527f8d14:   8b 89 b0 05 00 00 49 8b 91 a0 05 00 00 48 d3 e8
0x00007ffb527f8d24:   0f b7 14 42 0f b7 c2 66 c1 e8 08 84 c0 78 29 49
0x00007ffb527f8d34:   8b 08 0f b6 c1 24 03 3c 03 75 09 48 83 e1 fc 48
0x00007ffb527f8d44:   89 0f eb 5d 4c 8b c9 48 8b 4b 10 e8 3c 19 ff ff
0x00007ffb527f8d54:   48 8b c8 48 89 07 eb 49 3c fd 75 35 41 8b 89 18
0x00007ffb527f8d64:   02 00 00 49 8b 81 10 02 00 00 48 d3 e0 8b 0d 39
0x00007ffb527f8d74:   47 93 00 4c 2b c0 49 8b 81 90 05 00 00 49 d3 e8
0x00007ffb527f8d84:   41 8b c8 80 7c 48 01 fd 75 17 c6 44 48 01 ff eb
0x00007ffb527f8d94:   10 3c fc 75 0c 48 8b 4b 10 48 8b d7 e8 ab f1 ff
0x00007ffb527f8da4:   ff 48 8b 4b 10 e8 72 f2 fe ff 48 8b 5c 24 30 48
0x00007ffb527f8db4:   83 c4 20 5f c3 cc cc cc cc cc cc cc 48 89 5c 24
0x00007ffb527f8dc4:   08 57 48 83 ec 20 8b 02 48 8b fa 48 8b d9 85 c0
0x00007ffb527f8dd4:   0f 84 c6 00 00 00 8b 0d 48 72 8c 00 44 8b d0 4c
0x00007ffb527f8de4:   8b 43 08 49 d3 e2 4c 03 15 2f 72 8c 00 49 8b c2
0x00007ffb527f8df4:   41 8b 88 b0 05 00 00 49 8b 90 a0 05 00 00 48 d3
0x00007ffb527f8e04:   e8 0f b7 14 42 0f b7 c2 66 c1 e8 08 84 c0 78 3a
0x00007ffb527f8e14:   4d 8b 02 41 0f b6 c0 24 03 3c 03 75 06 49 83 e0 


Stack slot to memory mapping:

stack at sp + 0 slots: 0x0000008af16fde40 points into unknown readable memory: 0x000001b40a5427f8 | f8 27 54 0a b4 01 00 00
stack at sp + 1 slots: 0x0000008af16fe080 points into unknown readable memory: 0x0000008af3cfd6f8 | f8 d6 cf f3 8a 00 00 00
stack at sp + 2 slots: 0x000001b40a480090 is pointing into metadata
stack at sp + 3 slots: 0x0 is null
stack at sp + 4 slots: 0x000001b452d5b968 points into unknown readable memory: 0x00007ffb52ec3d50 | 50 3d ec 52 fb 7f 00 00
stack at sp + 5 slots: 0x00007ffb527a758b jvm.dll
stack at sp + 6 slots: 0x0000000000000001 is an unknown value
stack at sp + 7 slots: {method} {0x000001b40a0b5da8} 'newInvokeSpecial' '(Ljava/lang/Object;)Ljava/lang/Object;' in 'java/lang/invoke/DirectMethodHandle$Holder'


---------------  P R O C E S S  ---------------

Threads class SMR info:
_java_thread_list=0x000001b452ab7430, length=32, elements={
0x000001b409da3aa0, 0x000001b409da5860, 0x000001b409da8650, 0x000001b409da90a0,
0x000001b409db1b00, 0x000001b409db27b0, 0x000001b409db3480, 0x000001b44f099990,
0x000001b44f19a830, 0x000001b44f1bea90, 0x000001b44f1c3860, 0x000001b44f9269e0,
0x000001b44faf5560, 0x000001b44fb1aec0, 0x000001b44fb3c9b0, 0x000001b44fdaabc0,
0x000001b44fde93b0, 0x000001b45005de60, 0x000001b4521417c0, 0x000001b452199c30,
0x000001b452196120, 0x000001b4521995a0, 0x000001b452198f10, 0x000001b4521967b0,
0x000001b452196e40, 0x000001b45005d7d0, 0x000001b45005eb80, 0x000001b450060c50,
0x000001b45005f210, 0x000001b45005f8a0, 0x000001b45005ff30, 0x000001b4521974d0
}

Java Threads: ( => current thread )
  0x000001b409da3aa0 JavaThread "Reference Handler"          daemon [_thread_blocked, id=20612, stack(0x0000008af1d00000,0x0000008af1e00000) (1024K)]
  0x000001b409da5860 JavaThread "Finalizer"                  daemon [_thread_blocked, id=18704, stack(0x0000008af1e00000,0x0000008af1f00000) (1024K)]
  0x000001b409da8650 JavaThread "Signal Dispatcher"          daemon [_thread_blocked, id=12268, stack(0x0000008af1f00000,0x0000008af2000000) (1024K)]
  0x000001b409da90a0 JavaThread "Attach Listener"            daemon [_thread_blocked, id=22160, stack(0x0000008af2000000,0x0000008af2100000) (1024K)]
  0x000001b409db1b00 JavaThread "Service Thread"             daemon [_thread_blocked, id=14804, stack(0x0000008af2100000,0x0000008af2200000) (1024K)]
  0x000001b409db27b0 JavaThread "Monitor Deflation Thread"   daemon [_thread_blocked, id=15276, stack(0x0000008af2200000,0x0000008af2300000) (1024K)]
  0x000001b409db3480 JavaThread "C1 CompilerThread0"         daemon [_thread_blocked, id=11648, stack(0x0000008af2300000,0x0000008af2400000) (1024K)]
  0x000001b44f099990 JavaThread "Common-Cleaner"             daemon [_thread_blocked, id=14120, stack(0x0000008af2400000,0x0000008af2500000) (1024K)]
  0x000001b44f19a830 JavaThread "JDWP Transport Listener: dt_socket" daemon [_thread_blocked, id=12180, stack(0x0000008af2800000,0x0000008af2900000) (1024K)]
  0x000001b44f1bea90 JavaThread "JDWP Event Helper Thread"   daemon [_thread_blocked, id=16092, stack(0x0000008af2900000,0x0000008af2a00000) (1024K)]
  0x000001b44f1c3860 JavaThread "JDWP Command Reader"        daemon [_thread_in_native, id=12424, stack(0x0000008af2a00000,0x0000008af2b00000) (1024K)]
  0x000001b44f9269e0 JavaThread "Notification Thread"        daemon [_thread_blocked, id=10136, stack(0x0000008af2b00000,0x0000008af2c00000) (1024K)]
  0x000001b44faf5560 JavaThread "RMI TCP Accept-0"           daemon [_thread_in_native, id=22300, stack(0x0000008af3400000,0x0000008af3500000) (1024K)]
  0x000001b44fb1aec0 JavaThread "RMI TCP Accept-49892"       daemon [_thread_in_native, id=22576, stack(0x0000008af3500000,0x0000008af3600000) (1024K)]
  0x000001b44fb3c9b0 JavaThread "RMI TCP Accept-0"           daemon [_thread_in_native, id=19788, stack(0x0000008af3600000,0x0000008af3700000) (1024K)]
  0x000001b44fdaabc0 JavaThread "RMI Scheduler(0)"           daemon [_thread_blocked, id=21752, stack(0x0000008af3800000,0x0000008af3900000) (1024K)]
  0x000001b44fde93b0 JavaThread "JMX server connection timeout 39" daemon [_thread_blocked, id=23412, stack(0x0000008af3a00000,0x0000008af3b00000) (1024K)]
  0x000001b45005de60 JavaThread "mysql-cj-abandoned-connection-cleanup" daemon [_thread_blocked, id=14944, stack(0x0000008af4300000,0x0000008af4400000) (1024K)]
  0x000001b4521417c0 JavaThread "Live Reload Server"         daemon [_thread_in_native, id=12976, stack(0x0000008af4800000,0x0000008af4900000) (1024K)]
  0x000001b452199c30 JavaThread "DestroyJavaVM"                     [_thread_blocked, id=17260, stack(0x0000008af1500000,0x0000008af1600000) (1024K)]
  0x000001b452196120 JavaThread "File Watcher"               daemon [_thread_blocked, id=15384, stack(0x0000008af1300000,0x0000008af1400000) (1024K)]
  0x000001b4521995a0 JavaThread "File Watcher"               daemon [_thread_blocked, id=10752, stack(0x0000008af2600000,0x0000008af2700000) (1024K)]
  0x000001b452198f10 JavaThread "File Watcher"               daemon [_thread_blocked, id=19132, stack(0x0000008af2700000,0x0000008af2800000) (1024K)]
  0x000001b4521967b0 JavaThread "File Watcher"               daemon [_thread_blocked, id=21844, stack(0x0000008af1200000,0x0000008af1300000) (1024K)]
  0x000001b452196e40 JavaThread "File Watcher"               daemon [_thread_blocked, id=17404, stack(0x0000008af1400000,0x0000008af1500000) (1024K)]
  0x000001b45005d7d0 JavaThread "Thread-126"                        [_thread_blocked, id=16644, stack(0x0000008af2500000,0x0000008af2600000) (1024K)]
  0x000001b45005eb80 JavaThread "restartedMain"                     [_thread_blocked, id=14240, stack(0x0000008af3c00000,0x0000008af3d00000) (1024K)]
  0x000001b450060c50 JavaThread "Catalina-utility-1"                [_thread_blocked, id=8452, stack(0x0000008af3900000,0x0000008af3a00000) (1024K)]
  0x000001b45005f210 JavaThread "Catalina-utility-2"                [_thread_blocked, id=13964, stack(0x0000008af3d00000,0x0000008af3e00000) (1024K)]
  0x000001b45005f8a0 JavaThread "container-5"                       [_thread_blocked, id=13744, stack(0x0000008af3e00000,0x0000008af3f00000) (1024K)]
  0x000001b45005ff30 JavaThread "HikariPool-34:housekeeper"  daemon [_thread_blocked, id=12440, stack(0x0000008af4500000,0x0000008af4600000) (1024K)]
  0x000001b4521974d0 JavaThread "RMI TCP Connection(idle)"   daemon [_thread_blocked, id=14396, stack(0x0000008af4600000,0x0000008af4700000) (1024K)]
Total: 32

Other Threads:
  0x000001b409d842d0 VMThread "VM Thread"                           [id=17328, stack(0x0000008af1c00000,0x0000008af1d00000) (1024K)]
  0x000001b409d72460 WatcherThread "VM Periodic Task Thread"        [id=17300, stack(0x0000008af1b00000,0x0000008af1c00000) (1024K)]
=>0x000001b4797428d0 WorkerThread "GC Thread#0"                     [id=2152, stack(0x0000008af1600000,0x0000008af1700000) (1024K)]
  0x000001b44fad9b40 WorkerThread "GC Thread#1"                     [id=8832, stack(0x0000008af2c00000,0x0000008af2d00000) (1024K)]
  0x000001b44fad9ee0 WorkerThread "GC Thread#2"                     [id=21348, stack(0x0000008af2d00000,0x0000008af2e00000) (1024K)]
  0x000001b44fada280 WorkerThread "GC Thread#3"                     [id=11964, stack(0x0000008af2e00000,0x0000008af2f00000) (1024K)]
  0x000001b44fada620 WorkerThread "GC Thread#4"                     [id=3156, stack(0x0000008af2f00000,0x0000008af3000000) (1024K)]
  0x000001b44fada9c0 WorkerThread "GC Thread#5"                     [id=3896, stack(0x0000008af3000000,0x0000008af3100000) (1024K)]
  0x000001b44fafa2c0 WorkerThread "GC Thread#6"                     [id=5616, stack(0x0000008af3100000,0x0000008af3200000) (1024K)]
  0x000001b44fb044e0 WorkerThread "GC Thread#7"                     [id=9860, stack(0x0000008af3200000,0x0000008af3300000) (1024K)]
  0x000001b44fb04880 WorkerThread "GC Thread#8"                     [id=3412, stack(0x0000008af3300000,0x0000008af3400000) (1024K)]
  0x000001b44ffb0150 WorkerThread "GC Thread#9"                     [id=14376, stack(0x0000008af3b00000,0x0000008af3c00000) (1024K)]
  0x000001b479753510 ConcurrentGCThread "G1 Main Marker"            [id=18428, stack(0x0000008af1700000,0x0000008af1800000) (1024K)]
  0x000001b4797568f0 WorkerThread "G1 Conc#0"                       [id=11004, stack(0x0000008af1800000,0x0000008af1900000) (1024K)]
  0x000001b44ffb04f0 WorkerThread "G1 Conc#1"                       [id=15216, stack(0x0000008af3f00000,0x0000008af4000000) (1024K)]
  0x000001b44ffaf2d0 WorkerThread "G1 Conc#2"                       [id=19040, stack(0x0000008af4000000,0x0000008af4100000) (1024K)]
  0x000001b409c48ea0 ConcurrentGCThread "G1 Refine#0"               [id=15316, stack(0x0000008af1900000,0x0000008af1a00000) (1024K)]
  0x000001b409c497c0 ConcurrentGCThread "G1 Service"                [id=21552, stack(0x0000008af1a00000,0x0000008af1b00000) (1024K)]
Total: 18

Threads with active compile tasks:
Total: 0

VM state: at safepoint (normal execution)

VM Mutex/Monitor currently owned by a thread:  ([mutex/lock_event])
[0x00007ffb53145458] Threads_lock - owner thread: 0x000001b409d842d0
[0x00007ffb53145558] Heap_lock - owner thread: 0x000001b452196120

Heap address: 0x0000000705c00000, size: 4004 MB, Compressed Oops mode: Zero based, Oop shift amount: 3

CDS archive(s) mapped at: [0x000001b40a000000-0x000001b40ac80000-0x000001b40ac80000), size 13107200, SharedBaseAddress: 0x000001b40a000000, ArchiveRelocationMode: 1.
Compressed class space mapped at: 0x000001b40b000000-0x000001b44b000000, reserved size: 1073741824
Narrow klass base: 0x000001b40a000000, Narrow klass shift: 0, Narrow klass range: 0x100000000

GC Precious Log:
 CardTable entry size: 512
 Card Set container configuration: InlinePtr #cards 4 size 8 Array Of Cards #cards 16 size 48 Howl #buckets 8 coarsen threshold 3686 Howl Bitmap #cards 512 size 80 coarsen threshold 460 Card regions per heap region 1 cards per card region 4096
 CPUs: 12 total, 12 available
 Memory: 16013M
 Large Page Support: Disabled
 NUMA Support: Disabled
 Compressed Oops: Enabled (Zero based)
 Heap Region Size: 2M
 Heap Min Capacity: 8M
 Heap Initial Capacity: 252M
 Heap Max Capacity: 4004M
 Pre-touch: Disabled
 Parallel Workers: 10
 Concurrent Workers: 3
 Concurrent Refinement Workers: 10
 Periodic GC: Disabled

Heap:
 garbage-first heap   total 88064K, used 70550K [0x0000000705c00000, 0x0000000800000000)
  region size 2048K, 21 young (43008K), 1 survivors (2048K)
 Metaspace       used 72775K, committed 73792K, reserved 1114112K
  class space    used 10078K, committed 10496K, reserved 1048576K

Heap Regions: E=young(eden), S=young(survivor), O=old, HS=humongous(starts), HC=humongous(continues), CS=collection set, F=free, TAMS=top-at-mark-start, PB=parsable bottom
|   0|0x0000000705c00000, 0x0000000705dffff0, 0x0000000705e00000| 99%| O|  |TAMS 0x0000000705c00000| PB 0x0000000705c00000| Untracked 
|   1|0x0000000705e00000, 0x0000000705ffffe0, 0x0000000706000000| 99%| O|  |TAMS 0x0000000705e00000| PB 0x0000000705e00000| Untracked 
|   2|0x0000000706000000, 0x0000000706200000, 0x0000000706200000|100%| O|  |TAMS 0x0000000706000000| PB 0x0000000706000000| Untracked 
|   3|0x0000000706200000, 0x00000007063ffff8, 0x0000000706400000| 99%| O|  |TAMS 0x0000000706200000| PB 0x0000000706200000| Untracked 
|   4|0x0000000706400000, 0x00000007065ffff0, 0x0000000706600000| 99%| O|  |TAMS 0x0000000706400000| PB 0x0000000706400000| Untracked 
|   5|0x0000000706600000, 0x00000007067ffff8, 0x0000000706800000| 99%| O|  |TAMS 0x0000000706600000| PB 0x0000000706600000| Untracked 
|   6|0x0000000706800000, 0x00000007069ffff0, 0x0000000706a00000| 99%| O|  |TAMS 0x0000000706800000| PB 0x0000000706800000| Untracked 
|   7|0x0000000706a00000, 0x0000000706bffff8, 0x0000000706c00000| 99%| O|  |TAMS 0x0000000706a00000| PB 0x0000000706a00000| Untracked 
|   8|0x0000000706c00000, 0x0000000706dfffb8, 0x0000000706e00000| 99%| O|  |TAMS 0x0000000706c00000| PB 0x0000000706c00000| Untracked 
|   9|0x0000000706e00000, 0x0000000706f93c90, 0x0000000707000000| 78%| O|  |TAMS 0x0000000706e00000| PB 0x0000000706e00000| Untracked 
|  10|0x0000000707000000, 0x0000000707063290, 0x0000000707200000| 19%| O|  |TAMS 0x0000000707000000| PB 0x0000000707000000| Untracked 
|  11|0x0000000707200000, 0x00000007073ffaa0, 0x0000000707400000| 99%| O|  |TAMS 0x0000000707200000| PB 0x0000000707200000| Untracked 
|  12|0x0000000707400000, 0x00000007074d04b0, 0x0000000707600000| 40%| O|  |TAMS 0x0000000707400000| PB 0x0000000707400000| Untracked 
|  13|0x0000000707600000, 0x0000000707800000, 0x0000000707800000|100%| O|  |TAMS 0x0000000707600000| PB 0x0000000707600000| Untracked 
|  14|0x0000000707800000, 0x0000000707a00000, 0x0000000707a00000|100%| O|  |TAMS 0x0000000707800000| PB 0x0000000707800000| Untracked 
|  15|0x0000000707a00000, 0x0000000707a908c0, 0x0000000707c00000| 28%| O|  |TAMS 0x0000000707a00000| PB 0x0000000707a00000| Untracked 
|  16|0x0000000707c00000, 0x0000000707d8e420, 0x0000000707e00000| 77%| E|CS|TAMS 0x0000000707c00000| PB 0x0000000707c00000| Complete 
|  17|0x0000000707e00000, 0x0000000708000000, 0x0000000708000000|100%| E|CS|TAMS 0x0000000707e00000| PB 0x0000000707e00000| Complete 
|  18|0x0000000708000000, 0x0000000708200000, 0x0000000708200000|100%| E|CS|TAMS 0x0000000708000000| PB 0x0000000708000000| Complete 
|  19|0x0000000708200000, 0x000000070835c740, 0x0000000708400000| 68%| O|  |TAMS 0x0000000708200000| PB 0x0000000708200000| Untracked 
|  20|0x0000000708400000, 0x0000000708400000, 0x0000000708600000|  0%| F|  |TAMS 0x0000000708400000| PB 0x0000000708400000| Untracked 
|  21|0x0000000708600000, 0x0000000708600000, 0x0000000708800000|  0%| F|  |TAMS 0x0000000708600000| PB 0x0000000708600000| Untracked 
|  22|0x0000000708800000, 0x00000007088b3b00, 0x0000000708a00000| 35%| S|  |TAMS 0x0000000708800000| PB 0x0000000708800000| Complete 
|  23|0x0000000708a00000, 0x0000000708c00000, 0x0000000708c00000|100%| E|CS|TAMS 0x0000000708a00000| PB 0x0000000708a00000| Complete 
|  24|0x0000000708c00000, 0x0000000708e00000, 0x0000000708e00000|100%| E|CS|TAMS 0x0000000708c00000| PB 0x0000000708c00000| Complete 
|  25|0x0000000708e00000, 0x0000000709000000, 0x0000000709000000|100%| E|CS|TAMS 0x0000000708e00000| PB 0x0000000708e00000| Complete 
|  26|0x0000000709000000, 0x0000000709200000, 0x0000000709200000|100%| E|CS|TAMS 0x0000000709000000| PB 0x0000000709000000| Complete 
|  27|0x0000000709200000, 0x0000000709400000, 0x0000000709400000|100%| E|CS|TAMS 0x0000000709200000| PB 0x0000000709200000| Complete 
|  28|0x0000000709400000, 0x0000000709600000, 0x0000000709600000|100%| E|CS|TAMS 0x0000000709400000| PB 0x0000000709400000| Complete 
|  29|0x0000000709600000, 0x0000000709800000, 0x0000000709800000|100%| E|CS|TAMS 0x0000000709600000| PB 0x0000000709600000| Complete 
|  30|0x0000000709800000, 0x0000000709a00000, 0x0000000709a00000|100%| E|CS|TAMS 0x0000000709800000| PB 0x0000000709800000| Complete 
|  31|0x0000000709a00000, 0x0000000709c00000, 0x0000000709c00000|100%| E|CS|TAMS 0x0000000709a00000| PB 0x0000000709a00000| Complete 
|  32|0x0000000709c00000, 0x0000000709e00000, 0x0000000709e00000|100%| E|CS|TAMS 0x0000000709c00000| PB 0x0000000709c00000| Complete 
|  33|0x0000000709e00000, 0x000000070a000000, 0x000000070a000000|100%| E|CS|TAMS 0x0000000709e00000| PB 0x0000000709e00000| Complete 
|  34|0x000000070a000000, 0x000000070a200000, 0x000000070a200000|100%| E|CS|TAMS 0x000000070a000000| PB 0x000000070a000000| Complete 
|  35|0x000000070a200000, 0x000000070a400000, 0x000000070a400000|100%| E|CS|TAMS 0x000000070a200000| PB 0x000000070a200000| Complete 
|  36|0x000000070a400000, 0x000000070a600000, 0x000000070a600000|100%| E|CS|TAMS 0x000000070a400000| PB 0x000000070a400000| Complete 
|  37|0x000000070a600000, 0x000000070a800000, 0x000000070a800000|100%| E|CS|TAMS 0x000000070a600000| PB 0x000000070a600000| Complete 
|  66|0x000000070e000000, 0x000000070e200000, 0x000000070e200000|100%| E|CS|TAMS 0x000000070e000000| PB 0x000000070e000000| Complete 
|  67|0x000000070e200000, 0x000000070e400000, 0x000000070e400000|100%| E|CS|TAMS 0x000000070e200000| PB 0x000000070e200000| Complete 
|  68|0x000000070e400000, 0x000000070e600000, 0x000000070e600000|100%| E|CS|TAMS 0x000000070e400000| PB 0x000000070e400000| Complete 
|  69|0x000000070e600000, 0x000000070e800000, 0x000000070e800000|100%| E|CS|TAMS 0x000000070e600000| PB 0x000000070e600000| Complete 
| 125|0x0000000715600000, 0x0000000715800000, 0x0000000715800000|100%| E|CS|TAMS 0x0000000715600000| PB 0x0000000715600000| Complete 

Card table byte_map: [0x000001b403000000,0x000001b4037e0000] _byte_map_base: 0x000001b3ff7d2000

Marking Bits: (CMBitMap*) 0x000001b479742ee0
 Bits: [0x000001b4037e0000, 0x000001b407670000)

Polling page: 0x000001b479450000

Metaspace:

Usage:
  Non-class:     61.23 MB used.
      Class:      9.84 MB used.
       Both:     71.07 MB used.

Virtual space:
  Non-class space:       64.00 MB reserved,      61.81 MB ( 97%) committed,  1 nodes.
      Class space:        1.00 GB reserved,      10.25 MB (  1%) committed,  1 nodes.
             Both:        1.06 GB reserved,      72.06 MB (  7%) committed. 

Chunk freelists:
   Non-Class:  1.68 MB
       Class:  5.74 MB
        Both:  7.42 MB

MaxMetaspaceSize: unlimited
CompressedClassSpaceSize: 1.00 GB
Initial GC threshold: 21.00 MB
Current GC threshold: 119.69 MB
CDS: on
 - commit_granule_bytes: 65536.
 - commit_granule_words: 8192.
 - virtual_space_node_default_size: 8388608.
 - enlarge_chunks_in_place: 1.
 - use_allocation_guard: 0.


Internal statistics:

num_allocs_failed_limit: 6.
num_arena_births: 1960.
num_arena_deaths: 828.
num_vsnodes_births: 2.
num_vsnodes_deaths: 0.
num_space_committed: 1161.
num_space_uncommitted: 7.
num_chunks_returned_to_freelist: 1195.
num_chunks_taken_from_freelist: 5271.
num_chunk_merges: 214.
num_chunk_splits: 3098.
num_chunks_enlarged: 2221.
num_inconsistent_stats: 0.

CodeCache: size=49152Kb used=21100Kb max_used=22610Kb free=28051Kb
 bounds [0x000001b400000000, 0x000001b401680000, 0x000001b403000000]
 total_blobs=10596, nmethods=9845, adapters=673, full_count=0
Compilation: enabled, stopped_count=0, restarted_count=0

Compilation events (20 events):
Event: 2040.794 Thread 0x000001b409db3480 13984       1       jdk.internal.reflect.ClassFileAssembler::append (30 bytes)
Event: 2040.794 Thread 0x000001b409db3480 nmethod 13984 0x000001b4013b0090 code [0x000001b4013b0260, 0x000001b4013b04e0]
Event: 2040.794 Thread 0x000001b409db3480 13985       1       jdk.internal.reflect.ClassFileAssembler::opc_invokespecial (26 bytes)
Event: 2040.795 Thread 0x000001b409db3480 nmethod 13985 0x000001b401382b90 code [0x000001b401382d60, 0x000001b401382ff8]
Event: 2040.795 Thread 0x000001b409db3480 13986       1       jdk.internal.reflect.ClassFileAssembler::emitInt (46 bytes)
Event: 2040.795 Thread 0x000001b409db3480 nmethod 13986 0x000001b401399590 code [0x000001b401399780, 0x000001b401399a80]
Event: 2040.796 Thread 0x000001b409db3480 13987       1       java.io.ObjectStreamField::getTypeCode (9 bytes)
Event: 2040.796 Thread 0x000001b409db3480 nmethod 13987 0x000001b4013d8090 code [0x000001b4013d8240, 0x000001b4013d8448]
Event: 2040.796 Thread 0x000001b409db3480 13988       1       java.io.ObjectStreamField::isPrimitive (23 bytes)
Event: 2040.796 Thread 0x000001b409db3480 nmethod 13988 0x000001b40153c310 code [0x000001b40153c4c0, 0x000001b40153c6f0]
Event: 2040.796 Thread 0x000001b409db3480 13989       1       java.io.ObjectStreamField::getName (5 bytes)
Event: 2040.796 Thread 0x000001b409db3480 nmethod 13989 0x000001b401261b10 code [0x000001b401261ca0, 0x000001b401261d70]
Event: 2041.622 Thread 0x000001b409db3480 13990       1       java.io.ObjectOutputStream$BlockDataOutputStream::setBlockDataMode (35 bytes)
Event: 2041.623 Thread 0x000001b409db3480 nmethod 13990 0x000001b401269310 code [0x000001b4012694c0, 0x000001b401269608]
Event: 2093.851 Thread 0x000001b409db3480 13991       1       org.apache.catalina.loader.WebappLoader::getContext (5 bytes)
Event: 2093.851 Thread 0x000001b409db3480 nmethod 13991 0x000001b40126a410 code [0x000001b40126a5a0, 0x000001b40126a670]
Event: 2093.851 Thread 0x000001b409db3480 13992       1       org.apache.catalina.core.StandardContext::getReloadable (5 bytes)
Event: 2093.851 Thread 0x000001b409db3480 nmethod 13992 0x000001b401281990 code [0x000001b401281b20, 0x000001b401281bf0]
Event: 2093.851 Thread 0x000001b409db3480 13993       1       org.apache.catalina.core.StandardWrapper::getServlet (5 bytes)
Event: 2093.851 Thread 0x000001b409db3480 nmethod 13993 0x000001b4012a8590 code [0x000001b4012a8720, 0x000001b4012a87f0]

GC Heap History (20 events):
Event: 1481.346 GC heap after
{Heap after GC invocations=73 (full 24):
 garbage-first heap   total 88064K, used 30383K [0x0000000705c00000, 0x0000000800000000)
  region size 2048K, 3 young (6144K), 3 survivors (6144K)
 Metaspace       used 68654K, committed 69504K, reserved 1114112K
  class space    used 9610K, committed 9984K, reserved 1048576K
}
Event: 1563.105 GC heap before
{Heap before GC invocations=73 (full 24):
 garbage-first heap   total 88064K, used 54959K [0x0000000705c00000, 0x0000000800000000)
  region size 2048K, 16 young (32768K), 3 survivors (6144K)
 Metaspace       used 68657K, committed 69568K, reserved 1114112K
  class space    used 9611K, committed 9984K, reserved 1048576K
}
Event: 1563.165 GC heap after
{Heap after GC invocations=74 (full 25):
 garbage-first heap   total 88064K, used 25877K [0x0000000705c00000, 0x0000000800000000)
  region size 2048K, 0 young (0K), 0 survivors (0K)
 Metaspace       used 68650K, committed 69568K, reserved 1114112K
  class space    used 9609K, committed 9984K, reserved 1048576K
}
Event: 1563.483 GC heap before
{Heap before GC invocations=74 (full 25):
 garbage-first heap   total 88064K, used 72981K [0x0000000705c00000, 0x0000000800000000)
  region size 2048K, 24 young (49152K), 0 survivors (0K)
 Metaspace       used 68888K, committed 69760K, reserved 1114112K
  class space    used 9629K, committed 9984K, reserved 1048576K
}
Event: 1563.486 GC heap after
{Heap after GC invocations=75 (full 25):
 garbage-first heap   total 88064K, used 30561K [0x0000000705c00000, 0x0000000800000000)
  region size 2048K, 3 young (6144K), 3 survivors (6144K)
 Metaspace       used 68888K, committed 69760K, reserved 1114112K
  class space    used 9629K, committed 9984K, reserved 1048576K
}
Event: 1600.111 GC heap before
{Heap before GC invocations=75 (full 25):
 garbage-first heap   total 88064K, used 48993K [0x0000000705c00000, 0x0000000800000000)
  region size 2048K, 13 young (26624K), 3 survivors (6144K)
 Metaspace       used 68916K, committed 69760K, reserved 1114112K
  class space    used 9632K, committed 9984K, reserved 1048576K
}
Event: 1600.153 GC heap after
{Heap after GC invocations=76 (full 26):
 garbage-first heap   total 88064K, used 26051K [0x0000000705c00000, 0x0000000800000000)
  region size 2048K, 0 young (0K), 0 survivors (0K)
 Metaspace       used 68904K, committed 69760K, reserved 1114112K
  class space    used 9629K, committed 9984K, reserved 1048576K
}
Event: 1600.456 GC heap before
{Heap before GC invocations=76 (full 26):
 garbage-first heap   total 88064K, used 73155K [0x0000000705c00000, 0x0000000800000000)
  region size 2048K, 24 young (49152K), 0 survivors (0K)
 Metaspace       used 69144K, committed 70016K, reserved 1114112K
  class space    used 9650K, committed 9984K, reserved 1048576K
}
Event: 1600.459 GC heap after
{Heap after GC invocations=77 (full 26):
 garbage-first heap   total 88064K, used 30729K [0x0000000705c00000, 0x0000000800000000)
  region size 2048K, 3 young (6144K), 3 survivors (6144K)
 Metaspace       used 69144K, committed 70016K, reserved 1114112K
  class space    used 9650K, committed 9984K, reserved 1048576K
}
Event: 1633.498 GC heap before
{Heap before GC invocations=77 (full 26):
 garbage-first heap   total 88064K, used 47113K [0x0000000705c00000, 0x0000000800000000)
  region size 2048K, 12 young (24576K), 3 survivors (6144K)
 Metaspace       used 69148K, committed 70016K, reserved 1114112K
  class space    used 9651K, committed 9984K, reserved 1048576K
}
Event: 1633.541 GC heap after
{Heap after GC invocations=78 (full 27):
 garbage-first heap   total 88064K, used 26236K [0x0000000705c00000, 0x0000000800000000)
  region size 2048K, 0 young (0K), 0 survivors (0K)
 Metaspace       used 69146K, committed 70016K, reserved 1114112K
  class space    used 9651K, committed 9984K, reserved 1048576K
}
Event: 1633.838 GC heap before
{Heap before GC invocations=78 (full 27):
 garbage-first heap   total 88064K, used 71292K [0x0000000705c00000, 0x0000000800000000)
  region size 2048K, 23 young (47104K), 0 survivors (0K)
 Metaspace       used 69372K, committed 70272K, reserved 1114112K
  class space    used 9668K, committed 10048K, reserved 1048576K
}
Event: 1633.841 GC heap after
{Heap after GC invocations=79 (full 27):
 garbage-first heap   total 88064K, used 30753K [0x0000000705c00000, 0x0000000800000000)
  region size 2048K, 3 young (6144K), 3 survivors (6144K)
 Metaspace       used 69372K, committed 70272K, reserved 1114112K
  class space    used 9668K, committed 10048K, reserved 1048576K
}
Event: 1717.444 GC heap before
{Heap before GC invocations=79 (full 27):
 garbage-first heap   total 88064K, used 69665K [0x0000000705c00000, 0x0000000800000000)
  region size 2048K, 22 young (45056K), 3 survivors (6144K)
 Metaspace       used 70722K, committed 71616K, reserved 1114112K
  class space    used 9826K, committed 10176K, reserved 1048576K
}
Event: 1717.454 GC heap after
{Heap after GC invocations=80 (full 27):
 garbage-first heap   total 88064K, used 31760K [0x0000000705c00000, 0x0000000800000000)
  region size 2048K, 1 young (2048K), 1 survivors (2048K)
 Metaspace       used 70722K, committed 71616K, reserved 1114112K
  class space    used 9826K, committed 10176K, reserved 1048576K
}
Event: 1823.051 GC heap before
{Heap before GC invocations=80 (full 27):
 garbage-first heap   total 88064K, used 62480K [0x0000000705c00000, 0x0000000800000000)
  region size 2048K, 18 young (36864K), 1 survivors (2048K)
 Metaspace       used 72603K, committed 73536K, reserved 1114112K
  class space    used 10050K, committed 10432K, reserved 1048576K
}
Event: 1823.109 GC heap after
{Heap after GC invocations=81 (full 28):
 garbage-first heap   total 88064K, used 23901K [0x0000000705c00000, 0x0000000800000000)
  region size 2048K, 0 young (0K), 0 survivors (0K)
 Metaspace       used 72481K, committed 73536K, reserved 1114112K
  class space    used 10021K, committed 10432K, reserved 1048576K
}
Event: 1831.277 GC heap before
{Heap before GC invocations=81 (full 28):
 garbage-first heap   total 88064K, used 71005K [0x0000000705c00000, 0x0000000800000000)
  region size 2048K, 24 young (49152K), 0 survivors (0K)
 Metaspace       used 72680K, committed 73600K, reserved 1114112K
  class space    used 10063K, committed 10432K, reserved 1048576K
}
Event: 1831.285 GC heap after
{Heap after GC invocations=82 (full 28):
 garbage-first heap   total 88064K, used 29590K [0x0000000705c00000, 0x0000000800000000)
  region size 2048K, 3 young (6144K), 3 survivors (6144K)
 Metaspace       used 72680K, committed 73600K, reserved 1114112K
  class space    used 10063K, committed 10432K, reserved 1048576K
}
Event: 2142.766 GC heap before
{Heap before GC invocations=82 (full 28):
 garbage-first heap   total 88064K, used 70550K [0x0000000705c00000, 0x0000000800000000)
  region size 2048K, 23 young (47104K), 3 survivors (6144K)
 Metaspace       used 72775K, committed 73792K, reserved 1114112K
  class space    used 10078K, committed 10496K, reserved 1048576K
}

Dll operation events (12 events):
Event: 0.009 Loaded shared library C:\Users\mtmkc\Downloads\spring-tools-for-eclipse-4.32.0.RELEASE-e4.37.0-win32.win32.x86_64\sts-4.32.0.RELEASE\plugins\org.eclipse.justj.openjdk.hotspot.jre.full.win32.x86_64_21.0.8.v20250724-1412\jre\bin\java.dll
Event: 0.033 Loaded shared library C:\Users\mtmkc\Downloads\spring-tools-for-eclipse-4.32.0.RELEASE-e4.37.0-win32.win32.x86_64\sts-4.32.0.RELEASE\plugins\org.eclipse.justj.openjdk.hotspot.jre.full.win32.x86_64_21.0.8.v20250724-1412\jre\bin\zip.dll
Event: 0.108 Loaded shared library C:\Users\mtmkc\Downloads\spring-tools-for-eclipse-4.32.0.RELEASE-e4.37.0-win32.win32.x86_64\sts-4.32.0.RELEASE\plugins\org.eclipse.justj.openjdk.hotspot.jre.full.win32.x86_64_21.0.8.v20250724-1412\jre\bin\instrument.dll
Event: 0.112 Loaded shared library C:\Users\mtmkc\Downloads\spring-tools-for-eclipse-4.32.0.RELEASE-e4.37.0-win32.win32.x86_64\sts-4.32.0.RELEASE\plugins\org.eclipse.justj.openjdk.hotspot.jre.full.win32.x86_64_21.0.8.v20250724-1412\jre\bin\net.dll
Event: 0.113 Loaded shared library C:\Users\mtmkc\Downloads\spring-tools-for-eclipse-4.32.0.RELEASE-e4.37.0-win32.win32.x86_64\sts-4.32.0.RELEASE\plugins\org.eclipse.justj.openjdk.hotspot.jre.full.win32.x86_64_21.0.8.v20250724-1412\jre\bin\nio.dll
Event: 0.115 Loaded shared library C:\Users\mtmkc\Downloads\spring-tools-for-eclipse-4.32.0.RELEASE-e4.37.0-win32.win32.x86_64\sts-4.32.0.RELEASE\plugins\org.eclipse.justj.openjdk.hotspot.jre.full.win32.x86_64_21.0.8.v20250724-1412\jre\bin\zip.dll
Event: 0.205 Loaded shared library C:\Users\mtmkc\Downloads\spring-tools-for-eclipse-4.32.0.RELEASE-e4.37.0-win32.win32.x86_64\sts-4.32.0.RELEASE\plugins\org.eclipse.justj.openjdk.hotspot.jre.full.win32.x86_64_21.0.8.v20250724-1412\jre\bin\jimage.dll
Event: 0.235 Loaded shared library C:\Users\mtmkc\Downloads\spring-tools-for-eclipse-4.32.0.RELEASE-e4.37.0-win32.win32.x86_64\sts-4.32.0.RELEASE\plugins\org.eclipse.justj.openjdk.hotspot.jre.full.win32.x86_64_21.0.8.v20250724-1412\jre\bin\management.dll
Event: 0.242 Loaded shared library C:\Users\mtmkc\Downloads\spring-tools-for-eclipse-4.32.0.RELEASE-e4.37.0-win32.win32.x86_64\sts-4.32.0.RELEASE\plugins\org.eclipse.justj.openjdk.hotspot.jre.full.win32.x86_64_21.0.8.v20250724-1412\jre\bin\management_ext.dll
Event: 0.376 Loaded shared library C:\Users\mtmkc\Downloads\spring-tools-for-eclipse-4.32.0.RELEASE-e4.37.0-win32.win32.x86_64\sts-4.32.0.RELEASE\plugins\org.eclipse.justj.openjdk.hotspot.jre.full.win32.x86_64_21.0.8.v20250724-1412\jre\bin\extnet.dll
Event: 0.393 Loaded shared library C:\Users\mtmkc\Downloads\spring-tools-for-eclipse-4.32.0.RELEASE-e4.37.0-win32.win32.x86_64\sts-4.32.0.RELEASE\plugins\org.eclipse.justj.openjdk.hotspot.jre.full.win32.x86_64_21.0.8.v20250724-1412\jre\bin\verify.dll
Event: 1.073 Loaded shared library C:\Users\mtmkc\Downloads\spring-tools-for-eclipse-4.32.0.RELEASE-e4.37.0-win32.win32.x86_64\sts-4.32.0.RELEASE\plugins\org.eclipse.justj.openjdk.hotspot.jre.full.win32.x86_64_21.0.8.v20250724-1412\jre\bin\sunmscapi.dll

Deoptimization events (20 events):
Event: 2041.726 Thread 0x000001b45219afe0 DEOPT PACKING pc=0x000001b400771604 sp=0x0000008af47febb0
Event: 2041.726 Thread 0x000001b45219afe0 DEOPT UNPACKING pc=0x000001b400054e42 sp=0x0000008af47fe138 mode 1
Event: 2041.728 Thread 0x000001b4521974d0 DEOPT PACKING pc=0x000001b400637dac sp=0x0000008af46fe4e0
Event: 2041.728 Thread 0x000001b4521974d0 DEOPT UNPACKING pc=0x000001b400054e42 sp=0x0000008af46fd9e0 mode 1
Event: 2041.728 Thread 0x000001b4521974d0 DEOPT PACKING pc=0x000001b400ee24a4 sp=0x0000008af46fe590
Event: 2041.728 Thread 0x000001b4521974d0 DEOPT UNPACKING pc=0x000001b400054e42 sp=0x0000008af46fda80 mode 1
Event: 2041.728 Thread 0x000001b4521974d0 DEOPT PACKING pc=0x000001b4011f4f04 sp=0x0000008af46fe630
Event: 2041.728 Thread 0x000001b4521974d0 DEOPT UNPACKING pc=0x000001b400054e42 sp=0x0000008af46fdb68 mode 1
Event: 2041.728 Thread 0x000001b4521974d0 DEOPT PACKING pc=0x000001b4011f3eec sp=0x0000008af46fe710
Event: 2041.728 Thread 0x000001b4521974d0 DEOPT UNPACKING pc=0x000001b400054e42 sp=0x0000008af46fdb20 mode 1
Event: 2041.728 Thread 0x000001b4521974d0 DEOPT PACKING pc=0x000001b4011f142c sp=0x0000008af46fe820
Event: 2041.728 Thread 0x000001b4521974d0 DEOPT UNPACKING pc=0x000001b400054e42 sp=0x0000008af46fddd8 mode 1
Event: 2041.728 Thread 0x000001b4521974d0 DEOPT PACKING pc=0x000001b4012ed394 sp=0x0000008af46fe9d0
Event: 2041.728 Thread 0x000001b4521974d0 DEOPT UNPACKING pc=0x000001b400054e42 sp=0x0000008af46fde30 mode 1
Event: 2041.728 Thread 0x000001b4521974d0 DEOPT PACKING pc=0x000001b4007019cc sp=0x0000008af46feb10
Event: 2041.728 Thread 0x000001b4521974d0 DEOPT UNPACKING pc=0x000001b400054e42 sp=0x0000008af46fdfe8 mode 1
Event: 2041.728 Thread 0x000001b4521974d0 DEOPT PACKING pc=0x000001b400920474 sp=0x0000008af46feba0
Event: 2041.728 Thread 0x000001b4521974d0 DEOPT UNPACKING pc=0x000001b400054e42 sp=0x0000008af46fe118 mode 1
Event: 2041.728 Thread 0x000001b4521974d0 DEOPT PACKING pc=0x000001b400771604 sp=0x0000008af46fed40
Event: 2041.728 Thread 0x000001b4521974d0 DEOPT UNPACKING pc=0x000001b400054e42 sp=0x0000008af46fe2c8 mode 1

Classes loaded (20 events):
Event: 1717.598 Loading class java/util/stream/ReduceOps$6ReducingSink
Event: 1717.598 Loading class java/util/stream/ReduceOps$6ReducingSink done
Event: 1717.598 Loading class java/util/stream/ReferencePipeline$4$1
Event: 1717.598 Loading class java/util/stream/ReferencePipeline$4$1 done
Event: 1717.598 Loading class java/util/OptionalInt
Event: 1717.598 Loading class java/util/OptionalInt done
Event: 1717.607 Loading class java/io/PrintWriter$1
Event: 1717.608 Loading class jdk/internal/access/JavaIOPrintWriterAccess
Event: 1717.608 Loading class jdk/internal/access/JavaIOPrintWriterAccess done
Event: 1717.608 Loading class java/io/PrintWriter$1 done
Event: 1717.608 Loading class java/lang/Throwable$WrappedPrintWriter
Event: 1717.608 Loading class java/lang/Throwable$WrappedPrintWriter done
Event: 1717.633 Loading class java/util/OptionalLong
Event: 1717.633 Loading class java/util/OptionalLong done
Event: 1717.633 Loading class java/util/OptionalDouble
Event: 1717.634 Loading class java/util/OptionalDouble done
Event: 1717.728 Loading class java/util/stream/LongStream
Event: 1717.729 Loading class java/util/stream/LongStream done
Event: 1717.729 Loading class java/util/stream/DoubleStream
Event: 1717.729 Loading class java/util/stream/DoubleStream done

Classes unloaded (20 events):
Event: 1823.061 Thread 0x000001b409d842d0 Unloading class 0x000001b40b7fa400 'java/lang/invoke/LambdaForm$MH+0x000001b40b7fa400'
Event: 1823.061 Thread 0x000001b409d842d0 Unloading class 0x000001b40b7fa000 'java/lang/invoke/LambdaForm$MH+0x000001b40b7fa000'
Event: 1823.061 Thread 0x000001b409d842d0 Unloading class 0x000001b40b768000 'java/lang/invoke/LambdaForm$MH+0x000001b40b768000'
Event: 1823.061 Thread 0x000001b409d842d0 Unloading class 0x000001b40b77b400 'java/lang/invoke/LambdaForm$MH+0x000001b40b77b400'
Event: 1823.061 Thread 0x000001b409d842d0 Unloading class 0x000001b40b780800 'java/lang/invoke/LambdaForm$MH+0x000001b40b780800'
Event: 1823.061 Thread 0x000001b409d842d0 Unloading class 0x000001b40b7d5400 'jdk/internal/reflect/GeneratedSerializationConstructorAccessor19'
Event: 1823.061 Thread 0x000001b409d842d0 Unloading class 0x000001b40b41d000 'java/lang/invoke/LambdaForm$MH+0x000001b40b41d000'
Event: 1823.061 Thread 0x000001b409d842d0 Unloading class 0x000001b40b41c000 'java/lang/invoke/LambdaForm$DMH+0x000001b40b41c000'
Event: 1823.061 Thread 0x000001b409d842d0 Unloading class 0x000001b40b3f4800 'java/lang/invoke/LambdaForm$MH+0x000001b40b3f4800'
Event: 1823.061 Thread 0x000001b409d842d0 Unloading class 0x000001b40b3a8800 'java/lang/invoke/LambdaForm$MH+0x000001b40b3a8800'
Event: 1823.061 Thread 0x000001b409d842d0 Unloading class 0x000001b40b11b000 'jdk/internal/reflect/GeneratedSerializationConstructorAccessor10'
Event: 1823.061 Thread 0x000001b409d842d0 Unloading class 0x000001b40b11a000 'jdk/internal/reflect/GeneratedSerializationConstructorAccessor8'
Event: 1823.061 Thread 0x000001b409d842d0 Unloading class 0x000001b40b112400 'jdk/internal/reflect/GeneratedSerializationConstructorAccessor7'
Event: 1823.061 Thread 0x000001b409d842d0 Unloading class 0x000001b40b111400 'jdk/internal/reflect/GeneratedSerializationConstructorAccessor6'
Event: 1823.061 Thread 0x000001b409d842d0 Unloading class 0x000001b40b110c00 'jdk/internal/reflect/GeneratedSerializationConstructorAccessor5'
Event: 1823.061 Thread 0x000001b409d842d0 Unloading class 0x000001b40b110800 'jdk/internal/reflect/GeneratedSerializationConstructorAccessor4'
Event: 1823.061 Thread 0x000001b409d842d0 Unloading class 0x000001b40b0c4000 'java/lang/invoke/LambdaForm$MH+0x000001b40b0c4000'
Event: 1823.061 Thread 0x000001b409d842d0 Unloading class 0x000001b40b0c3000 'jdk/internal/reflect/GeneratedSerializationConstructorAccessor3'
Event: 1823.061 Thread 0x000001b409d842d0 Unloading class 0x000001b40b0c2c00 'jdk/internal/reflect/GeneratedSerializationConstructorAccessor2'
Event: 1823.061 Thread 0x000001b409d842d0 Unloading class 0x000001b40b0c2800 'jdk/internal/reflect/GeneratedSerializationConstructorAccessor1'

Classes redefined (1 events):
Event: 512.645 Thread 0x000001b409d842d0 redefined class name=com.example.demo.Repository.EmployeeRepo, count=1

Internal exceptions (20 events):
Event: 1823.044 Thread 0x000001b45005eb80 Exception <a 'java/io/IOException'{0x00000007091045c0}> (0x00000007091045c0) 
thrown [s\src\hotspot\share\prims\jni.cpp, line 520]
Event: 1823.044 Thread 0x000001b45005eb80 Exception <a 'java/io/IOException'{0x0000000709107a28}> (0x0000000709107a28) 
thrown [s\src\hotspot\share\prims\jni.cpp, line 520]
Event: 1823.045 Thread 0x000001b45005eb80 Exception <a 'java/io/IOException'{0x000000070910d1c0}> (0x000000070910d1c0) 
thrown [s\src\hotspot\share\prims\jni.cpp, line 520]
Event: 1823.047 Thread 0x000001b45005eb80 Exception <a 'java/io/IOException'{0x00000007091103c8}> (0x00000007091103c8) 
thrown [s\src\hotspot\share\prims\jni.cpp, line 520]
Event: 1823.051 Thread 0x000001b450060c50 Exception <a 'java/lang/InterruptedException'{0x000000070912e440}: sleep interrupted> (0x000000070912e440) 
thrown [s\src\hotspot\share\prims\jvm.cpp, line 3074]
Event: 1823.138 Thread 0x000001b45005eb80 Exception <a 'sun/nio/fs/WindowsException'{0x00000007156ba370}> (0x00000007156ba370) 
thrown [s\src\hotspot\share\prims\jni.cpp, line 520]
Event: 1823.317 Thread 0x000001b45005eb80 Exception <a 'java/lang/NoClassDefFoundError'{0x00000007098ddf48}: org/flywaydb/core/Flyway> (0x00000007098ddf48) 
thrown [s\src\hotspot\share\oops\constantPool.cpp, line 873]
Event: 1823.575 Thread 0x000001b45005eb80 Exception <a 'java/lang/NoClassDefFoundError'{0x00000007098de5a8}: liquibase/integration/spring/SpringLiquibase> (0x00000007098de5a8) 
thrown [s\src\hotspot\share\oops\constantPool.cpp, line 873]
Event: 1823.576 Thread 0x000001b45005eb80 Exception <a 'java/lang/NoClassDefFoundError'{0x0000000709912c08}: org/jooq/DSLContext> (0x0000000709912c08) 
thrown [s\src\hotspot\share\oops\constantPool.cpp, line 873]
Event: 1823.578 Thread 0x000001b45005eb80 Exception <a 'java/lang/NoClassDefFoundError'{0x0000000709968180}: org/springframework/batch/core/repository/JobRepository> (0x0000000709968180) 
thrown [s\src\hotspot\share\oops\constantPool.cpp, line 873]
Event: 1823.578 Thread 0x000001b45005eb80 Exception <a 'java/lang/NoClassDefFoundError'{0x00000007099687d8}: org/quartz/Scheduler> (0x00000007099687d8) 
thrown [s\src\hotspot\share\oops\constantPool.cpp, line 873]
Event: 1823.579 Thread 0x000001b45005eb80 Exception <a 'java/lang/NoClassDefFoundError'{0x0000000709968e58}: org/springframework/session/jdbc/JdbcIndexedSessionRepository> (0x0000000709968e58) 
thrown [s\src\hotspot\share\oops\constantPool.cpp, line 873]
Event: 1823.584 Thread 0x000001b45005eb80 Exception <a 'java/lang/NoSuchMethodError'{0x00000007099f8788}: 'void java.lang.invoke.DelegatingMethodHandle$Holder.reinvoke_L(java.lang.Object, java.lang.Object, int)'> (0x00000007099f8788) 
thrown [s\src\hotspot\share\interpreter\linkResolver.cpp, line 773]
Event: 1823.617 Thread 0x000001b45005eb80 Exception <a 'java/lang/NoSuchMethodError'{0x00000007093b85a0}: 'int java.lang.invoke.DirectMethodHandle$Holder.invokeVirtual(java.lang.Object, java.lang.Object, java.lang.Object, java.lang.Object)'> (0x00000007093b85a0) 
thrown [s\src\hotspot\share\interpreter\linkResolver.cpp, line 773]
Event: 1823.617 Thread 0x000001b45005eb80 Exception <a 'java/lang/NoSuchMethodError'{0x00000007093bbb98}: 'int java.lang.invoke.DelegatingMethodHandle$Holder.reinvoke_L(java.lang.Object, java.lang.Object, java.lang.Object, java.lang.Object)'> (0x00000007093bbb98) 
thrown [s\src\hotspot\share\interpreter\linkResolver.cpp, line 773]
Event: 1823.620 Thread 0x000001b45005eb80 Exception <a 'java/io/FileNotFoundException'{0x00000007093fe930}> (0x00000007093fe930) 
thrown [s\src\hotspot\share\prims\jni.cpp, line 520]
Event: 1823.633 Thread 0x000001b45005eb80 Exception <a 'java/io/FileNotFoundException'{0x00000007091b6918}> (0x00000007091b6918) 
thrown [s\src\hotspot\share\prims\jni.cpp, line 520]
Event: 1934.973 Thread 0x000001b45213f6f0 Exception <a 'java/lang/NoSuchMethodError'{0x000000070a4ed190}: static [B.<clinit>()V> (0x000000070a4ed190) 
thrown [s\src\hotspot\share\prims\jni.cpp, line 1111]
Event: 2040.795 Thread 0x000001b45219afe0 Exception <a 'java/lang/NoSuchMethodError'{0x00000007096fec88}: static [Ljava/lang/StackTraceElement;.<clinit>()V> (0x00000007096fec88) 
thrown [s\src\hotspot\share\prims\jni.cpp, line 1111]
Event: 2040.795 Thread 0x000001b4521974d0 Exception <a 'java/lang/NoSuchMethodError'{0x0000000709708c78}: static [Ljava/lang/StackTraceElement;.<clinit>()V> (0x0000000709708c78) 
thrown [s\src\hotspot\share\prims\jni.cpp, line 1111]

ZGC Phase Switch (0 events):
No events

VM Operations (20 events):
Event: 2025.561 Executing VM operation: get/set locals done
Event: 2025.564 Executing VM operation: get/set locals
Event: 2025.564 Executing VM operation: get/set locals done
Event: 2025.565 Executing VM operation: get/set locals
Event: 2025.565 Executing VM operation: get/set locals done
Event: 2025.605 Executing VM operation: get/set locals
Event: 2025.605 Executing VM operation: get/set locals done
Event: 2025.605 Executing VM operation: get/set locals
Event: 2025.605 Executing VM operation: get/set locals done
Event: 2025.605 Executing VM operation: get/set locals
Event: 2025.605 Executing VM operation: get/set locals done
Event: 2025.635 Executing VM operation: get/set locals
Event: 2025.635 Executing VM operation: get/set locals done
Event: 2041.772 Executing VM operation: Cleanup
Event: 2041.773 Executing VM operation: Cleanup done
Event: 2044.361 Executing VM operation: HandshakeAllThreads (HandshakeForDeflation)
Event: 2044.361 Executing VM operation: HandshakeAllThreads (HandshakeForDeflation) done
Event: 2044.361 Executing VM operation: RendezvousGCThreads
Event: 2044.361 Executing VM operation: RendezvousGCThreads done
Event: 2142.766 Executing VM operation: G1CollectForAllocation (G1 Evacuation Pause)

Memory protections (0 events):
No events

Nmethod flushes (20 events):
Event: 1823.076 Thread 0x000001b409d842d0 flushing  nmethod 0x000001b400e4a210
Event: 1823.076 Thread 0x000001b409d842d0 flushing  nmethod 0x000001b400fb0810
Event: 1823.076 Thread 0x000001b409d842d0 flushing  nmethod 0x000001b40103ec90
Event: 1823.076 Thread 0x000001b409d842d0 flushing  nmethod 0x000001b401082610
Event: 1823.076 Thread 0x000001b409d842d0 flushing  nmethod 0x000001b4010e8890
Event: 1823.076 Thread 0x000001b409d842d0 flushing  nmethod 0x000001b40124c410
Event: 1823.076 Thread 0x000001b409d842d0 flushing  nmethod 0x000001b40124c790
Event: 1823.076 Thread 0x000001b409d842d0 flushing  nmethod 0x000001b401268690
Event: 1823.076 Thread 0x000001b409d842d0 flushing  nmethod 0x000001b401269310
Event: 1823.076 Thread 0x000001b409d842d0 flushing  nmethod 0x000001b40127be10
Event: 1823.076 Thread 0x000001b409d842d0 flushing  nmethod 0x000001b40127dd90
Event: 1823.076 Thread 0x000001b409d842d0 flushing  nmethod 0x000001b4012a5390
Event: 1823.076 Thread 0x000001b409d842d0 flushing  nmethod 0x000001b4012b0790
Event: 1823.076 Thread 0x000001b409d842d0 flushing  nmethod 0x000001b4013b0090
Event: 1823.076 Thread 0x000001b409d842d0 flushing  nmethod 0x000001b4013b1190
Event: 1823.076 Thread 0x000001b409d842d0 flushing  nmethod 0x000001b4013b9390
Event: 1823.076 Thread 0x000001b409d842d0 flushing  nmethod 0x000001b4013ba410
Event: 1823.076 Thread 0x000001b409d842d0 flushing  nmethod 0x000001b4013c7810
Event: 1823.076 Thread 0x000001b409d842d0 flushing  nmethod 0x000001b4013c7e10
Event: 1823.076 Thread 0x000001b409d842d0 flushing  nmethod 0x000001b401543210

Events (20 events):
Event: 1823.633 Thread 0x000001b45005eb80 Thread added: 0x000001b45005f8a0
Event: 1823.659 Thread 0x000001b409db3480 Thread added: 0x000001b44faf61a0
Event: 1823.659 Thread 0x000001b409db3480 Thread added: 0x000001b44f34e5b0
Event: 1823.664 Thread 0x000001b45005eb80 Thread added: 0x000001b45005ff30
Event: 1823.768 Thread 0x000001b45005ff30 Thread added: 0x000001b452197b60
Event: 1828.830 Thread 0x000001b44f34e5b0 Thread exited: 0x000001b44f34e5b0
Event: 1828.830 Thread 0x000001b44faf61a0 Thread exited: 0x000001b44faf61a0
Event: 1829.223 Thread 0x000001b452197b60 Thread exited: 0x000001b452197b60
Event: 2040.779 Thread 0x000001b44fb1aec0 Thread added: 0x000001b4521981f0
Event: 2040.782 Thread 0x000001b44faf5560 Thread added: 0x000001b452198880
Event: 2040.785 Thread 0x000001b44faf5560 Thread added: 0x000001b4521974d0
Event: 2040.786 Thread 0x000001b44faf5560 Thread added: 0x000001b45219afe0
Event: 2040.787 Thread 0x000001b45219afe0 Thread added: 0x000001b452197b60
Event: 2040.787 Thread 0x000001b4521974d0 Thread added: 0x000001b45219bd00
Event: 2041.831 Thread 0x000001b452197b60 Thread exited: 0x000001b452197b60
Event: 2041.831 Thread 0x000001b45219bd00 Thread exited: 0x000001b45219bd00
Event: 2115.797 Thread 0x000001b452198880 Thread exited: 0x000001b452198880
Event: 2115.797 Thread 0x000001b45213f6f0 Thread exited: 0x000001b45213f6f0
Event: 2130.793 Thread 0x000001b4521981f0 Thread exited: 0x000001b4521981f0
Event: 2130.793 Thread 0x000001b45219afe0 Thread exited: 0x000001b45219afe0


Dynamic libraries:
0x00007ff64b700000 - 0x00007ff64b70e000 	C:\Users\mtmkc\Downloads\spring-tools-for-eclipse-4.32.0.RELEASE-e4.37.0-win32.win32.x86_64\sts-4.32.0.RELEASE\plugins\org.eclipse.justj.openjdk.hotspot.jre.full.win32.x86_64_21.0.8.v20250724-1412\jre\bin\javaw.exe
0x00007ffbe0ca0000 - 0x00007ffbe0f08000 	C:\Windows\SYSTEM32\ntdll.dll
0x00007ffbdf790000 - 0x00007ffbdf859000 	C:\Windows\System32\KERNEL32.DLL
0x00007ffbde100000 - 0x00007ffbde4f2000 	C:\Windows\System32\KERNELBASE.dll
0x00007ffbde700000 - 0x00007ffbde84b000 	C:\Windows\System32\ucrtbase.dll
0x00007ffbd4720000 - 0x00007ffbd4738000 	C:\Users\mtmkc\Downloads\spring-tools-for-eclipse-4.32.0.RELEASE-e4.37.0-win32.win32.x86_64\sts-4.32.0.RELEASE\plugins\org.eclipse.justj.openjdk.hotspot.jre.full.win32.x86_64_21.0.8.v20250724-1412\jre\bin\jli.dll
0x00007ffbc9420000 - 0x00007ffbc943e000 	C:\Users\mtmkc\Downloads\spring-tools-for-eclipse-4.32.0.RELEASE-e4.37.0-win32.win32.x86_64\sts-4.32.0.RELEASE\plugins\org.eclipse.justj.openjdk.hotspot.jre.full.win32.x86_64_21.0.8.v20250724-1412\jre\bin\VCRUNTIME140.dll
0x00007ffbdf5c0000 - 0x00007ffbdf785000 	C:\Windows\System32\USER32.dll
0x00007ffbdea40000 - 0x00007ffbdea67000 	C:\Windows\System32\win32u.dll
0x00007ffbdf590000 - 0x00007ffbdf5bb000 	C:\Windows\System32\GDI32.dll
0x00007ffbde910000 - 0x00007ffbdea3d000 	C:\Windows\System32\gdi32full.dll
0x00007ffbbf300000 - 0x00007ffbbf593000 	C:\Windows\WinSxS\amd64_microsoft.windows.common-controls_6595b64144ccf1df_6.0.26100.6725_none_3e085828e334708b\COMCTL32.dll
0x00007ffbde050000 - 0x00007ffbde0f3000 	C:\Windows\System32\msvcp_win.dll
0x00007ffbdea90000 - 0x00007ffbdeb39000 	C:\Windows\System32\msvcrt.dll
0x00007ffbdfc00000 - 0x00007ffbdfc2f000 	C:\Windows\System32\IMM32.DLL
0x00007ffbc5660000 - 0x00007ffbc566c000 	C:\Users\mtmkc\Downloads\spring-tools-for-eclipse-4.32.0.RELEASE-e4.37.0-win32.win32.x86_64\sts-4.32.0.RELEASE\plugins\org.eclipse.justj.openjdk.hotspot.jre.full.win32.x86_64_21.0.8.v20250724-1412\jre\bin\vcruntime140_1.dll
0x00007ffb74d60000 - 0x00007ffb74ded000 	C:\Users\mtmkc\Downloads\spring-tools-for-eclipse-4.32.0.RELEASE-e4.37.0-win32.win32.x86_64\sts-4.32.0.RELEASE\plugins\org.eclipse.justj.openjdk.hotspot.jre.full.win32.x86_64_21.0.8.v20250724-1412\jre\bin\msvcp140.dll
0x00007ffb52490000 - 0x00007ffb53227000 	C:\Users\mtmkc\Downloads\spring-tools-for-eclipse-4.32.0.RELEASE-e4.37.0-win32.win32.x86_64\sts-4.32.0.RELEASE\plugins\org.eclipse.justj.openjdk.hotspot.jre.full.win32.x86_64_21.0.8.v20250724-1412\jre\bin\server\jvm.dll
0x00007ffbdf0d0000 - 0x00007ffbdf184000 	C:\Windows\System32\ADVAPI32.dll
0x00007ffbe0a30000 - 0x00007ffbe0ad6000 	C:\Windows\System32\sechost.dll
0x00007ffbdf280000 - 0x00007ffbdf398000 	C:\Windows\System32\RPCRT4.dll
0x00007ffbdff90000 - 0x00007ffbe0004000 	C:\Windows\System32\WS2_32.dll
0x00007ffbc7780000 - 0x00007ffbc77b5000 	C:\Windows\SYSTEM32\WINMM.dll
0x00007ffbdd620000 - 0x00007ffbdd67e000 	C:\Windows\SYSTEM32\POWRPROF.dll
0x00007ffbd1c60000 - 0x00007ffbd1c6b000 	C:\Windows\SYSTEM32\VERSION.dll
0x00007ffbdd600000 - 0x00007ffbdd614000 	C:\Windows\SYSTEM32\UMPDC.dll
0x00007ffbdcc00000 - 0x00007ffbdcc1b000 	C:\Windows\SYSTEM32\kernel.appcore.dll
0x00007ffbd8ae0000 - 0x00007ffbd8aea000 	C:\Users\mtmkc\Downloads\spring-tools-for-eclipse-4.32.0.RELEASE-e4.37.0-win32.win32.x86_64\sts-4.32.0.RELEASE\plugins\org.eclipse.justj.openjdk.hotspot.jre.full.win32.x86_64_21.0.8.v20250724-1412\jre\bin\jimage.dll
0x00007ffbdb4a0000 - 0x00007ffbdb6e2000 	C:\Windows\SYSTEM32\DBGHELP.DLL
0x00007ffbdf880000 - 0x00007ffbdfbfb000 	C:\Windows\System32\combase.dll
0x00007ffbdf1a0000 - 0x00007ffbdf277000 	C:\Windows\System32\OLEAUT32.dll
0x00007ffbc2210000 - 0x00007ffbc224c000 	C:\Windows\SYSTEM32\dbgcore.DLL
0x00007ffbddfb0000 - 0x00007ffbde048000 	C:\Windows\System32\bcryptPrimitives.dll
0x00007ffb9e950000 - 0x00007ffb9e98c000 	C:\Users\mtmkc\Downloads\spring-tools-for-eclipse-4.32.0.RELEASE-e4.37.0-win32.win32.x86_64\sts-4.32.0.RELEASE\plugins\org.eclipse.justj.openjdk.hotspot.jre.full.win32.x86_64_21.0.8.v20250724-1412\jre\bin\jdwp.dll
0x00007ffbd8ad0000 - 0x00007ffbd8adf000 	C:\Users\mtmkc\Downloads\spring-tools-for-eclipse-4.32.0.RELEASE-e4.37.0-win32.win32.x86_64\sts-4.32.0.RELEASE\plugins\org.eclipse.justj.openjdk.hotspot.jre.full.win32.x86_64_21.0.8.v20250724-1412\jre\bin\instrument.dll
0x00007ffbd8a10000 - 0x00007ffbd8a2f000 	C:\Users\mtmkc\Downloads\spring-tools-for-eclipse-4.32.0.RELEASE-e4.37.0-win32.win32.x86_64\sts-4.32.0.RELEASE\plugins\org.eclipse.justj.openjdk.hotspot.jre.full.win32.x86_64_21.0.8.v20250724-1412\jre\bin\java.dll
0x00007ffbe01f0000 - 0x00007ffbe093c000 	C:\Windows\System32\SHELL32.dll
0x00007ffbde500000 - 0x00007ffbde66b000 	C:\Windows\System32\wintypes.dll
0x00007ffbdba80000 - 0x00007ffbdc2dd000 	C:\Windows\SYSTEM32\windows.storage.dll
0x00007ffbdefd0000 - 0x00007ffbdf0c2000 	C:\Windows\System32\SHCORE.dll
0x00007ffbe0bf0000 - 0x00007ffbe0c52000 	C:\Windows\System32\shlwapi.dll
0x00007ffbddd50000 - 0x00007ffbddd79000 	C:\Windows\SYSTEM32\profapi.dll
0x00007ffbd2cf0000 - 0x00007ffbd2d08000 	C:\Users\mtmkc\Downloads\spring-tools-for-eclipse-4.32.0.RELEASE-e4.37.0-win32.win32.x86_64\sts-4.32.0.RELEASE\plugins\org.eclipse.justj.openjdk.hotspot.jre.full.win32.x86_64_21.0.8.v20250724-1412\jre\bin\zip.dll
0x00007ffbc53d0000 - 0x00007ffbc53db000 	C:\Users\mtmkc\Downloads\spring-tools-for-eclipse-4.32.0.RELEASE-e4.37.0-win32.win32.x86_64\sts-4.32.0.RELEASE\plugins\org.eclipse.justj.openjdk.hotspot.jre.full.win32.x86_64_21.0.8.v20250724-1412\jre\bin\dt_socket.dll
0x00007ffbdc750000 - 0x00007ffbdc784000 	C:\Windows\SYSTEM32\IPHLPAPI.DLL
0x00007ffbdd170000 - 0x00007ffbdd1db000 	C:\Windows\system32\mswsock.dll
0x00007ffbdc790000 - 0x00007ffbdc8b6000 	C:\Windows\SYSTEM32\DNSAPI.dll
0x00007ffbdea80000 - 0x00007ffbdea8a000 	C:\Windows\System32\NSI.dll
0x00007ffbd3870000 - 0x00007ffbd387b000 	C:\Windows\System32\rasadhlp.dll
0x00007ffbd4c90000 - 0x00007ffbd4d16000 	C:\Windows\System32\fwpuclnt.dll
0x00007ffbd89e0000 - 0x00007ffbd89f0000 	C:\Users\mtmkc\Downloads\spring-tools-for-eclipse-4.32.0.RELEASE-e4.37.0-win32.win32.x86_64\sts-4.32.0.RELEASE\plugins\org.eclipse.justj.openjdk.hotspot.jre.full.win32.x86_64_21.0.8.v20250724-1412\jre\bin\net.dll
0x00007ffbd3500000 - 0x00007ffbd361f000 	C:\Windows\SYSTEM32\WINHTTP.dll
0x00007ffbd2cd0000 - 0x00007ffbd2ce6000 	C:\Users\mtmkc\Downloads\spring-tools-for-eclipse-4.32.0.RELEASE-e4.37.0-win32.win32.x86_64\sts-4.32.0.RELEASE\plugins\org.eclipse.justj.openjdk.hotspot.jre.full.win32.x86_64_21.0.8.v20250724-1412\jre\bin\nio.dll
0x00007ffbc53c0000 - 0x00007ffbc53ca000 	C:\Users\mtmkc\Downloads\spring-tools-for-eclipse-4.32.0.RELEASE-e4.37.0-win32.win32.x86_64\sts-4.32.0.RELEASE\plugins\org.eclipse.justj.openjdk.hotspot.jre.full.win32.x86_64_21.0.8.v20250724-1412\jre\bin\management.dll
0x00007ffbc4c20000 - 0x00007ffbc4c2b000 	C:\Users\mtmkc\Downloads\spring-tools-for-eclipse-4.32.0.RELEASE-e4.37.0-win32.win32.x86_64\sts-4.32.0.RELEASE\plugins\org.eclipse.justj.openjdk.hotspot.jre.full.win32.x86_64_21.0.8.v20250724-1412\jre\bin\management_ext.dll
0x00007ffbdf190000 - 0x00007ffbdf198000 	C:\Windows\System32\PSAPI.DLL
0x00007ffbd0d40000 - 0x00007ffbd0d58000 	C:\Windows\system32\napinsp.dll
0x00007ffbd0d20000 - 0x00007ffbd0d32000 	C:\Windows\System32\winrnr.dll
0x00007ffbd0cf0000 - 0x00007ffbd0d18000 	C:\Windows\system32\nlansp_c.dll
0x00007ffbd2780000 - 0x00007ffbd2796000 	C:\Windows\system32\wshbth.dll
0x00007ffbdd4a0000 - 0x00007ffbdd4bb000 	C:\Windows\SYSTEM32\CRYPTSP.dll
0x00007ffbdcb60000 - 0x00007ffbdcb9b000 	C:\Windows\system32\rsaenh.dll
0x00007ffbdd210000 - 0x00007ffbdd23b000 	C:\Windows\SYSTEM32\USERENV.dll
0x00007ffbddd20000 - 0x00007ffbddd46000 	C:\Windows\SYSTEM32\bcrypt.dll
0x00007ffbdd490000 - 0x00007ffbdd49c000 	C:\Windows\SYSTEM32\CRYPTBASE.dll
0x00007ffbd2dd0000 - 0x00007ffbd2dd9000 	C:\Users\mtmkc\Downloads\spring-tools-for-eclipse-4.32.0.RELEASE-e4.37.0-win32.win32.x86_64\sts-4.32.0.RELEASE\plugins\org.eclipse.justj.openjdk.hotspot.jre.full.win32.x86_64_21.0.8.v20250724-1412\jre\bin\extnet.dll
0x00007ffbd4880000 - 0x00007ffbd4890000 	C:\Users\mtmkc\Downloads\spring-tools-for-eclipse-4.32.0.RELEASE-e4.37.0-win32.win32.x86_64\sts-4.32.0.RELEASE\plugins\org.eclipse.justj.openjdk.hotspot.jre.full.win32.x86_64_21.0.8.v20250724-1412\jre\bin\verify.dll
0x00007ffbd4710000 - 0x00007ffbd471e000 	C:\Users\mtmkc\Downloads\spring-tools-for-eclipse-4.32.0.RELEASE-e4.37.0-win32.win32.x86_64\sts-4.32.0.RELEASE\plugins\org.eclipse.justj.openjdk.hotspot.jre.full.win32.x86_64_21.0.8.v20250724-1412\jre\bin\sunmscapi.dll
0x00007ffbdde30000 - 0x00007ffbddfa7000 	C:\Windows\System32\CRYPT32.dll
0x00007ffbdd6e0000 - 0x00007ffbdd710000 	C:\Windows\SYSTEM32\ncrypt.dll
0x00007ffbdd690000 - 0x00007ffbdd6cf000 	C:\Windows\SYSTEM32\NTASN1.dll
0x00007ffbafb60000 - 0x00007ffbafb68000 	C:\Windows\system32\wshunix.dll

JVMTI agents:
jdwp path:C:\Users\mtmkc\Downloads\spring-tools-for-eclipse-4.32.0.RELEASE-e4.37.0-win32.win32.x86_64\sts-4.32.0.RELEASE\plugins\org.eclipse.justj.openjdk.hotspot.jre.full.win32.x86_64_21.0.8.v20250724-1412\jre\bin\jdwp.dll, loaded, initialized, options:transport=dt_socket,suspend=y,address=localhost:49893
C:\Users\mtmkc\Downloads\spring-tools-for-eclipse-4.32.0.RELEASE-e4.37.0-win32.win32.x86_64\sts-4.32.0.RELEASE\configuration\org.eclipse.osgi\272\0\.cp\lib\javaagent-shaded.jar path:C:\Users\mtmkc\Downloads\spring-tools-for-eclipse-4.32.0.RELEASE-e4.37.0-win32.win32.x86_64\sts-4.32.0.RELEASE\plugins\org.eclipse.justj.openjdk.hotspot.jre.full.win32.x86_64_21.0.8.v20250724-1412\jre\bin\instrument.dll, loaded, initialized, instrumentlib options:none

dbghelp: loaded successfully - version: 4.0.5 - missing functions: none
symbol engine: initialized successfully - sym options: 0x614 - pdb path: .;C:\Users\mtmkc\Downloads\spring-tools-for-eclipse-4.32.0.RELEASE-e4.37.0-win32.win32.x86_64\sts-4.32.0.RELEASE\plugins\org.eclipse.justj.openjdk.hotspot.jre.full.win32.x86_64_21.0.8.v20250724-1412\jre\bin;C:\Windows\SYSTEM32;C:\Windows\WinSxS\amd64_microsoft.windows.common-controls_6595b64144ccf1df_6.0.26100.6725_none_3e085828e334708b;C:\Users\mtmkc\Downloads\spring-tools-for-eclipse-4.32.0.RELEASE-e4.37.0-win32.win32.x86_64\sts-4.32.0.RELEASE\plugins\org.eclipse.justj.openjdk.hotspot.jre.full.win32.x86_64_21.0.8.v20250724-1412\jre\bin\server

VM Arguments:
jvm_args: -XX:+ShowCodeDetailsInExceptionMessages -agentlib:jdwp=transport=dt_socket,suspend=y,address=localhost:49893 -Dcom.sun.management.jmxremote -Dcom.sun.management.jmxremote.port=49892 -Dcom.sun.management.jmxremote.authenticate=false -Dcom.sun.management.jmxremote.ssl=false -Djava.rmi.server.hostname=localhost -Dspring.jmx.enabled=true -Dmanagement.endpoints.jmx.exposure.include=* -Dspring.application.admin.enabled=true -Dspring.output.ansi.enabled=always -XX:TieredStopAtLevel=1 -Dspring.boot.project.name=OneToMany_DTO -javaagent:C:\Users\mtmkc\Downloads\spring-tools-for-eclipse-4.32.0.RELEASE-e4.37.0-win32.win32.x86_64\sts-4.32.0.RELEASE\configuration\org.eclipse.osgi\272\0\.cp\lib\javaagent-shaded.jar -Dfile.encoding=UTF-8 -Dstdout.encoding=UTF-8 -Dstderr.encoding=UTF-8 
java_command: com.example.demo.OneToManyDtoApplication
java_class_path (initial): D:\Workspace\Git\Java-basics\java-Course\Springboot\OneToMany_DTO\target\classes;C:\Users\mtmkc\.m2\repository\org\springframework\boot\spring-boot-starter-data-jpa\3.5.6\spring-boot-starter-data-jpa-3.5.6.jar;C:\Users\mtmkc\.m2\repository\org\springframework\boot\spring-boot-starter\3.5.6\spring-boot-starter-3.5.6.jar;C:\Users\mtmkc\.m2\repository\org\springframework\boot\spring-boot-starter-logging\3.5.6\spring-boot-starter-logging-3.5.6.jar;C:\Users\mtmkc\.m2\repository\ch\qos\logback\logback-classic\1.5.18\logback-classic-1.5.18.jar;C:\Users\mtmkc\.m2\repository\ch\qos\logback\logback-core\1.5.18\logback-core-1.5.18.jar;C:\Users\mtmkc\.m2\repository\org\apache\logging\log4j\log4j-to-slf4j\2.24.3\log4j-to-slf4j-2.24.3.jar;C:\Users\mtmkc\.m2\repository\org\apache\logging\log4j\log4j-api\2.24.3\log4j-api-2.24.3.jar;C:\Users\mtmkc\.m2\repository\org\slf4j\jul-to-slf4j\2.0.17\jul-to-slf4j-2.0.17.jar;C:\Users\mtmkc\.m2\repository\jakarta\annotation\jakarta.annotation-api\2.1.1\jakarta.annotation-api-2.1.1.jar;C:\Users\mtmkc\.m2\repository\org\yaml\snakeyaml\2.4\snakeyaml-2.4.jar;C:\Users\mtmkc\.m2\repository\org\springframework\boot\spring-boot-starter-jdbc\3.5.6\spring-boot-starter-jdbc-3.5.6.jar;C:\Users\mtmkc\.m2\repository\com\zaxxer\HikariCP\6.3.3\HikariCP-6.3.3.jar;C:\Users\mtmkc\.m2\repository\org\springframework\spring-jdbc\6.2.11\spring-jdbc-6.2.11.jar;C:\Users\mtmkc\.m2\repository\org\hibernate\orm\hibernate-core\6.6.29.Final\hibernate-core-6.6.29.Final.jar;C:\Users\mtmkc\.m2\repository\jakarta\persistence\jakarta.persistence-api\3.1.0\jakarta.persistence-api-3.1.0.jar;C:\Users\mtmkc\.m2\repository\jakarta\transaction\jakarta.transaction-api\2.0.1\jakarta.transaction-api-2.0.1.jar;C:\Users\mtmkc\.m2\repository\org\jboss\logging\jboss-logging\3.6.1.Final\jboss-logging-3.6.1.Final.jar;C:\Users\mtmkc\.m2\repository\org\hibernate\common\hibernate-commons-annotations\7.0.3.Final\hibernate-commons-annotations-7.0.3.Final.jar;C:\Users\mtmkc\.m2\repository\io\smallrye\jandex\3.2.0\jandex-3.2.0.jar;C:\Users\mtmkc\.m2\repository\com\fasterxml\classmate\1.7.0\classmate-1.7.0.jar;C:\Users\mtmkc\.m2\repository\net\bytebuddy\byte-buddy\1.17.7\byte-buddy-1.17.7.jar;C:\Users\mtmkc\.m2\repository\org\glassfish\jaxb\jaxb-runtime\4.0.5\jaxb-runtime-4.0.5.jar;C:\Users\mtmkc\.m2\repository\org\glassfish\jaxb\jaxb-core\4.0.5\jaxb-core-4.0.5.jar;C:\Users\mtmkc\.m2\repository\org\eclipse\angus\angus-activation\2.0.2\angus-activation-2.0.2.jar;C:\Users\mtmkc\.m2\repository\org\glassfish\jaxb\txw2\4.0.5\txw2-4.0.5.jar;C:\Users\mtmkc\.m2\repository\com\sun\istack\istack-commons-runtime\4.1.2\istack-commons-runtime-4.1.2.jar;C:\Users\mtmkc\.m2\repository\jakarta\inject\jakarta.inject-api\2.0.1\jakarta.inject-api-2.0.1.jar;C:\Users\mtmkc\.m2\repository\org\antlr\antlr4-runtime\4.13.0\antlr4-runtime-4.13.0.jar;C:\Users\mtmkc\.m2\repository\org\springframework\data\spring-data-jpa\3.5.4\spring-data-jpa-3.5.4.jar;C:\Users\mtmkc\.m2\repository\org\springframework\data\spring-data-commons\3.5.4\spring-data-commons-3.5.4.jar;C:\Users\mtmkc\.m2\repository\org\springframework\spring-orm\6.2.11\spring-orm-6.2.11.jar;C:\Users\mtmkc\.m2\repository\org\springframework\spring-context\6.2.11\spring-context-6.2.11.jar;C:\Users\mtmkc\.m2\repository\org\springframework\spring-aop\6.2.11\spring-aop-6.2.11.jar;C:\Users\mtmkc\.m2\repository\org\springframework\spring-tx\6.2.11\spring-tx-6.2.11.jar;C:\Users\mtmkc\.m2\repository\org\springframework\spring-beans\6.2.11\spring-beans-6.2.11.jar;C:\Users\mtmkc\.m2\repository\org\slf4j\slf4j-api\2.0.17\slf4j-api-2.0.17.jar;C:\Users\mtmkc\.m2\repository\org\springframework\spring-aspects\6.2.11\spring-aspects-6.2.11.jar;C:\Users\mtmkc\.m2\repository\org\aspectj\aspectjweaver\1.9.24\aspectjweaver-1.9.24.jar;C:\Users\mtmkc\.m2\repository\org\springframework\boot\spring-boot-starter-web\3.5.6\spring-boot-starter-web-3.5.6.jar;C:\Users\mtmkc\.m2\repository\org\springframework\boot\spring-boot-starter-json\3.5.6\spring-boot-starter-json-3.5.6.jar;C:\Users\mtmkc\.m2\repository\com\fasterxml\jackson\core\jackson-databind\2.19.2\jackson-databind-2.19.2.jar;C:\Users\mtmkc\.m2\repository\com\fasterxml\jackson\core\jackson-annotations\2.19.2\jackson-annotations-2.19.2.jar;C:\Users\mtmkc\.m2\repository\com\fasterxml\jackson\core\jackson-core\2.19.2\jackson-core-2.19.2.jar;C:\Users\mtmkc\.m2\repository\com\fasterxml\jackson\datatype\jackson-datatype-jdk8\2.19.2\jackson-datatype-jdk8-2.19.2.jar;C:\Users\mtmkc\.m2\repository\com\fasterxml\jackson\datatype\jackson-datatype-jsr310\2.19.2\jackson-datatype-jsr310-2.19.2.jar;C:\Users\mtmkc\.m2\repository\com\fasterxml\jackson\module\jackson-module-parameter-names\2.19.2\jackson-module-parameter-names-2.19.2.jar;C:\Users\mtmkc\.m2\repository\org\springframework\boot\spring-boot-starter-tomcat\3.5.6\spring-boot-starter-tomcat-3.5.6.jar;C:\Users\mtmkc\.m2\repository\org\apache\tomcat\embed\tomcat-embed-core\10.1.46\tomcat-embed-core-10.1.46.jar;C:\Users\mtmkc\.m2\repository\org\apache\tomcat\embed\tomcat-embed-el\10.1.46\tomcat-embed-el-10.1.46.jar;C:\Users\mtmkc\.m2\repository\org\apache\tomcat\embed\tomcat-embed-websocket\10.1.46\tomcat-embed-websocket-10.1.46.jar;C:\Users\mtmkc\.m2\repository\org\springframework\spring-web\6.2.11\spring-web-6.2.11.jar;C:\Users\mtmkc\.m2\repository\io\micrometer\micrometer-observation\1.15.4\micrometer-observation-1.15.4.jar;C:\Users\mtmkc\.m2\repository\io\micrometer\micrometer-commons\1.15.4\micrometer-commons-1.15.4.jar;C:\Users\mtmkc\.m2\repository\org\springframework\spring-webmvc\6.2.11\spring-webmvc-6.2.11.jar;C:\Users\mtmkc\.m2\repository\org\springframework\spring-expression\6.2.11\spring-expression-6.2.11.jar;C:\Users\mtmkc\.m2\repository\org\springframework\boot\spring-boot-devtools\3.5.6\spring-boot-devtools-3.5.6.jar;C:\Users\mtmkc\.m2\repository\org\springframework\boot\spring-boot\3.5.6\spring-boot-3.5.6.jar;C:\Users\mtmkc\.m2\repository\org\springframework\boot\spring-boot-autoconfigure\3.5.6\spring-boot-autoconfigure-3.5.6.jar;C:\Users\mtmkc\.m2\repository\com\mysql\mysql-connector-j\9.4.0\mysql-connector-j-9.4.0.jar;C:\Users\mtmkc\.m2\repository\org\projectlombok\lombok\1.18.40\lombok-1.18.40.jar;C:\Users\mtmkc\.m2\repository\jakarta\xml\bind\jakarta.xml.bind-api\4.0.2\jakarta.xml.bind-api-4.0.2.jar;C:\Users\mtmkc\.m2\repository\jakarta\activation\jakarta.activation-api\2.1.4\jakarta.activation-api-2.1.4.jar;C:\Users\mtmkc\.m2\repository\org\springframework\spring-core\6.2.11\spring-core-6.2.11.jar;C:\Users\mtmkc\.m2\repository\org\springframework\spring-jcl\6.2.11\spring-jcl-6.2.11.jar
Launcher Type: SUN_STANDARD

[Global flags]
     intx CICompilerCount                          = 4                                         {product} {ergonomic}
     uint ConcGCThreads                            = 3                                         {product} {ergonomic}
     uint G1ConcRefinementThreads                  = 10                                        {product} {ergonomic}
   size_t G1HeapRegionSize                         = 2097152                                   {product} {ergonomic}
    uintx GCDrainStackTargetSize                   = 64                                        {product} {ergonomic}
   size_t InitialHeapSize                          = 264241152                                 {product} {ergonomic}
     bool ManagementServer                         = true                                      {product} {command line}
   size_t MarkStackSize                            = 4194304                                   {product} {ergonomic}
   size_t MaxHeapSize                              = 4198498304                                {product} {ergonomic}
   size_t MaxNewSize                               = 2518679552                                {product} {ergonomic}
   size_t MinHeapDeltaBytes                        = 2097152                                   {product} {ergonomic}
   size_t MinHeapSize                              = 8388608                                   {product} {ergonomic}
    uintx NonNMethodCodeHeapSize                   = 4096                                   {pd product} {ergonomic}
    uintx NonProfiledCodeHeapSize                  = 0                                      {pd product} {ergonomic}
     bool ProfileInterpreter                       = false                                  {pd product} {command line}
    uintx ProfiledCodeHeapSize                     = 0                                      {pd product} {ergonomic}
     bool ShowCodeDetailsInExceptionMessages       = true                                   {manageable} {command line}
   size_t SoftMaxHeapSize                          = 4198498304                             {manageable} {ergonomic}
     intx TieredStopAtLevel                        = 1                                         {product} {command line}
     bool UseCompressedOops                        = true                           {product lp64_product} {ergonomic}
     bool UseG1GC                                  = true                                      {product} {ergonomic}
     bool UseLargePagesIndividualAllocation        = false                                  {pd product} {ergonomic}

Logging:
Log output configuration:
 #0: stdout all=warning uptime,level,tags foldmultilines=false
 #1: stderr all=off uptime,level,tags foldmultilines=false

Environment Variables:
PATH=C:\Users\mtmkc\Downloads\spring-tools-for-eclipse-4.32.0.RELEASE-e4.37.0-win32.win32.x86_64\sts-4.32.0.RELEASE\plugins\org.eclipse.justj.openjdk.hotspot.jre.full.win32.x86_64_21.0.8.v20250724-1412\jre\bin;C:/Users/mtmkc/Downloads/spring-tools-for-eclipse-4.32.0.RELEASE-e4.37.0-win32.win32.x86_64/sts-4.32.0.RELEASE//plugins/org.eclipse.justj.openjdk.hotspot.jre.full.win32.x86_64_21.0.8.v20250724-1412/jre/bin/server;C:/Users/mtmkc/Downloads/spring-tools-for-eclipse-4.32.0.RELEASE-e4.37.0-win32.win32.x86_64/sts-4.32.0.RELEASE//plugins/org.eclipse.justj.openjdk.hotspot.jre.full.win32.x86_64_21.0.8.v20250724-1412/jre/bin;C:\Python313\Scripts\;C:\Python313\;C:\Program Files\Common Files\Oracle\Java\javapath;C:\windows\system32;C:\windows;C:\windows\System32\Wbem;C:\windows\System32\WindowsPowerShell\v1.0\;C:\windows\System32\OpenSSH\;C:\Program Files (x86)\NVIDIA Corporation\PhysX\Common;C:\Program Files\NVIDIA Corporation\NVIDIA App\NvDLISR;C:\Users\Administrator\AppData\Local\Microsoft\WindowsApps;C:\Program Files\HP\OMEN-Broadcast\Common;C:\Windows\system32;C:\Windows;C:\Windows\System32\Wbem;C:\Windows\System32\WindowsPowerShell\v1.0\;C:\Windows\System32\OpenSSH\;C:\Program Files\HP\HP One Agent;D:\nodejs\;C:\ProgramData\chocolatey\bin;D:\Git\cmd;D:\mongosh-2.5.8-win32-x64\bin;C:\Program Files\MySQL\MySQL Shell 8.0\bin\;C:\Users\mtmkc\AppData\Local\Microsoft\WindowsApps;D:\Microsoft VS Code\bin;C:\Users\mtmkc\AppData\Roaming\npm;C:\Users\mtmkc\AppData\Local\GitHubDesktop\bin;C:\Users\mtmkc\Downloads\spring-tools-for-eclipse-4.32.0.RELEASE-e4.37.0-win32.win32.x86_64\sts-4.32.0.RELEASE;
USERNAME=mtmkc
OS=Windows_NT
PROCESSOR_IDENTIFIER=Intel64 Family 6 Model 186 Stepping 2, GenuineIntel
TMP=C:\Users\mtmkc\AppData\Local\Temp
TEMP=C:\Users\mtmkc\AppData\Local\Temp




Periodic native trim disabled

---------------  S Y S T E M  ---------------

OS:
 Windows 11 , 64 bit Build 26100 (10.0.26100.6725)
OS uptime: 2 days 22:03 hours
Hyper-V role detected

CPU: total 12 (initial active 12) (6 cores per cpu, 2 threads per core) family 6 model 186 stepping 2 microcode 0x5102, cx8, cmov, fxsr, ht, mmx, 3dnowpref, sse, sse2, sse3, ssse3, sse4.1, sse4.2, popcnt, lzcnt, tsc, tscinvbit, avx, avx2, aes, erms, clmul, bmi1, bmi2, adx, sha, fma, vzeroupper, clflush, clflushopt, clwb, hv, serialize, rdtscp, rdpid, fsrm, f16c, cet_ibt, cet_ss
Processor Information for processor 0
  Max Mhz: 2100, Current Mhz: 2100, Mhz Limit: 2100
Processor Information for processor 1
  Max Mhz: 2100, Current Mhz: 2100, Mhz Limit: 2100
Processor Information for processor 2
  Max Mhz: 2100, Current Mhz: 2100, Mhz Limit: 2100
Processor Information for processor 3
  Max Mhz: 2100, Current Mhz: 2100, Mhz Limit: 2100
Processor Information for processor 4
  Max Mhz: 2100, Current Mhz: 2100, Mhz Limit: 2100
Processor Information for processor 5
  Max Mhz: 2100, Current Mhz: 2100, Mhz Limit: 2100
Processor Information for processor 6
  Max Mhz: 2100, Current Mhz: 2100, Mhz Limit: 2100
Processor Information for processor 7
  Max Mhz: 2100, Current Mhz: 2100, Mhz Limit: 2100
Processor Information for processor 8
  Max Mhz: 2100, Current Mhz: 1540, Mhz Limit: 2100
Processor Information for processor 9
  Max Mhz: 2100, Current Mhz: 2100, Mhz Limit: 2100
Processor Information for processor 10
  Max Mhz: 2100, Current Mhz: 2100, Mhz Limit: 2100
Processor Information for processor 11
  Max Mhz: 2100, Current Mhz: 1540, Mhz Limit: 2100

Memory: 4k page, system-wide physical 16013M (6180M free)
TotalPageFile size 18957M (AvailPageFile size 5804M)
current process WorkingSet (physical memory assigned to process): 274M, peak: 283M
current process commit charge ("private bytes"): 315M, peak: 376M

vm_info: OpenJDK 64-Bit Server VM (21.0.8+9-LTS) for windows-amd64 JRE (21.0.8+9-LTS), built on 2025-07-15T00:00:00Z by "admin" with MS VC++ 17.7 (VS2022)

END.
