#
# A fatal error has been detected by the Java Runtime Environment:
#
#  EXCEPTION_ACCESS_VIOLATION (0xc0000005) at pc=0x00007ffe5df8c556, pid=11656, tid=9184
#
# JRE version: OpenJDK Runtime Environment Temurin-21.0.8+9 (21.0.8+9) (build 21.0.8+9-LTS)
# Java VM: OpenJDK 64-Bit Server VM Temurin-21.0.8+9 (21.0.8+9-LTS, mixed mode, emulated-client, sharing, tiered, compressed oops, compressed class ptrs, g1 gc, windows-amd64)
# Problematic frame:
# V  [jvm.dll+0xc556]
#
# No core dump will be written. Minidumps are not enabled by default on client versions of Windows
#
# If you would like to submit a bug report, please visit:
#   https://github.com/adoptium/adoptium-support/issues
#

---------------  S U M M A R Y ------------

Command Line: -XX:+ShowCodeDetailsInExceptionMessages -agentlib:jdwp=transport=dt_socket,suspend=y,address=localhost:57358 -Dcom.sun.management.jmxremote -Dcom.sun.management.jmxremote.port=57357 -Dcom.sun.management.jmxremote.authenticate=false -Dcom.sun.management.jmxremote.ssl=false -Djava.rmi.server.hostname=localhost -Dspring.jmx.enabled=true -Dmanagement.endpoints.jmx.exposure.include=* -Dspring.application.admin.enabled=true -Dspring.output.ansi.enabled=always -XX:TieredStopAtLevel=1 -Dspring.boot.project.name=Relationship_Association -javaagent:C:\Users\mtmkc\Downloads\spring-tools-for-eclipse-4.32.0.RELEASE-e4.37.0-win32.win32.x86_64\sts-4.32.0.RELEASE\configuration\org.eclipse.osgi\272\0\.cp\lib\javaagent-shaded.jar -Dfile.encoding=UTF-8 -Dstdout.encoding=UTF-8 -Dstderr.encoding=UTF-8 association.RelationshipAssociationApplication

Host: 13th Gen Intel(R) Core(TM) i5-13420H, 12 cores, 15G,  Windows 11 , 64 bit Build 26100 (10.0.26100.6725)
Time: Tue Oct  7 08:05:02 2025 India Standard Time elapsed time: 1980.752402 seconds (0d 0h 33m 0s)

---------------  T H R E A D  ---------------

Current thread (0x0000017d9785e410):  WorkerThread "GC Thread#9"    [id=9184, stack(0x0000000304e00000,0x0000000304f00000) (1024K)]

Stack: [0x0000000304e00000,0x0000000304f00000],  sp=0x0000000304efe3e8,  free space=1016k
Native frames: (J=compiled Java code, j=interpreted, Vv=VM code, C=native code)
V  [jvm.dll+0xc556]

JavaThread 0x0000017d99886420 (nid = 17232) was being processed
Java frames: (J=compiled Java code, j=interpreted, Vv=VM code)
j  java.lang.invoke.DirectMethodHandle$Holder.newInvokeSpecial(Ljava/lang/Object;)Ljava/lang/Object;+15 java.base@21.0.8
J 927 c1 jdk.internal.reflect.DirectConstructorHandleAccessor.newInstance([Ljava/lang/Object;)Ljava/lang/Object; java.base@21.0.8 (130 bytes) @ 0x0000017d46baa66c [0x0000017d46baa460+0x000000000000020c]
J 897 c1 java.lang.reflect.Constructor.newInstanceWithCaller([Ljava/lang/Object;ZLjava/lang/Class;)Ljava/lang/Object; java.base@21.0.8 (51 bytes) @ 0x0000017d46b9aa3c [0x0000017d46b9a960+0x00000000000000dc]
J 3427 c1 org.springframework.beans.BeanUtils.instantiateClass(Ljava/lang/reflect/Constructor;[Ljava/lang/Object;)Ljava/lang/Object; (208 bytes) @ 0x0000017d4700ad84 [0x0000017d4700a800+0x0000000000000584]
J 6819 c1 org.springframework.beans.factory.support.SimpleInstantiationStrategy.instantiate(Lorg/springframework/beans/factory/support/RootBeanDefinition;Ljava/lang/String;Lorg/springframework/beans/factory/BeanFactory;)Ljava/lang/Object; (123 bytes) @ 0x0000017d473eb65c [0x0000017d473eb1a0+0x00000000000004bc]
J 6818 c1 org.springframework.beans.factory.support.AbstractAutowireCapableBeanFactory.instantiateBean(Ljava/lang/String;Lorg/springframework/beans/factory/support/RootBeanDefinition;)Lorg/springframework/beans/BeanWrapper; (51 bytes) @ 0x0000017d473eca74 [0x0000017d473ec9c0+0x00000000000000b4]
J 5885 c1 org.springframework.beans.factory.support.AbstractAutowireCapableBeanFactory.createBeanInstance(Ljava/lang/String;Lorg/springframework/beans/factory/support/RootBeanDefinition;[Ljava/lang/Object;)Lorg/springframework/beans/BeanWrapper; (245 bytes) @ 0x0000017d468cbafc [0x0000017d468cb4c0+0x000000000000063c]
J 5891 c1 org.springframework.beans.factory.support.AbstractAutowireCapableBeanFactory.doCreateBean(Ljava/lang/String;Lorg/springframework/beans/factory/support/RootBeanDefinition;[Ljava/lang/Object;)Ljava/lang/Object; (465 bytes) @ 0x0000017d468c60ac [0x0000017d468c5f00+0x00000000000001ac]
J 5890 c1 org.springframework.beans.factory.support.AbstractAutowireCapableBeanFactory.createBean(Ljava/lang/String;Lorg/springframework/beans/factory/support/RootBeanDefinition;[Ljava/lang/Object;)Ljava/lang/Object; (214 bytes) @ 0x0000017d468c9fac [0x0000017d468c9ac0+0x00000000000004ec]
J 6189 c1 org.springframework.beans.factory.support.AbstractBeanFactory$$Lambda+0x0000017d532b5b08.getObject()Ljava/lang/Object; (20 bytes) @ 0x0000017d469575bc [0x0000017d46957520+0x000000000000009c]
J 6186 c1 org.springframework.beans.factory.support.DefaultSingletonBeanRegistry.getSingleton(Ljava/lang/String;Lorg/springframework/beans/factory/ObjectFactory;)Ljava/lang/Object; (1299 bytes) @ 0x0000017d4695b334 [0x0000017d4695a080+0x00000000000012b4]
J 3171 c1 org.springframework.beans.factory.support.AbstractBeanFactory.doGetBean(Ljava/lang/String;Ljava/lang/Class;[Ljava/lang/Object;Z)Ljava/lang/Object; (787 bytes) @ 0x0000017d46f969ac [0x0000017d46f96320+0x000000000000068c]
J 6150 c1 org.springframework.beans.factory.support.DefaultListableBeanFactory.instantiateSingleton(Ljava/lang/String;)V (56 bytes) @ 0x0000017d469740f4 [0x0000017d46973ca0+0x0000000000000454]
J 6149 c1 org.springframework.beans.factory.support.DefaultListableBeanFactory.preInstantiateSingleton(Ljava/lang/String;Lorg/springframework/beans/factory/support/RootBeanDefinition;)Ljava/util/concurrent/CompletableFuture; (165 bytes) @ 0x0000017d46974cbc [0x0000017d46974a00+0x00000000000002bc]
j  org.springframework.beans.factory.support.DefaultListableBeanFactory.preInstantiateSingletons()V+123
j  org.springframework.context.support.AbstractApplicationContext.finishBeanFactoryInitialization(Lorg/springframework/beans/factory/config/ConfigurableListableBeanFactory;)V+284
j  org.springframework.context.support.AbstractApplicationContext.refresh()V+94
j  org.springframework.boot.web.servlet.context.ServletWebServerApplicationContext.refresh()V+1
j  org.springframework.boot.SpringApplication.refresh(Lorg/springframework/context/ConfigurableApplicationContext;)V+1
j  org.springframework.boot.SpringApplication.refreshContext(Lorg/springframework/context/ConfigurableApplicationContext;)V+19
j  org.springframework.boot.SpringApplication.run([Ljava/lang/String;)Lorg/springframework/context/ConfigurableApplicationContext;+113
j  org.springframework.boot.SpringApplication.run([Ljava/lang/Class;[Ljava/lang/String;)Lorg/springframework/context/ConfigurableApplicationContext;+9
j  org.springframework.boot.SpringApplication.run(Ljava/lang/Class;[Ljava/lang/String;)Lorg/springframework/context/ConfigurableApplicationContext;+9
j  association.RelationshipAssociationApplication.main([Ljava/lang/String;)V+3
j  java.lang.invoke.LambdaForm$DMH+0x0000017d53004c00.invokeStatic(Ljava/lang/Object;Ljava/lang/Object;)V+10 java.base@21.0.8
j  java.lang.invoke.LambdaForm$MH+0x0000017d539ab000.invoke(Ljava/lang/Object;Ljava/lang/Object;Ljava/lang/Object;)Ljava/lang/Object;+33 java.base@21.0.8
J 3751 c1 jdk.internal.reflect.DirectMethodHandleAccessor.invoke(Ljava/lang/Object;[Ljava/lang/Object;)Ljava/lang/Object; java.base@21.0.8 (92 bytes) @ 0x0000017d47094884 [0x0000017d47094520+0x0000000000000364]
J 3755 c1 java.lang.reflect.Method.invoke(Ljava/lang/Object;[Ljava/lang/Object;)Ljava/lang/Object; java.base@21.0.8 (108 bytes) @ 0x0000017d47092a74 [0x0000017d47092880+0x00000000000001f4]
j  org.springframework.boot.devtools.restart.RestartLauncher.run()V+47
v  ~StubRoutines::call_stub 0x0000017d4677100d

siginfo: EXCEPTION_ACCESS_VIOLATION (0xc0000005), reading address 0x0000017da472b457


Registers:
RAX=0x0000000000000000, RBX=0x0000000000000000, RCX=0x0000000303dfd4b0, RDX=0x0000000303dfd4b0
RSP=0x0000000304efe3e8, RBP=0x0000000304efe5c0, RSI=0x0000000304efe790, RDI=0x0000000303dfd4b0
R8 =0x0000017da472b44f, R9 =0x0000000303dfd4b0, R10=0x0000017d46770000, R11=0x0000000304efe638
R12=0x0000017d525427f8, R13=0x0000000303dfd4b0, R14=0x0000017d998e39f0, R15=0x0000017da472b44f
RIP=0x00007ffe5df8c556, EFLAGS=0x0000000000010202

XMM[0]=0x3b3b3b3b3b3b3b3b 0x3b3b3b3b3b3b3b3b
XMM[1]=0x0000000000000000 0x00000000000000ff
XMM[2]=0x0000000000000000 0x0000000000000000
XMM[3]=0x0000000000000000 0x409ef2e2bdeab1ba
XMM[4]=0x0000000000000000 0x0000000000000000
XMM[5]=0x0000000000000000 0x0000000000000000
XMM[6]=0x0000000000000000 0x0000000000000000
XMM[7]=0x0000000000000000 0x0000000000000000
XMM[8]=0x0000000000000000 0x0000000000000000
XMM[9]=0x0000000000000000 0x0000000000000000
XMM[10]=0x0000000000000000 0x0000000000000000
XMM[11]=0x0000000000000000 0x0000000000000000
XMM[12]=0x0000000000000000 0x0000000000000000
XMM[13]=0x0000000000000000 0x0000000000000000
XMM[14]=0x0000000000000000 0x0000000000000000
XMM[15]=0x0000000000000000 0x0000000000000000
  MXCSR=0x00001fa0


Register to memory mapping:

RAX=0x0 is null
RBX=0x0 is null
RCX=0x0000000303dfd4b0 is pointing into the stack for thread: 0x0000017d99886420
RDX=0x0000000303dfd4b0 is pointing into the stack for thread: 0x0000017d99886420
RSP=0x0000000304efe3e8 points into unknown readable memory: 0x00007ffe5e2da6eb | eb a6 2d 5e fe 7f 00 00
RBP=0x0000000304efe5c0 points into unknown readable memory: 0x0000017d00000000 | 00 00 00 00 7d 01 00 00
RSI=0x0000000304efe790 points into unknown readable memory: 0x0000000303dfd4a8 | a8 d4 df 03 03 00 00 00
RDI=0x0000000303dfd4b0 is pointing into the stack for thread: 0x0000017d99886420
R8 =0x0000017da472b44f is an unknown value
R9 =0x0000000303dfd4b0 is pointing into the stack for thread: 0x0000017d99886420
R10=0x0000017d46770000 points into unknown readable memory: 0x0000000000000006 | 06 00 00 00 00 00 00 00
R11=0x0000000304efe638 points into unknown readable memory: 0x00007ffe5e296fdd | dd 6f 29 5e fe 7f 00 00
R12=0x0000017d525427f8 is pointing into metadata
R13=0x0000000303dfd4b0 is pointing into the stack for thread: 0x0000017d99886420
R14=0x0000017d998e39f0 points into unknown readable memory: 0x00007ffe5e9b2068 | 68 20 9b 5e fe 7f 00 00
R15=0x0000017da472b44f is an unknown value

Top of Stack: (sp=0x0000000304efe3e8)
0x0000000304efe3e8:   00007ffe5e2da6eb 0000000000000000
0x0000000304efe3f8:   0000000000000004 0000017d99a29900
0x0000000304efe408:   000000000000000e 0000017d99a29a88
0x0000000304efe418:   00007ffe5e2a8f05 0000017d99bef738
0x0000000304efe428:   00007ffe5e71b3f1 000000000000012f
0x0000000304efe438:   00007ffe5e6403b2 0000017d99bef6d8
0x0000000304efe448:   0000000000000000 0000017d97861c00
0x0000000304efe458:   0000017d517494d0 0000017d525427f8
0x0000000304efe468:   0000000303dfd4b0 0000000304efe790
0x0000000304efe478:   0000000304efe5c0 0000017d99bef6d8
0x0000000304efe488:   00007ffe5e2e8d54 0000000304efe550
0x0000000304efe498:   0000000304efe790 0000017d52480090
0x0000000304efe4a8:   0000000000000000 0000017d99bef6d8
0x0000000304efe4b8:   00007ffe5e29758b 0000000000000001
0x0000000304efe4c8:   0000017d520b5da0 0000017d99bef6d8
0x0000000304efe4d8:   0000000304efe790 0000000f472c4201
0x0000000304efe4e8:   0000017d520b5da0 0000017d9785e410
0x0000000304efe4f8:   0000017d00000003 00000000000003d8
0x0000000304efe508:   0000017d517494e0 0000017d517498b8
0x0000000304efe518:   0000017d5272b44f 0000017d000000b8
0x0000000304efe528:   0000017d520b5da0 00007ffe5e9a95f0
0x0000000304efe538:   0000000304efe790 0000017d99bef6d8
0x0000000304efe548:   0000000400000003 0000017d525427f8
0x0000000304efe558:   0000001300000001 0000000000000032
0x0000000304efe568:   000000010000000c 0000017d52480090
0x0000000304efe578:   0000000000000000 0000017d472c4290
0x0000000304efe588:   00009f9403105e66 00007ffe5e7e0f90
0x0000000304efe598:   0000000304efe620 00000000000003d8
0x0000000304efe5a8:   0000017d517498b8 0000017d520178c8
0x0000000304efe5b8:   00000006472c0013 0000017d00000000
0x0000000304efe5c8:   0000000000000015 0000017d99bef6d8
0x0000000304efe5d8:   00007ffe5e2e8dae 0000000000000000 

Instructions: (pc=0x00007ffe5df8c556)
0x00007ffe5df8c456:   48 8b 05 13 69 cd 00 48 8b 48 60 48 8b 04 d1 48
0x00007ffe5df8c466:   85 c0 75 08 48 8b 05 07 69 cd 00 c3 48 8b 05 f7
0x00007ffe5df8c476:   68 cd 00 c3 cc cc cc cc cc cc 8b 05 b2 3b c2 00
0x00007ffe5df8c486:   c3 cc cc cc cc cc cc cc cc cc 0f b6 05 d8 50 c2
0x00007ffe5df8c496:   00 48 8b d1 84 c0 74 16 44 8b 41 08 8b 0d 90 3b
0x00007ffe5df8c4a6:   c2 00 49 d3 e0 4c 03 05 7e 3b c2 00 eb 04 4c 8b
0x00007ffe5df8c4b6:   41 08 45 8b 48 08 45 85 c9 7e 0e 41 f6 c1 01 75
0x00007ffe5df8c4c6:   53 41 c1 f9 03 49 63 c1 c3 79 49 84 c0 41 b8 0c
0x00007ffe5df8c4d6:   00 00 00 8b 05 c9 4c c2 00 b9 10 00 00 00 41 0f
0x00007ffe5df8c4e6:   45 c8 ff c8 4c 63 c0 41 8b c1 48 c1 f8 10 0f b6
0x00007ffe5df8c4f6:   c0 48 63 14 11 41 8b c9 83 e1 3f 48 d3 e2 49 8d
0x00007ffe5df8c506:   0c 10 49 f7 d0 48 03 c1 49 c1 e8 03 48 c1 e8 03
0x00007ffe5df8c516:   49 23 c0 c3 49 8b 00 49 8b c8 48 ff a0 00 01 00
0x00007ffe5df8c526:   00 cc cc cc cc cc cc cc cc cc 8b 44 24 30 45 03
0x00007ffe5df8c536:   c9 44 2b 4c 24 28 83 c0 0b 44 03 ca 45 03 c8 41
0x00007ffe5df8c546:   03 c1 c3 cc cc cc cc cc cc cc 4c 8b c2 48 8b d1
0x00007ffe5df8c556:   45 8b 48 08 45 85 c9 7e 0e 41 f6 c1 01 75 56 41
0x00007ffe5df8c566:   c1 f9 03 49 63 c1 c3 79 4c 80 3d f9 4f c2 00 00
0x00007ffe5df8c576:   b8 0c 00 00 00 b9 10 00 00 00 0f 45 c8 8b 05 1f
0x00007ffe5df8c586:   4c c2 00 ff c8 4c 63 c0 41 8b c1 48 c1 f8 10 48
0x00007ffe5df8c596:   63 14 11 41 8b c9 83 e1 3f 0f b6 c0 48 d3 e2 49
0x00007ffe5df8c5a6:   8d 0c 10 49 f7 d0 48 03 c1 49 c1 e8 03 48 c1 e8
0x00007ffe5df8c5b6:   03 49 23 c0 c3 49 8b 00 49 8b c8 48 ff a0 00 01
0x00007ffe5df8c5c6:   00 00 cc cc cc cc cc cc cc cc 48 8b 41 08 0f b7
0x00007ffe5df8c5d6:   48 2c 0f b7 40 2a 83 c0 48 03 c1 c3 cc cc cc cc
0x00007ffe5df8c5e6:   cc cc cc cc cc cc cc cc cc cc 48 89 5c 24 08 57
0x00007ffe5df8c5f6:   48 83 ec 20 0f b6 05 bf 50 cd 00 48 8b fa 48 8b
0x00007ffe5df8c606:   d9 84 c0 74 4f 48 85 15 66 48 cd 00 74 38 48 8b
0x00007ffe5df8c616:   ca e8 74 34 8d 00 48 8b d0 48 85 db 74 25 48 85
0x00007ffe5df8c626:   c0 74 20 48 8b c7 f0 48 0f b1 13 74 16 48 85 05
0x00007ffe5df8c636:   3e 48 cd 00 74 0d 48 8b c8 f0 48 0f b1 13 48 3b
0x00007ffe5df8c646:   c1 75 ea 48 8b fa 48 8b c7 48 8b 5c 24 30 48 83 


Stack slot to memory mapping:

stack at sp + 0 slots: 0x00007ffe5e2da6eb jvm.dll
stack at sp + 1 slots: 0x0 is null
stack at sp + 2 slots: 0x0000000000000004 is an unknown value
stack at sp + 3 slots: 0x0000017d99a29900 points into unknown readable memory: 0x00007ffe5e9b2068 | 68 20 9b 5e fe 7f 00 00
stack at sp + 4 slots: 0x000000000000000e is an unknown value
stack at sp + 5 slots: 0x0000017d99a29a88 points into unknown readable memory: 0x00007ffe5e9b2020 | 20 20 9b 5e fe 7f 00 00
stack at sp + 6 slots: 0x00007ffe5e2a8f05 jvm.dll
stack at sp + 7 slots: 0x0000017d99bef738 points into unknown readable memory: 0x00007ffe5e9b3d80 | 80 3d 9b 5e fe 7f 00 00


---------------  P R O C E S S  ---------------

Threads class SMR info:
_java_thread_list=0x0000017d97f9eed0, length=34, elements={
0x0000017d50f2c2b0, 0x0000017d515985a0, 0x0000017d5159b6d0, 0x0000017d5159c3a0,
0x0000017d5159de00, 0x0000017d515a6990, 0x0000017d515aaa10, 0x0000017d51639580,
0x0000017d51730f90, 0x0000017d5173c760, 0x0000017d5173edf0, 0x0000017d97188cc0,
0x0000017d973ac6f0, 0x0000017d9741e200, 0x0000017d97493d90, 0x0000017d978c2de0,
0x0000017d978d3400, 0x0000017d978d3a90, 0x0000017d99886ab0, 0x0000017d99889f30,
0x0000017d998d6c70, 0x0000017d998d5f50, 0x0000017d9988b970, 0x0000017d99886420,
0x0000017d99885700, 0x0000017d998884f0, 0x0000017d99885070, 0x0000017d998877d0,
0x0000017d99885d90, 0x0000017d99889210, 0x0000017d998898a0, 0x0000017d9988a5c0,
0x0000017d99887140, 0x0000017d9988c000
}

Java Threads: ( => current thread )
  0x0000017d50f2c2b0 JavaThread "Reference Handler"          daemon [_thread_blocked, id=16400, stack(0x0000000303400000,0x0000000303500000) (1024K)]
  0x0000017d515985a0 JavaThread "Finalizer"                  daemon [_thread_blocked, id=13928, stack(0x0000000303500000,0x0000000303600000) (1024K)]
  0x0000017d5159b6d0 JavaThread "Signal Dispatcher"          daemon [_thread_blocked, id=8624, stack(0x0000000303600000,0x0000000303700000) (1024K)]
  0x0000017d5159c3a0 JavaThread "Attach Listener"            daemon [_thread_blocked, id=18124, stack(0x0000000303700000,0x0000000303800000) (1024K)]
  0x0000017d5159de00 JavaThread "Service Thread"             daemon [_thread_blocked, id=2960, stack(0x0000000303800000,0x0000000303900000) (1024K)]
  0x0000017d515a6990 JavaThread "Monitor Deflation Thread"   daemon [_thread_blocked, id=6004, stack(0x0000000303900000,0x0000000303a00000) (1024K)]
  0x0000017d515aaa10 JavaThread "C1 CompilerThread0"         daemon [_thread_blocked, id=7004, stack(0x0000000303a00000,0x0000000303b00000) (1024K)]
  0x0000017d51639580 JavaThread "Common-Cleaner"             daemon [_thread_blocked, id=740, stack(0x0000000303b00000,0x0000000303c00000) (1024K)]
  0x0000017d51730f90 JavaThread "JDWP Transport Listener: dt_socket" daemon [_thread_blocked, id=1872, stack(0x0000000303f00000,0x0000000304000000) (1024K)]
  0x0000017d5173c760 JavaThread "JDWP Event Helper Thread"   daemon [_thread_blocked, id=12668, stack(0x0000000304000000,0x0000000304100000) (1024K)]
  0x0000017d5173edf0 JavaThread "JDWP Command Reader"        daemon [_thread_in_native, id=18200, stack(0x0000000304100000,0x0000000304200000) (1024K)]
  0x0000017d97188cc0 JavaThread "Notification Thread"        daemon [_thread_blocked, id=15628, stack(0x0000000304200000,0x0000000304300000) (1024K)]
  0x0000017d973ac6f0 JavaThread "RMI TCP Accept-0"           daemon [_thread_in_native, id=11336, stack(0x0000000304b00000,0x0000000304c00000) (1024K)]
  0x0000017d9741e200 JavaThread "RMI TCP Accept-57357"       daemon [_thread_in_native, id=17196, stack(0x0000000304c00000,0x0000000304d00000) (1024K)]
  0x0000017d97493d90 JavaThread "RMI TCP Accept-0"           daemon [_thread_in_native, id=15612, stack(0x0000000304d00000,0x0000000304e00000) (1024K)]
  0x0000017d978c2de0 JavaThread "RMI Scheduler(0)"           daemon [_thread_blocked, id=14800, stack(0x0000000305200000,0x0000000305300000) (1024K)]
  0x0000017d978d3400 JavaThread "JMX server connection timeout 43" daemon [_thread_blocked, id=11772, stack(0x0000000305400000,0x0000000305500000) (1024K)]
  0x0000017d978d3a90 JavaThread "mysql-cj-abandoned-connection-cleanup" daemon [_thread_blocked, id=19324, stack(0x0000000305a00000,0x0000000305b00000) (1024K)]
  0x0000017d99886ab0 JavaThread "Live Reload Server"         daemon [_thread_in_native, id=18232, stack(0x0000000306000000,0x0000000306100000) (1024K)]
  0x0000017d99889f30 JavaThread "DestroyJavaVM"                     [_thread_blocked, id=14576, stack(0x0000000302c00000,0x0000000302d00000) (1024K)]
  0x0000017d998d6c70 JavaThread "File Watcher"               daemon [_thread_blocked, id=6060, stack(0x0000000302a00000,0x0000000302b00000) (1024K)]
  0x0000017d998d5f50 JavaThread "File Watcher"               daemon [_thread_blocked, id=9004, stack(0x0000000303c00000,0x0000000303d00000) (1024K)]
  0x0000017d9988b970 JavaThread "Thread-101"                        [_thread_blocked, id=6496, stack(0x0000000302900000,0x0000000302a00000) (1024K)]
  0x0000017d99886420 JavaThread "restartedMain"                     [_thread_blocked, id=17232, stack(0x0000000303d00000,0x0000000303e00000) (1024K)]
  0x0000017d99885700 JavaThread "Catalina-utility-1"                [_thread_blocked, id=6320, stack(0x0000000303e00000,0x0000000303f00000) (1024K)]
  0x0000017d998884f0 JavaThread "Catalina-utility-2"                [_thread_blocked, id=3360, stack(0x0000000304f00000,0x0000000305000000) (1024K)]
  0x0000017d99885070 JavaThread "container-2"                       [_thread_blocked, id=8412, stack(0x0000000305000000,0x0000000305100000) (1024K)]
  0x0000017d998877d0 JavaThread "HikariPool-27:housekeeper"  daemon [_thread_blocked, id=9992, stack(0x0000000305300000,0x0000000305400000) (1024K)]
  0x0000017d99885d90 JavaThread "RMI TCP Connection(104)-127.0.0.1" daemon [_thread_in_native, id=19288, stack(0x0000000305500000,0x0000000305600000) (1024K)]
  0x0000017d99889210 JavaThread "RMI TCP Connection(105)-127.0.0.1" daemon [_thread_in_native, id=3872, stack(0x0000000302b00000,0x0000000302c00000) (1024K)]
  0x0000017d998898a0 JavaThread "RMI TCP Connection(106)-127.0.0.1" daemon [_thread_blocked, id=192, stack(0x0000000305100000,0x0000000305200000) (1024K)]
  0x0000017d9988a5c0 JavaThread "RMI TCP Connection(107)-127.0.0.1" daemon [_thread_blocked, id=16256, stack(0x0000000305800000,0x0000000305900000) (1024K)]
  0x0000017d99887140 JavaThread "JMX server connection timeout 772" daemon [_thread_blocked, id=14140, stack(0x0000000305900000,0x0000000305a00000) (1024K)]
  0x0000017d9988c000 JavaThread "JMX server connection timeout 773" daemon [_thread_blocked, id=17524, stack(0x0000000305b00000,0x0000000305c00000) (1024K)]
Total: 34

Other Threads:
  0x0000017d50f15ed0 VMThread "VM Thread"                           [id=1916, stack(0x0000000303300000,0x0000000303400000) (1024K)]
  0x0000017d50f06b30 WatcherThread "VM Periodic Task Thread"        [id=9580, stack(0x0000000303200000,0x0000000303300000) (1024K)]
  0x0000017d42e45090 WorkerThread "GC Thread#0"                     [id=15724, stack(0x0000000302d00000,0x0000000302e00000) (1024K)]
  0x0000017d973a9cb0 WorkerThread "GC Thread#1"                     [id=5548, stack(0x0000000304300000,0x0000000304400000) (1024K)]
  0x0000017d973aa050 WorkerThread "GC Thread#2"                     [id=14928, stack(0x0000000304400000,0x0000000304500000) (1024K)]
  0x0000017d973aa3f0 WorkerThread "GC Thread#3"                     [id=19952, stack(0x0000000304500000,0x0000000304600000) (1024K)]
  0x0000017d973aa790 WorkerThread "GC Thread#4"                     [id=10264, stack(0x0000000304600000,0x0000000304700000) (1024K)]
  0x0000017d973aab30 WorkerThread "GC Thread#5"                     [id=2784, stack(0x0000000304700000,0x0000000304800000) (1024K)]
  0x0000017d973d6330 WorkerThread "GC Thread#6"                     [id=17344, stack(0x0000000304800000,0x0000000304900000) (1024K)]
  0x0000017d973e19f0 WorkerThread "GC Thread#7"                     [id=7496, stack(0x0000000304900000,0x0000000304a00000) (1024K)]
  0x0000017d973e1d90 WorkerThread "GC Thread#8"                     [id=16344, stack(0x0000000304a00000,0x0000000304b00000) (1024K)]
=>0x0000017d9785e410 WorkerThread "GC Thread#9"                     [id=9184, stack(0x0000000304e00000,0x0000000304f00000) (1024K)]
  0x0000017d42e559c0 ConcurrentGCThread "G1 Main Marker"            [id=1428, stack(0x0000000302e00000,0x0000000302f00000) (1024K)]
  0x0000017d42e563d0 WorkerThread "G1 Conc#0"                       [id=15504, stack(0x0000000302f00000,0x0000000303000000) (1024K)]
  0x0000017d9785cab0 WorkerThread "G1 Conc#1"                       [id=6688, stack(0x0000000305600000,0x0000000305700000) (1024K)]
  0x0000017d9785dcd0 WorkerThread "G1 Conc#2"                       [id=11660, stack(0x0000000305700000,0x0000000305800000) (1024K)]
  0x0000017d50dca0d0 ConcurrentGCThread "G1 Refine#0"               [id=7756, stack(0x0000000303000000,0x0000000303100000) (1024K)]
  0x0000017d50dca9f0 ConcurrentGCThread "G1 Service"                [id=13004, stack(0x0000000303100000,0x0000000303200000) (1024K)]
Total: 18

Threads with active compile tasks:
Total: 0

VM state: at safepoint (normal execution)

VM Mutex/Monitor currently owned by a thread:  ([mutex/lock_event])
[0x00007ffe5ec35458] Threads_lock - owner thread: 0x0000017d50f15ed0
[0x00007ffe5ec35558] Heap_lock - owner thread: 0x0000017d9988a5c0

Heap address: 0x0000000705c00000, size: 4004 MB, Compressed Oops mode: Zero based, Oop shift amount: 3

CDS archive(s) mapped at: [0x0000017d52000000-0x0000017d52c80000-0x0000017d52c80000), size 13107200, SharedBaseAddress: 0x0000017d52000000, ArchiveRelocationMode: 1.
Compressed class space mapped at: 0x0000017d53000000-0x0000017d93000000, reserved size: 1073741824
Narrow klass base: 0x0000017d52000000, Narrow klass shift: 0, Narrow klass range: 0x100000000

GC Precious Log:
 CardTable entry size: 512
 Card Set container configuration: InlinePtr #cards 4 size 8 Array Of Cards #cards 16 size 48 Howl #buckets 8 coarsen threshold 3686 Howl Bitmap #cards 512 size 80 coarsen threshold 460 Card regions per heap region 1 cards per card region 4096
 CPUs: 12 total, 12 available
 Memory: 16013M
 Large Page Support: Disabled
 NUMA Support: Disabled
 Compressed Oops: Enabled (Zero based)
 Heap Region Size: 2M
 Heap Min Capacity: 8M
 Heap Initial Capacity: 252M
 Heap Max Capacity: 4004M
 Pre-touch: Disabled
 Parallel Workers: 10
 Concurrent Workers: 3
 Concurrent Refinement Workers: 10
 Periodic GC: Disabled

Heap:
 garbage-first heap   total 81920K, used 65747K [0x0000000705c00000, 0x0000000800000000)
  region size 2048K, 19 young (38912K), 1 survivors (2048K)
 Metaspace       used 73860K, committed 74816K, reserved 1114112K
  class space    used 10232K, committed 10688K, reserved 1048576K

Heap Regions: E=young(eden), S=young(survivor), O=old, HS=humongous(starts), HC=humongous(continues), CS=collection set, F=free, TAMS=top-at-mark-start, PB=parsable bottom
|   0|0x0000000705c00000, 0x0000000705e00000, 0x0000000705e00000|100%| O|  |TAMS 0x0000000705c00000| PB 0x0000000705c00000| Untracked 
|   1|0x0000000705e00000, 0x0000000706000000, 0x0000000706000000|100%| O|  |TAMS 0x0000000705e00000| PB 0x0000000705e00000| Untracked 
|   2|0x0000000706000000, 0x00000007061fffe8, 0x0000000706200000| 99%| O|  |TAMS 0x0000000706000000| PB 0x0000000706000000| Untracked 
|   3|0x0000000706200000, 0x00000007063ffff0, 0x0000000706400000| 99%| O|  |TAMS 0x0000000706200000| PB 0x0000000706200000| Untracked 
|   4|0x0000000706400000, 0x00000007065fffe8, 0x0000000706600000| 99%| O|  |TAMS 0x0000000706400000| PB 0x0000000706400000| Untracked 
|   5|0x0000000706600000, 0x0000000706800000, 0x0000000706800000|100%| O|  |TAMS 0x0000000706600000| PB 0x0000000706600000| Untracked 
|   6|0x0000000706800000, 0x00000007069ffff0, 0x0000000706a00000| 99%| O|  |TAMS 0x0000000706800000| PB 0x0000000706800000| Untracked 
|   7|0x0000000706a00000, 0x0000000706bfffe8, 0x0000000706c00000| 99%| O|  |TAMS 0x0000000706a00000| PB 0x0000000706a00000| Untracked 
|   8|0x0000000706c00000, 0x0000000706dffff8, 0x0000000706e00000| 99%| O|  |TAMS 0x0000000706c00000| PB 0x0000000706c00000| Untracked 
|   9|0x0000000706e00000, 0x0000000706f6d4c0, 0x0000000707000000| 71%| O|  |TAMS 0x0000000706e00000| PB 0x0000000706e00000| Untracked 
|  10|0x0000000707000000, 0x0000000707200000, 0x0000000707200000|100%| O|  |TAMS 0x0000000707000000| PB 0x0000000707000000| Untracked 
|  11|0x0000000707200000, 0x000000070726ce60, 0x0000000707400000| 21%| O|  |TAMS 0x0000000707200000| PB 0x0000000707200000| Untracked 
|  12|0x0000000707400000, 0x000000070746f3b8, 0x0000000707600000| 21%| O|  |TAMS 0x0000000707400000| PB 0x0000000707400000| Untracked 
|  13|0x0000000707600000, 0x0000000707800000, 0x0000000707800000|100%| O|  |TAMS 0x0000000707600000| PB 0x0000000707600000| Untracked 
|  14|0x0000000707800000, 0x00000007078dcca8, 0x0000000707a00000| 43%| O|  |TAMS 0x0000000707800000| PB 0x0000000707800000| Untracked 
|  15|0x0000000707a00000, 0x0000000707c00000, 0x0000000707c00000|100%| O|  |TAMS 0x0000000707a00000| PB 0x0000000707a00000| Untracked 
|  16|0x0000000707c00000, 0x0000000707d0ec20, 0x0000000707e00000| 52%| E|CS|TAMS 0x0000000707c00000| PB 0x0000000707c00000| Complete 
|  17|0x0000000707e00000, 0x0000000708000000, 0x0000000708000000|100%| E|CS|TAMS 0x0000000707e00000| PB 0x0000000707e00000| Complete 
|  18|0x0000000708000000, 0x0000000708200000, 0x0000000708200000|100%| E|CS|TAMS 0x0000000708000000| PB 0x0000000708000000| Complete 
|  19|0x0000000708200000, 0x00000007082b6380, 0x0000000708400000| 35%| O|  |TAMS 0x0000000708200000| PB 0x0000000708200000| Untracked 
|  20|0x0000000708400000, 0x0000000708400000, 0x0000000708600000|  0%| F|  |TAMS 0x0000000708400000| PB 0x0000000708400000| Untracked 
|  21|0x0000000708600000, 0x0000000708763cc0, 0x0000000708800000| 69%| S|  |TAMS 0x0000000708600000| PB 0x0000000708600000| Complete 
|  22|0x0000000708800000, 0x0000000708a00000, 0x0000000708a00000|100%| E|CS|TAMS 0x0000000708800000| PB 0x0000000708800000| Complete 
|  23|0x0000000708a00000, 0x0000000708c00000, 0x0000000708c00000|100%| E|CS|TAMS 0x0000000708a00000| PB 0x0000000708a00000| Complete 
|  24|0x0000000708c00000, 0x0000000708e00000, 0x0000000708e00000|100%| E|CS|TAMS 0x0000000708c00000| PB 0x0000000708c00000| Complete 
|  25|0x0000000708e00000, 0x0000000709000000, 0x0000000709000000|100%| E|CS|TAMS 0x0000000708e00000| PB 0x0000000708e00000| Complete 
|  26|0x0000000709000000, 0x0000000709200000, 0x0000000709200000|100%| E|CS|TAMS 0x0000000709000000| PB 0x0000000709000000| Complete 
|  27|0x0000000709200000, 0x0000000709400000, 0x0000000709400000|100%| E|CS|TAMS 0x0000000709200000| PB 0x0000000709200000| Complete 
|  28|0x0000000709400000, 0x0000000709600000, 0x0000000709600000|100%| E|CS|TAMS 0x0000000709400000| PB 0x0000000709400000| Complete 
|  29|0x0000000709600000, 0x0000000709800000, 0x0000000709800000|100%| E|CS|TAMS 0x0000000709600000| PB 0x0000000709600000| Complete 
|  30|0x0000000709800000, 0x0000000709a00000, 0x0000000709a00000|100%| E|CS|TAMS 0x0000000709800000| PB 0x0000000709800000| Complete 
|  31|0x0000000709a00000, 0x0000000709c00000, 0x0000000709c00000|100%| E|CS|TAMS 0x0000000709a00000| PB 0x0000000709a00000| Complete 
|  32|0x0000000709c00000, 0x0000000709e00000, 0x0000000709e00000|100%| E|CS|TAMS 0x0000000709c00000| PB 0x0000000709c00000| Complete 
|  33|0x0000000709e00000, 0x000000070a000000, 0x000000070a000000|100%| E|CS|TAMS 0x0000000709e00000| PB 0x0000000709e00000| Complete 
|  34|0x000000070a000000, 0x000000070a200000, 0x000000070a200000|100%| E|CS|TAMS 0x000000070a000000| PB 0x000000070a000000| Complete 
|  35|0x000000070a200000, 0x000000070a400000, 0x000000070a400000|100%| E|CS|TAMS 0x000000070a200000| PB 0x000000070a200000| Complete 
|  37|0x000000070a600000, 0x000000070a800000, 0x000000070a800000|100%| E|CS|TAMS 0x000000070a600000| PB 0x000000070a600000| Complete 
|  38|0x000000070a800000, 0x000000070aa00000, 0x000000070aa00000|100%| E|CS|TAMS 0x000000070a800000| PB 0x000000070a800000| Complete 
|  39|0x000000070aa00000, 0x000000070ac00000, 0x000000070ac00000|100%| E|CS|TAMS 0x000000070aa00000| PB 0x000000070aa00000| Complete 
| 125|0x0000000715600000, 0x0000000715800000, 0x0000000715800000|100%| E|CS|TAMS 0x0000000715600000| PB 0x0000000715600000| Complete 

Card table byte_map: [0x0000017d4a280000,0x0000017d4aa60000] _byte_map_base: 0x0000017d46a52000

Marking Bits: (CMBitMap*) 0x0000017d42e456a0
 Bits: [0x0000017d4aa60000, 0x0000017d4e8f0000)

Polling page: 0x0000017d40bb0000

Metaspace:

Usage:
  Non-class:     62.14 MB used.
      Class:      9.99 MB used.
       Both:     72.13 MB used.

Virtual space:
  Non-class space:       64.00 MB reserved,      62.62 MB ( 98%) committed,  1 nodes.
      Class space:        1.00 GB reserved,      10.44 MB (  1%) committed,  1 nodes.
             Both:        1.06 GB reserved,      73.06 MB (  7%) committed. 

Chunk freelists:
   Non-Class:  797.00 KB
       Class:  5.60 MB
        Both:  6.38 MB

MaxMetaspaceSize: unlimited
CompressedClassSpaceSize: 1.00 GB
Initial GC threshold: 21.00 MB
Current GC threshold: 121.38 MB
CDS: on
 - commit_granule_bytes: 65536.
 - commit_granule_words: 8192.
 - virtual_space_node_default_size: 8388608.
 - enlarge_chunks_in_place: 1.
 - use_allocation_guard: 0.


Internal statistics:

num_allocs_failed_limit: 6.
num_arena_births: 1768.
num_arena_deaths: 710.
num_vsnodes_births: 2.
num_vsnodes_deaths: 0.
num_space_committed: 1173.
num_space_uncommitted: 4.
num_chunks_returned_to_freelist: 901.
num_chunks_taken_from_freelist: 4967.
num_chunk_merges: 168.
num_chunk_splits: 3002.
num_chunks_enlarged: 2148.
num_inconsistent_stats: 0.

CodeCache: size=49152Kb used=19900Kb max_used=20625Kb free=29251Kb
 bounds [0x0000017d46770000, 0x0000017d47ba0000, 0x0000017d49770000]
 total_blobs=10335, nmethods=9607, adapters=651, full_count=0
Compilation: enabled, stopped_count=0, restarted_count=0

Compilation events (20 events):
Event: 1774.682 Thread 0x0000017d515aaa10 12945       1       java.lang.reflect.InvocationTargetException::getTargetException (5 bytes)
Event: 1774.683 Thread 0x0000017d515aaa10 nmethod 12945 0x0000017d47848190 code [0x0000017d47848320, 0x0000017d478483f0]
Event: 1820.060 Thread 0x0000017d515aaa10 12946       1       java.io.DataInputStream::readLong (20 bytes)
Event: 1820.061 Thread 0x0000017d515aaa10 nmethod 12946 0x0000017d47847c10 code [0x0000017d47847dc0, 0x0000017d47847f78]
Event: 1820.375 Thread 0x0000017d515aaa10 12947       1       java.io.SerialCallbackContext::checkAndSetUsed (26 bytes)
Event: 1820.375 Thread 0x0000017d515aaa10 nmethod 12947 0x0000017d47847810 code [0x0000017d478479c0, 0x0000017d47847b58]
Event: 1820.477 Thread 0x0000017d515aaa10 12948       1       javax.management.JMException::<init> (6 bytes)
Event: 1820.477 Thread 0x0000017d515aaa10 nmethod 12948 0x0000017d47847490 code [0x0000017d47847640, 0x0000017d47847738]
Event: 1820.478 Thread 0x0000017d515aaa10 12949       1       javax.management.ObjectName::isPropertyListPattern (17 bytes)
Event: 1820.478 Thread 0x0000017d515aaa10 nmethod 12949 0x0000017d47847190 code [0x0000017d47847320, 0x0000017d47847400]
Event: 1820.478 Thread 0x0000017d515aaa10 12950       1       java.io.SerialCallbackContext::getObj (9 bytes)
Event: 1820.479 Thread 0x0000017d515aaa10 nmethod 12950 0x0000017d47846d90 code [0x0000017d47846f40, 0x0000017d478470d8]
Event: 1820.479 Thread 0x0000017d515aaa10 12951       1       java.io.SerialCallbackContext::getDesc (5 bytes)
Event: 1820.479 Thread 0x0000017d515aaa10 nmethod 12951 0x0000017d47846a90 code [0x0000017d47846c20, 0x0000017d47846cf0]
Event: 1820.582 Thread 0x0000017d515aaa10 12952       1       javax.management.OperationsException::<init> (6 bytes)
Event: 1820.584 Thread 0x0000017d515aaa10 nmethod 12952 0x0000017d47846710 code [0x0000017d478468c0, 0x0000017d478469b8]
Event: 1943.467 Thread 0x0000017d515aaa10 12954       1       java.util.concurrent.atomic.AtomicLong::decrementAndGet (16 bytes)
Event: 1943.467 Thread 0x0000017d515aaa10 nmethod 12954 0x0000017d47845f90 code [0x0000017d47846120, 0x0000017d47846200]
Event: 1979.481 Thread 0x0000017d515aaa10 12955       1       org.springframework.boot.devtools.filewatch.ChangedFiles::getFiles (5 bytes)
Event: 1979.482 Thread 0x0000017d515aaa10 nmethod 12955 0x0000017d47845c90 code [0x0000017d47845e20, 0x0000017d47845ef0]

GC Heap History (20 events):
Event: 1216.250 GC heap after
{Heap after GC invocations=61 (full 21):
 garbage-first heap   total 81920K, used 25584K [0x0000000705c00000, 0x0000000800000000)
  region size 2048K, 0 young (0K), 0 survivors (0K)
 Metaspace       used 67467K, committed 68288K, reserved 1114112K
  class space    used 9401K, committed 9728K, reserved 1048576K
}
Event: 1216.608 GC heap before
{Heap before GC invocations=61 (full 21):
 garbage-first heap   total 81920K, used 66544K [0x0000000705c00000, 0x0000000800000000)
  region size 2048K, 20 young (40960K), 0 survivors (0K)
 Metaspace       used 67571K, committed 68352K, reserved 1114112K
  class space    used 9415K, committed 9728K, reserved 1048576K
}
Event: 1216.611 GC heap after
{Heap after GC invocations=62 (full 21):
 garbage-first heap   total 81920K, used 29680K [0x0000000705c00000, 0x0000000800000000)
  region size 2048K, 2 young (4096K), 2 survivors (4096K)
 Metaspace       used 67571K, committed 68352K, reserved 1114112K
  class space    used 9415K, committed 9728K, reserved 1048576K
}
Event: 1231.385 GC heap before
{Heap before GC invocations=62 (full 21):
 garbage-first heap   total 81920K, used 48112K [0x0000000705c00000, 0x0000000800000000)
  region size 2048K, 12 young (24576K), 2 survivors (4096K)
 Metaspace       used 67692K, committed 68544K, reserved 1114112K
  class space    used 9421K, committed 9792K, reserved 1048576K
}
Event: 1231.422 GC heap after
{Heap after GC invocations=63 (full 22):
 garbage-first heap   total 81920K, used 25775K [0x0000000705c00000, 0x0000000800000000)
  region size 2048K, 0 young (0K), 0 survivors (0K)
 Metaspace       used 67689K, committed 68544K, reserved 1114112K
  class space    used 9420K, committed 9792K, reserved 1048576K
}
Event: 1231.748 GC heap before
{Heap before GC invocations=63 (full 22):
 garbage-first heap   total 81920K, used 64687K [0x0000000705c00000, 0x0000000800000000)
  region size 2048K, 19 young (38912K), 0 survivors (0K)
 Metaspace       used 67725K, committed 68544K, reserved 1114112K
  class space    used 9426K, committed 9792K, reserved 1048576K
}
Event: 1231.752 GC heap after
{Heap after GC invocations=64 (full 22):
 garbage-first heap   total 81920K, used 29674K [0x0000000705c00000, 0x0000000800000000)
  region size 2048K, 2 young (4096K), 2 survivors (4096K)
 Metaspace       used 67725K, committed 68544K, reserved 1114112K
  class space    used 9426K, committed 9792K, reserved 1048576K
}
Event: 1236.371 GC heap before
{Heap before GC invocations=64 (full 22):
 garbage-first heap   total 81920K, used 50154K [0x0000000705c00000, 0x0000000800000000)
  region size 2048K, 13 young (26624K), 2 survivors (4096K)
 Metaspace       used 67917K, committed 68800K, reserved 1114112K
  class space    used 9437K, committed 9792K, reserved 1048576K
}
Event: 1236.409 GC heap after
{Heap after GC invocations=65 (full 23):
 garbage-first heap   total 81920K, used 25964K [0x0000000705c00000, 0x0000000800000000)
  region size 2048K, 0 young (0K), 0 survivors (0K)
 Metaspace       used 67914K, committed 68800K, reserved 1114112K
  class space    used 9437K, committed 9792K, reserved 1048576K
}
Event: 1236.796 GC heap before
{Heap before GC invocations=65 (full 23):
 garbage-first heap   total 81920K, used 64876K [0x0000000705c00000, 0x0000000800000000)
  region size 2048K, 20 young (40960K), 0 survivors (0K)
 Metaspace       used 67990K, committed 68864K, reserved 1114112K
  class space    used 9447K, committed 9792K, reserved 1048576K
}
Event: 1236.801 GC heap after
{Heap after GC invocations=66 (full 23):
 garbage-first heap   total 81920K, used 29865K [0x0000000705c00000, 0x0000000800000000)
  region size 2048K, 2 young (4096K), 2 survivors (4096K)
 Metaspace       used 67990K, committed 68864K, reserved 1114112K
  class space    used 9447K, committed 9792K, reserved 1048576K
}
Event: 1272.688 GC heap before
{Heap before GC invocations=66 (full 23):
 garbage-first heap   total 81920K, used 64681K [0x0000000705c00000, 0x0000000800000000)
  region size 2048K, 20 young (40960K), 2 survivors (4096K)
 Metaspace       used 69999K, committed 70848K, reserved 1114112K
  class space    used 9653K, committed 9984K, reserved 1048576K
}
Event: 1272.698 GC heap after
{Heap after GC invocations=67 (full 23):
 garbage-first heap   total 81920K, used 31325K [0x0000000705c00000, 0x0000000800000000)
  region size 2048K, 2 young (4096K), 2 survivors (4096K)
 Metaspace       used 69999K, committed 70848K, reserved 1114112K
  class space    used 9653K, committed 9984K, reserved 1048576K
}
Event: 1286.988 GC heap before
{Heap before GC invocations=67 (full 23):
 garbage-first heap   total 81920K, used 64093K [0x0000000705c00000, 0x0000000800000000)
  region size 2048K, 19 young (38912K), 2 survivors (4096K)
 Metaspace       used 73647K, committed 74560K, reserved 1114112K
  class space    used 10194K, committed 10624K, reserved 1048576K
}
Event: 1286.991 GC heap after
{Heap after GC invocations=68 (full 23):
 garbage-first heap   total 81920K, used 30980K [0x0000000705c00000, 0x0000000800000000)
  region size 2048K, 1 young (2048K), 1 survivors (2048K)
 Metaspace       used 73647K, committed 74560K, reserved 1114112K
  class space    used 10194K, committed 10624K, reserved 1048576K
}
Event: 1286.992 GC heap before
{Heap before GC invocations=68 (full 23):
 garbage-first heap   total 81920K, used 30980K [0x0000000705c00000, 0x0000000800000000)
  region size 2048K, 2 young (4096K), 1 survivors (2048K)
 Metaspace       used 73647K, committed 74560K, reserved 1114112K
  class space    used 10194K, committed 10624K, reserved 1048576K
}
Event: 1287.039 GC heap after
{Heap after GC invocations=69 (full 24):
 garbage-first heap   total 81920K, used 23704K [0x0000000705c00000, 0x0000000800000000)
  region size 2048K, 0 young (0K), 0 survivors (0K)
 Metaspace       used 73541K, committed 74560K, reserved 1114112K
  class space    used 10169K, committed 10624K, reserved 1048576K
}
Event: 1287.743 GC heap before
{Heap before GC invocations=69 (full 24):
 garbage-first heap   total 81920K, used 64664K [0x0000000705c00000, 0x0000000800000000)
  region size 2048K, 21 young (43008K), 0 survivors (0K)
 Metaspace       used 73718K, committed 74624K, reserved 1114112K
  class space    used 10212K, committed 10624K, reserved 1048576K
}
Event: 1287.748 GC heap after
{Heap after GC invocations=70 (full 24):
 garbage-first heap   total 81920K, used 28883K [0x0000000705c00000, 0x0000000800000000)
  region size 2048K, 3 young (6144K), 3 survivors (6144K)
 Metaspace       used 73718K, committed 74624K, reserved 1114112K
  class space    used 10212K, committed 10624K, reserved 1048576K
}
Event: 1980.720 GC heap before
{Heap before GC invocations=70 (full 24):
 garbage-first heap   total 81920K, used 65747K [0x0000000705c00000, 0x0000000800000000)
  region size 2048K, 21 young (43008K), 3 survivors (6144K)
 Metaspace       used 73860K, committed 74816K, reserved 1114112K
  class space    used 10232K, committed 10688K, reserved 1048576K
}

Dll operation events (12 events):
Event: 0.013 Loaded shared library C:\Users\mtmkc\Downloads\spring-tools-for-eclipse-4.32.0.RELEASE-e4.37.0-win32.win32.x86_64\sts-4.32.0.RELEASE\plugins\org.eclipse.justj.openjdk.hotspot.jre.full.win32.x86_64_21.0.8.v20250724-1412\jre\bin\java.dll
Event: 0.043 Loaded shared library C:\Users\mtmkc\Downloads\spring-tools-for-eclipse-4.32.0.RELEASE-e4.37.0-win32.win32.x86_64\sts-4.32.0.RELEASE\plugins\org.eclipse.justj.openjdk.hotspot.jre.full.win32.x86_64_21.0.8.v20250724-1412\jre\bin\zip.dll
Event: 0.211 Loaded shared library C:\Users\mtmkc\Downloads\spring-tools-for-eclipse-4.32.0.RELEASE-e4.37.0-win32.win32.x86_64\sts-4.32.0.RELEASE\plugins\org.eclipse.justj.openjdk.hotspot.jre.full.win32.x86_64_21.0.8.v20250724-1412\jre\bin\instrument.dll
Event: 0.216 Loaded shared library C:\Users\mtmkc\Downloads\spring-tools-for-eclipse-4.32.0.RELEASE-e4.37.0-win32.win32.x86_64\sts-4.32.0.RELEASE\plugins\org.eclipse.justj.openjdk.hotspot.jre.full.win32.x86_64_21.0.8.v20250724-1412\jre\bin\net.dll
Event: 0.218 Loaded shared library C:\Users\mtmkc\Downloads\spring-tools-for-eclipse-4.32.0.RELEASE-e4.37.0-win32.win32.x86_64\sts-4.32.0.RELEASE\plugins\org.eclipse.justj.openjdk.hotspot.jre.full.win32.x86_64_21.0.8.v20250724-1412\jre\bin\nio.dll
Event: 0.221 Loaded shared library C:\Users\mtmkc\Downloads\spring-tools-for-eclipse-4.32.0.RELEASE-e4.37.0-win32.win32.x86_64\sts-4.32.0.RELEASE\plugins\org.eclipse.justj.openjdk.hotspot.jre.full.win32.x86_64_21.0.8.v20250724-1412\jre\bin\zip.dll
Event: 0.355 Loaded shared library C:\Users\mtmkc\Downloads\spring-tools-for-eclipse-4.32.0.RELEASE-e4.37.0-win32.win32.x86_64\sts-4.32.0.RELEASE\plugins\org.eclipse.justj.openjdk.hotspot.jre.full.win32.x86_64_21.0.8.v20250724-1412\jre\bin\jimage.dll
Event: 0.402 Loaded shared library C:\Users\mtmkc\Downloads\spring-tools-for-eclipse-4.32.0.RELEASE-e4.37.0-win32.win32.x86_64\sts-4.32.0.RELEASE\plugins\org.eclipse.justj.openjdk.hotspot.jre.full.win32.x86_64_21.0.8.v20250724-1412\jre\bin\management.dll
Event: 0.411 Loaded shared library C:\Users\mtmkc\Downloads\spring-tools-for-eclipse-4.32.0.RELEASE-e4.37.0-win32.win32.x86_64\sts-4.32.0.RELEASE\plugins\org.eclipse.justj.openjdk.hotspot.jre.full.win32.x86_64_21.0.8.v20250724-1412\jre\bin\management_ext.dll
Event: 0.637 Loaded shared library C:\Users\mtmkc\Downloads\spring-tools-for-eclipse-4.32.0.RELEASE-e4.37.0-win32.win32.x86_64\sts-4.32.0.RELEASE\plugins\org.eclipse.justj.openjdk.hotspot.jre.full.win32.x86_64_21.0.8.v20250724-1412\jre\bin\extnet.dll
Event: 0.665 Loaded shared library C:\Users\mtmkc\Downloads\spring-tools-for-eclipse-4.32.0.RELEASE-e4.37.0-win32.win32.x86_64\sts-4.32.0.RELEASE\plugins\org.eclipse.justj.openjdk.hotspot.jre.full.win32.x86_64_21.0.8.v20250724-1412\jre\bin\verify.dll
Event: 1.708 Loaded shared library C:\Users\mtmkc\Downloads\spring-tools-for-eclipse-4.32.0.RELEASE-e4.37.0-win32.win32.x86_64\sts-4.32.0.RELEASE\plugins\org.eclipse.justj.openjdk.hotspot.jre.full.win32.x86_64_21.0.8.v20250724-1412\jre\bin\sunmscapi.dll

Deoptimization events (20 events):
Event: 1980.616 Thread 0x0000017d998898a0 DEOPT PACKING pc=0x0000017d46e7a504 sp=0x00000003051fe880
Event: 1980.616 Thread 0x0000017d9988a5c0 DEOPT PACKING pc=0x0000017d46e7a504 sp=0x00000003058feca0
Event: 1980.616 Thread 0x0000017d998898a0 DEOPT UNPACKING pc=0x0000017d467c4e42 sp=0x00000003051fde08 mode 1
Event: 1980.616 Thread 0x0000017d9988a5c0 DEOPT UNPACKING pc=0x0000017d467c4e42 sp=0x00000003058fe228 mode 1
Event: 1980.719 Thread 0x0000017d9988a5c0 DEOPT PACKING pc=0x0000017d46e790ac sp=0x00000003058fe440
Event: 1980.719 Thread 0x0000017d9988a5c0 DEOPT UNPACKING pc=0x0000017d467c4e42 sp=0x00000003058fd940 mode 1
Event: 1980.719 Thread 0x0000017d998898a0 DEOPT PACKING pc=0x0000017d46e790ac sp=0x00000003051fe020
Event: 1980.719 Thread 0x0000017d9988a5c0 DEOPT PACKING pc=0x0000017d4774a4a4 sp=0x00000003058fe4f0
Event: 1980.719 Thread 0x0000017d998898a0 DEOPT UNPACKING pc=0x0000017d467c4e42 sp=0x00000003051fd520 mode 1
Event: 1980.719 Thread 0x0000017d9988a5c0 DEOPT UNPACKING pc=0x0000017d467c4e42 sp=0x00000003058fd9e0 mode 1
Event: 1980.719 Thread 0x0000017d9988a5c0 DEOPT PACKING pc=0x0000017d4774ab84 sp=0x00000003058fe590
Event: 1980.719 Thread 0x0000017d9988a5c0 DEOPT UNPACKING pc=0x0000017d467c4e42 sp=0x00000003058fdac8 mode 1
Event: 1980.719 Thread 0x0000017d9988a5c0 DEOPT PACKING pc=0x0000017d47755d6c sp=0x00000003058fe670
Event: 1980.719 Thread 0x0000017d9988a5c0 DEOPT UNPACKING pc=0x0000017d467c4e42 sp=0x00000003058fda80 mode 1
Event: 1980.719 Thread 0x0000017d998898a0 DEOPT PACKING pc=0x0000017d4774a4a4 sp=0x00000003051fe0d0
Event: 1980.719 Thread 0x0000017d998898a0 DEOPT UNPACKING pc=0x0000017d467c4e42 sp=0x00000003051fd5c0 mode 1
Event: 1980.719 Thread 0x0000017d998898a0 DEOPT PACKING pc=0x0000017d4774ab84 sp=0x00000003051fe170
Event: 1980.719 Thread 0x0000017d998898a0 DEOPT UNPACKING pc=0x0000017d467c4e42 sp=0x00000003051fd6a8 mode 1
Event: 1980.719 Thread 0x0000017d998898a0 DEOPT PACKING pc=0x0000017d47755d6c sp=0x00000003051fe250
Event: 1980.720 Thread 0x0000017d998898a0 DEOPT UNPACKING pc=0x0000017d467c4e42 sp=0x00000003051fd660 mode 1

Classes loaded (20 events):
Event: 1272.466 Loading class sun/nio/cs/ThreadLocalCoders
Event: 1272.467 Loading class sun/nio/cs/ThreadLocalCoders done
Event: 1272.467 Loading class sun/nio/cs/ThreadLocalCoders$1
Event: 1272.467 Loading class sun/nio/cs/ThreadLocalCoders$Cache
Event: 1272.467 Loading class sun/nio/cs/ThreadLocalCoders$Cache done
Event: 1272.467 Loading class sun/nio/cs/ThreadLocalCoders$1 done
Event: 1272.467 Loading class sun/nio/cs/ThreadLocalCoders$2
Event: 1272.468 Loading class sun/nio/cs/ThreadLocalCoders$2 done
Event: 1273.122 Loading class java/util/regex/Pattern$Bound
Event: 1273.122 Loading class java/util/regex/Pattern$Bound done
Event: 1273.244 Loading class java/time/format/DateTimeFormatterBuilder$ZoneTextPrinterParser
Event: 1273.244 Loading class java/time/format/DateTimeFormatterBuilder$ZoneTextPrinterParser done
Event: 1273.244 Loading class java/time/format/DateTimeFormatterBuilder$ReducedPrinterParser
Event: 1273.245 Loading class java/time/format/DateTimeFormatterBuilder$ReducedPrinterParser done
Event: 1273.258 Loading class java/util/OptionalInt
Event: 1273.259 Loading class java/util/OptionalInt done
Event: 1273.259 Loading class java/util/OptionalLong
Event: 1273.259 Loading class java/util/OptionalLong done
Event: 1273.259 Loading class java/util/OptionalDouble
Event: 1273.259 Loading class java/util/OptionalDouble done

Classes unloaded (20 events):
Event: 1287.002 Thread 0x0000017d50f15ed0 Unloading class 0x0000017d537d2400 'java/lang/invoke/LambdaForm$MH+0x0000017d537d2400'
Event: 1287.002 Thread 0x0000017d50f15ed0 Unloading class 0x0000017d537d1c00 'java/lang/invoke/LambdaForm$MH+0x0000017d537d1c00'
Event: 1287.002 Thread 0x0000017d50f15ed0 Unloading class 0x0000017d537d3800 'java/lang/invoke/LambdaForm$MH+0x0000017d537d3800'
Event: 1287.002 Thread 0x0000017d50f15ed0 Unloading class 0x0000017d53458400 'java/lang/invoke/LambdaForm$MH+0x0000017d53458400'
Event: 1287.002 Thread 0x0000017d50f15ed0 Unloading class 0x0000017d538f2000 'java/lang/invoke/LambdaForm$MH+0x0000017d538f2000'
Event: 1287.002 Thread 0x0000017d50f15ed0 Unloading class 0x0000017d53895000 'java/lang/invoke/LambdaForm$BMH+0x0000017d53895000'
Event: 1287.002 Thread 0x0000017d50f15ed0 Unloading class 0x0000017d53818000 'java/lang/invoke/LambdaForm$MH+0x0000017d53818000'
Event: 1287.002 Thread 0x0000017d50f15ed0 Unloading class 0x0000017d53805c00 'java/lang/invoke/LambdaForm$MH+0x0000017d53805c00'
Event: 1287.002 Thread 0x0000017d50f15ed0 Unloading class 0x0000017d53804800 'java/lang/invoke/LambdaForm$MH+0x0000017d53804800'
Event: 1287.002 Thread 0x0000017d50f15ed0 Unloading class 0x0000017d537d1000 'jdk/internal/reflect/GeneratedSerializationConstructorAccessor20'
Event: 1287.002 Thread 0x0000017d50f15ed0 Unloading class 0x0000017d533f8800 'java/lang/invoke/LambdaForm$MH+0x0000017d533f8800'
Event: 1287.002 Thread 0x0000017d50f15ed0 Unloading class 0x0000017d533c8800 'java/lang/invoke/LambdaForm$MH+0x0000017d533c8800'
Event: 1287.002 Thread 0x0000017d50f15ed0 Unloading class 0x0000017d5315c000 'jdk/internal/reflect/GeneratedSerializationConstructorAccessor10'
Event: 1287.002 Thread 0x0000017d50f15ed0 Unloading class 0x0000017d53157c00 'jdk/internal/reflect/GeneratedSerializationConstructorAccessor9'
Event: 1287.002 Thread 0x0000017d50f15ed0 Unloading class 0x0000017d53157800 'jdk/internal/reflect/GeneratedSerializationConstructorAccessor8'
Event: 1287.002 Thread 0x0000017d50f15ed0 Unloading class 0x0000017d5314cc00 'jdk/internal/reflect/GeneratedSerializationConstructorAccessor6'
Event: 1287.002 Thread 0x0000017d50f15ed0 Unloading class 0x0000017d530c4000 'java/lang/invoke/LambdaForm$MH+0x0000017d530c4000'
Event: 1287.002 Thread 0x0000017d50f15ed0 Unloading class 0x0000017d530c3000 'jdk/internal/reflect/GeneratedSerializationConstructorAccessor3'
Event: 1287.002 Thread 0x0000017d50f15ed0 Unloading class 0x0000017d530c2c00 'jdk/internal/reflect/GeneratedSerializationConstructorAccessor2'
Event: 1287.002 Thread 0x0000017d50f15ed0 Unloading class 0x0000017d530c2800 'jdk/internal/reflect/GeneratedSerializationConstructorAccessor1'

Classes redefined (2 events):
Event: 732.342 Thread 0x0000017d50f15ed0 redefined class name=association.repository.UserRepository, count=1
Event: 1235.180 Thread 0x0000017d50f15ed0 redefined class name=association.repository.AddressRepository, count=1

Internal exceptions (20 events):
Event: 1272.455 Thread 0x0000017d998d9a60 Exception <a 'java/lang/NoSuchMethodError'{0x0000000709278e18}: 'java.lang.Object java.lang.invoke.DirectMethodHandle$Holder.invokeSpecial(java.lang.Object, java.lang.Object, java.lang.Object, java.lang.Object, java.lang.Object, long)'> (0x0000000709278e18) 
thrown [s\src\hotspot\share\interpreter\linkResolver.cpp, line 773]
Event: 1272.456 Thread 0x0000017d998d9a60 Exception <a 'java/lang/NoSuchMethodError'{0x000000070927c5f8}: 'java.lang.Object java.lang.invoke.Invokers$Holder.linkToTargetMethod(java.lang.Object, java.lang.Object, java.lang.Object, long, java.lang.Object)'> (0x000000070927c5f8) 
thrown [s\src\hotspot\share\interpreter\linkResolver.cpp, line 773]
Event: 1272.993 Thread 0x0000017d998d9a60 Exception <a 'java/lang/NoSuchMethodError'{0x0000000709a93508}: 'java.lang.Object java.lang.invoke.DirectMethodHandle$Holder.invokeInterface(java.lang.Object, java.lang.Object, java.lang.Object, java.lang.Object)'> (0x0000000709a93508) 
thrown [s\src\hotspot\share\interpreter\linkResolver.cpp, line 773]
Event: 1273.019 Thread 0x0000017d998d9a60 Exception <a 'java/lang/IncompatibleClassChangeError'{0x0000000709bd6e08}: Found class java.lang.Object, but interface was expected> (0x0000000709bd6e08) 
thrown [s\src\hotspot\share\interpreter\linkResolver.cpp, line 840]
Event: 1286.985 Thread 0x0000017d99885070 Exception <a 'java/io/IOException'{0x0000000708be4468}> (0x0000000708be4468) 
thrown [s\src\hotspot\share\prims\jni.cpp, line 520]
Event: 1286.985 Thread 0x0000017d99885070 Exception <a 'java/io/IOException'{0x0000000708be7930}> (0x0000000708be7930) 
thrown [s\src\hotspot\share\prims\jni.cpp, line 520]
Event: 1286.992 Thread 0x0000017d998d8020 Exception <a 'java/lang/InterruptedException'{0x000000071560f318}: sleep interrupted> (0x000000071560f318) 
thrown [s\src\hotspot\share\prims\jvm.cpp, line 3074]
Event: 1287.058 Thread 0x0000017d99886420 Exception <a 'sun/nio/fs/WindowsException'{0x00000007156aaf30}> (0x00000007156aaf30) 
thrown [s\src\hotspot\share\prims\jni.cpp, line 520]
Event: 1287.302 Thread 0x0000017d99886420 Exception <a 'java/lang/NoClassDefFoundError'{0x000000070922d278}: org/flywaydb/core/Flyway> (0x000000070922d278) 
thrown [s\src\hotspot\share\oops\constantPool.cpp, line 873]
Event: 1287.549 Thread 0x0000017d99886420 Exception <a 'java/lang/NoClassDefFoundError'{0x000000070922d8d8}: liquibase/integration/spring/SpringLiquibase> (0x000000070922d8d8) 
thrown [s\src\hotspot\share\oops\constantPool.cpp, line 873]
Event: 1287.555 Thread 0x0000017d99886420 Exception <a 'java/lang/NoClassDefFoundError'{0x0000000709258c10}: org/jooq/DSLContext> (0x0000000709258c10) 
thrown [s\src\hotspot\share\oops\constantPool.cpp, line 873]
Event: 1287.563 Thread 0x0000017d99886420 Exception <a 'java/lang/NoClassDefFoundError'{0x00000007092af2a0}: org/springframework/batch/core/repository/JobRepository> (0x00000007092af2a0) 
thrown [s\src\hotspot\share\oops\constantPool.cpp, line 873]
Event: 1287.565 Thread 0x0000017d99886420 Exception <a 'java/lang/NoClassDefFoundError'{0x00000007092af8f8}: org/quartz/Scheduler> (0x00000007092af8f8) 
thrown [s\src\hotspot\share\oops\constantPool.cpp, line 873]
Event: 1287.568 Thread 0x0000017d99886420 Exception <a 'java/lang/NoClassDefFoundError'{0x00000007092aff78}: org/springframework/session/jdbc/JdbcIndexedSessionRepository> (0x00000007092aff78) 
thrown [s\src\hotspot\share\oops\constantPool.cpp, line 873]
Event: 1287.579 Thread 0x0000017d99886420 Exception <a 'java/lang/NoSuchMethodError'{0x000000070933f720}: 'void java.lang.invoke.DelegatingMethodHandle$Holder.reinvoke_L(java.lang.Object, java.lang.Object, int)'> (0x000000070933f720) 
thrown [s\src\hotspot\share\interpreter\linkResolver.cpp, line 773]
Event: 1287.618 Thread 0x0000017d99886420 Exception <a 'java/lang/NoSuchMethodError'{0x0000000708cde2e8}: 'int java.lang.invoke.DirectMethodHandle$Holder.invokeVirtual(java.lang.Object, java.lang.Object, java.lang.Object, java.lang.Object)'> (0x0000000708cde2e8) 
thrown [s\src\hotspot\share\interpreter\linkResolver.cpp, line 773]
Event: 1287.618 Thread 0x0000017d99886420 Exception <a 'java/lang/NoSuchMethodError'{0x0000000708ce18e0}: 'int java.lang.invoke.DelegatingMethodHandle$Holder.reinvoke_L(java.lang.Object, java.lang.Object, java.lang.Object, java.lang.Object)'> (0x0000000708ce18e0) 
thrown [s\src\hotspot\share\interpreter\linkResolver.cpp, line 773]
Event: 1287.621 Thread 0x0000017d99886420 Exception <a 'java/io/FileNotFoundException'{0x0000000708d240c8}> (0x0000000708d240c8) 
thrown [s\src\hotspot\share\prims\jni.cpp, line 520]
Event: 1287.650 Thread 0x0000017d99886420 Exception <a 'java/io/FileNotFoundException'{0x0000000708adb7a8}> (0x0000000708adb7a8) 
thrown [s\src\hotspot\share\prims\jni.cpp, line 520]
Event: 1337.548 Thread 0x0000017d998d58c0 Exception <a 'java/lang/NoSuchMethodError'{0x000000070a723590}: static [Ljava/lang/StackTraceElement;.<clinit>()V> (0x000000070a723590) 
thrown [s\src\hotspot\share\prims\jni.cpp, line 1111]

ZGC Phase Switch (0 events):
No events

VM Operations (20 events):
Event: 1716.235 Executing VM operation: RendezvousGCThreads done
Event: 1773.794 Executing VM operation: Cleanup
Event: 1773.794 Executing VM operation: Cleanup done
Event: 1776.405 Executing VM operation: HandshakeAllThreads (HandshakeForDeflation)
Event: 1776.405 Executing VM operation: HandshakeAllThreads (HandshakeForDeflation) done
Event: 1776.405 Executing VM operation: RendezvousGCThreads
Event: 1776.405 Executing VM operation: RendezvousGCThreads done
Event: 1836.459 Executing VM operation: HandshakeAllThreads (HandshakeForDeflation)
Event: 1836.460 Executing VM operation: HandshakeAllThreads (HandshakeForDeflation) done
Event: 1836.460 Executing VM operation: RendezvousGCThreads
Event: 1836.460 Executing VM operation: RendezvousGCThreads done
Event: 1896.515 Executing VM operation: HandshakeAllThreads (HandshakeForDeflation)
Event: 1896.515 Executing VM operation: HandshakeAllThreads (HandshakeForDeflation) done
Event: 1896.515 Executing VM operation: RendezvousGCThreads
Event: 1896.515 Executing VM operation: RendezvousGCThreads done
Event: 1956.574 Executing VM operation: HandshakeAllThreads (HandshakeForDeflation)
Event: 1956.574 Executing VM operation: HandshakeAllThreads (HandshakeForDeflation) done
Event: 1956.574 Executing VM operation: RendezvousGCThreads
Event: 1956.574 Executing VM operation: RendezvousGCThreads done
Event: 1980.720 Executing VM operation: G1CollectForAllocation (G1 Evacuation Pause)

Memory protections (0 events):
No events

Nmethod flushes (20 events):
Event: 1055.644 Thread 0x0000017d50f15ed0 flushing  nmethod 0x0000017d4735ae10
Event: 1055.644 Thread 0x0000017d50f15ed0 flushing  nmethod 0x0000017d47377210
Event: 1055.644 Thread 0x0000017d50f15ed0 flushing  nmethod 0x0000017d473bc790
Event: 1055.644 Thread 0x0000017d50f15ed0 flushing  nmethod 0x0000017d473dae90
Event: 1055.644 Thread 0x0000017d50f15ed0 flushing  nmethod 0x0000017d4743f710
Event: 1055.644 Thread 0x0000017d50f15ed0 flushing  nmethod 0x0000017d4759ce10
Event: 1055.644 Thread 0x0000017d50f15ed0 flushing  nmethod 0x0000017d475d3490
Event: 1287.012 Thread 0x0000017d50f15ed0 flushing  nmethod 0x0000017d469e1510
Event: 1287.012 Thread 0x0000017d50f15ed0 flushing  nmethod 0x0000017d46b4b690
Event: 1287.012 Thread 0x0000017d50f15ed0 flushing  nmethod 0x0000017d47763010
Event: 1287.012 Thread 0x0000017d50f15ed0 flushing  nmethod 0x0000017d46fed090
Event: 1287.012 Thread 0x0000017d50f15ed0 flushing  nmethod 0x0000017d4756ed10
Event: 1287.012 Thread 0x0000017d50f15ed0 flushing  nmethod 0x0000017d46a24a90
Event: 1287.012 Thread 0x0000017d50f15ed0 flushing  nmethod 0x0000017d47756f90
Event: 1287.012 Thread 0x0000017d50f15ed0 flushing  nmethod 0x0000017d4798ee10
Event: 1287.012 Thread 0x0000017d50f15ed0 flushing  nmethod 0x0000017d4798fb90
Event: 1287.012 Thread 0x0000017d50f15ed0 flushing  nmethod 0x0000017d47990910
Event: 1287.012 Thread 0x0000017d50f15ed0 flushing  nmethod 0x0000017d479ffb10
Event: 1287.012 Thread 0x0000017d50f15ed0 flushing  nmethod 0x0000017d47a9ac90
Event: 1287.012 Thread 0x0000017d50f15ed0 flushing  nmethod 0x0000017d474b7310

Events (20 events):
Event: 1820.061 Thread 0x0000017d9988c690 Thread added: 0x0000017d9988a5c0
Event: 1820.065 Thread 0x0000017d99885d90 Thread added: 0x0000017d998898a0
Event: 1821.102 Thread 0x0000017d9988a5c0 Thread exited: 0x0000017d9988a5c0
Event: 1821.102 Thread 0x0000017d998898a0 Thread exited: 0x0000017d998898a0
Event: 1853.454 Thread 0x0000017d99885d90 Thread added: 0x0000017d998898a0
Event: 1853.456 Thread 0x0000017d99889210 Thread added: 0x0000017d9988c000
Event: 1854.487 Thread 0x0000017d9988c000 Thread exited: 0x0000017d9988c000
Event: 1854.491 Thread 0x0000017d998898a0 Thread exited: 0x0000017d998898a0
Event: 1866.453 Thread 0x0000017d99885d90 Thread added: 0x0000017d9988c000
Event: 1866.453 Thread 0x0000017d99889210 Thread added: 0x0000017d998898a0
Event: 1867.485 Thread 0x0000017d9988c000 Thread exited: 0x0000017d9988c000
Event: 1867.485 Thread 0x0000017d998898a0 Thread exited: 0x0000017d998898a0
Event: 1943.467 Thread 0x0000017d9988c690 Thread exited: 0x0000017d9988c690
Event: 1943.467 Thread 0x0000017d99887140 Thread exited: 0x0000017d99887140
Event: 1943.467 Thread 0x0000017d99889210 Thread exited: 0x0000017d99889210
Event: 1980.301 Thread 0x0000017d9741e200 Thread added: 0x0000017d99889210
Event: 1980.303 Thread 0x0000017d973ac6f0 Thread added: 0x0000017d998898a0
Event: 1980.305 Thread 0x0000017d973ac6f0 Thread added: 0x0000017d9988a5c0
Event: 1980.305 Thread 0x0000017d998898a0 Thread added: 0x0000017d99887140
Event: 1980.306 Thread 0x0000017d9988a5c0 Thread added: 0x0000017d9988c000


Dynamic libraries:
0x00007ff735870000 - 0x00007ff73587e000 	C:\Users\mtmkc\Downloads\spring-tools-for-eclipse-4.32.0.RELEASE-e4.37.0-win32.win32.x86_64\sts-4.32.0.RELEASE\plugins\org.eclipse.justj.openjdk.hotspot.jre.full.win32.x86_64_21.0.8.v20250724-1412\jre\bin\javaw.exe
0x00007fff0ba80000 - 0x00007fff0bce8000 	C:\Windows\SYSTEM32\ntdll.dll
0x00007fff0aa00000 - 0x00007fff0aac9000 	C:\Windows\System32\KERNEL32.DLL
0x00007fff091d0000 - 0x00007fff095c2000 	C:\Windows\System32\KERNELBASE.dll
0x00007fff08c40000 - 0x00007fff08d8b000 	C:\Windows\System32\ucrtbase.dll
0x00007ffef7c80000 - 0x00007ffef7c9e000 	C:\Users\mtmkc\Downloads\spring-tools-for-eclipse-4.32.0.RELEASE-e4.37.0-win32.win32.x86_64\sts-4.32.0.RELEASE\plugins\org.eclipse.justj.openjdk.hotspot.jre.full.win32.x86_64_21.0.8.v20250724-1412\jre\bin\VCRUNTIME140.dll
0x00007ffeff8b0000 - 0x00007ffeff8c8000 	C:\Users\mtmkc\Downloads\spring-tools-for-eclipse-4.32.0.RELEASE-e4.37.0-win32.win32.x86_64\sts-4.32.0.RELEASE\plugins\org.eclipse.justj.openjdk.hotspot.jre.full.win32.x86_64_21.0.8.v20250724-1412\jre\bin\jli.dll
0x00007fff0b150000 - 0x00007fff0b315000 	C:\Windows\System32\USER32.dll
0x00007fff08c10000 - 0x00007fff08c37000 	C:\Windows\System32\win32u.dll
0x00007fff0a750000 - 0x00007fff0a77b000 	C:\Windows\System32\GDI32.dll
0x00007fff09720000 - 0x00007fff0984d000 	C:\Windows\System32\gdi32full.dll
0x00007ffedde00000 - 0x00007ffede093000 	C:\Windows\WinSxS\amd64_microsoft.windows.common-controls_6595b64144ccf1df_6.0.26100.6725_none_3e085828e334708b\COMCTL32.dll
0x00007fff09120000 - 0x00007fff091c3000 	C:\Windows\System32\msvcp_win.dll
0x00007fff0a590000 - 0x00007fff0a639000 	C:\Windows\System32\msvcrt.dll
0x00007fff0ba00000 - 0x00007fff0ba2f000 	C:\Windows\System32\IMM32.DLL
0x00007ffefec90000 - 0x00007ffefec9c000 	C:\Users\mtmkc\Downloads\spring-tools-for-eclipse-4.32.0.RELEASE-e4.37.0-win32.win32.x86_64\sts-4.32.0.RELEASE\plugins\org.eclipse.justj.openjdk.hotspot.jre.full.win32.x86_64_21.0.8.v20250724-1412\jre\bin\vcruntime140_1.dll
0x00007ffeb5f60000 - 0x00007ffeb5fed000 	C:\Users\mtmkc\Downloads\spring-tools-for-eclipse-4.32.0.RELEASE-e4.37.0-win32.win32.x86_64\sts-4.32.0.RELEASE\plugins\org.eclipse.justj.openjdk.hotspot.jre.full.win32.x86_64_21.0.8.v20250724-1412\jre\bin\msvcp140.dll
0x00007ffe5df80000 - 0x00007ffe5ed17000 	C:\Users\mtmkc\Downloads\spring-tools-for-eclipse-4.32.0.RELEASE-e4.37.0-win32.win32.x86_64\sts-4.32.0.RELEASE\plugins\org.eclipse.justj.openjdk.hotspot.jre.full.win32.x86_64_21.0.8.v20250724-1412\jre\bin\server\jvm.dll
0x00007fff0a4d0000 - 0x00007fff0a584000 	C:\Windows\System32\ADVAPI32.dll
0x00007fff0aad0000 - 0x00007fff0ab76000 	C:\Windows\System32\sechost.dll
0x00007fff0b340000 - 0x00007fff0b458000 	C:\Windows\System32\RPCRT4.dll
0x00007fff0a780000 - 0x00007fff0a7f4000 	C:\Windows\System32\WS2_32.dll
0x00007fff08590000 - 0x00007fff085ee000 	C:\Windows\SYSTEM32\POWRPROF.dll
0x00007ffefea10000 - 0x00007ffefea1b000 	C:\Windows\SYSTEM32\VERSION.dll
0x00007ffef4b10000 - 0x00007ffef4b45000 	C:\Windows\SYSTEM32\WINMM.dll
0x00007fff08470000 - 0x00007fff08484000 	C:\Windows\SYSTEM32\UMPDC.dll
0x00007fff079e0000 - 0x00007fff079fb000 	C:\Windows\SYSTEM32\kernel.appcore.dll
0x00007ffeffd20000 - 0x00007ffeffd2a000 	C:\Users\mtmkc\Downloads\spring-tools-for-eclipse-4.32.0.RELEASE-e4.37.0-win32.win32.x86_64\sts-4.32.0.RELEASE\plugins\org.eclipse.justj.openjdk.hotspot.jre.full.win32.x86_64_21.0.8.v20250724-1412\jre\bin\jimage.dll
0x00007fff062a0000 - 0x00007fff064e2000 	C:\Windows\SYSTEM32\DBGHELP.DLL
0x00007fff0ab80000 - 0x00007fff0aefb000 	C:\Windows\System32\combase.dll
0x00007fff09850000 - 0x00007fff09927000 	C:\Windows\System32\OLEAUT32.dll
0x00007ffee3910000 - 0x00007ffee394c000 	C:\Windows\SYSTEM32\dbgcore.DLL
0x00007fff08d90000 - 0x00007fff08e28000 	C:\Windows\System32\bcryptPrimitives.dll
0x00007ffefe690000 - 0x00007ffefe6cc000 	C:\Users\mtmkc\Downloads\spring-tools-for-eclipse-4.32.0.RELEASE-e4.37.0-win32.win32.x86_64\sts-4.32.0.RELEASE\plugins\org.eclipse.justj.openjdk.hotspot.jre.full.win32.x86_64_21.0.8.v20250724-1412\jre\bin\jdwp.dll
0x00007ffeffc60000 - 0x00007ffeffc6f000 	C:\Users\mtmkc\Downloads\spring-tools-for-eclipse-4.32.0.RELEASE-e4.37.0-win32.win32.x86_64\sts-4.32.0.RELEASE\plugins\org.eclipse.justj.openjdk.hotspot.jre.full.win32.x86_64_21.0.8.v20250724-1412\jre\bin\instrument.dll
0x00007ffeff520000 - 0x00007ffeff53f000 	C:\Users\mtmkc\Downloads\spring-tools-for-eclipse-4.32.0.RELEASE-e4.37.0-win32.win32.x86_64\sts-4.32.0.RELEASE\plugins\org.eclipse.justj.openjdk.hotspot.jre.full.win32.x86_64_21.0.8.v20250724-1412\jre\bin\java.dll
0x00007fff099c0000 - 0x00007fff0a10c000 	C:\Windows\System32\SHELL32.dll
0x00007fff08fb0000 - 0x00007fff0911b000 	C:\Windows\System32\wintypes.dll
0x00007fff06840000 - 0x00007fff0709d000 	C:\Windows\SYSTEM32\windows.storage.dll
0x00007fff0a900000 - 0x00007fff0a9f2000 	C:\Windows\System32\SHCORE.dll
0x00007fff0af00000 - 0x00007fff0af62000 	C:\Windows\System32\shlwapi.dll
0x00007fff08b30000 - 0x00007fff08b59000 	C:\Windows\SYSTEM32\profapi.dll
0x00007ffeff310000 - 0x00007ffeff328000 	C:\Users\mtmkc\Downloads\spring-tools-for-eclipse-4.32.0.RELEASE-e4.37.0-win32.win32.x86_64\sts-4.32.0.RELEASE\plugins\org.eclipse.justj.openjdk.hotspot.jre.full.win32.x86_64_21.0.8.v20250724-1412\jre\bin\zip.dll
0x00007ffefef90000 - 0x00007ffefef9b000 	C:\Users\mtmkc\Downloads\spring-tools-for-eclipse-4.32.0.RELEASE-e4.37.0-win32.win32.x86_64\sts-4.32.0.RELEASE\plugins\org.eclipse.justj.openjdk.hotspot.jre.full.win32.x86_64_21.0.8.v20250724-1412\jre\bin\dt_socket.dll
0x00007fff07530000 - 0x00007fff07564000 	C:\Windows\SYSTEM32\IPHLPAPI.DLL
0x00007fff07f50000 - 0x00007fff07fbb000 	C:\Windows\system32\mswsock.dll
0x00007fff07570000 - 0x00007fff07696000 	C:\Windows\SYSTEM32\DNSAPI.dll
0x00007fff0b9f0000 - 0x00007fff0b9fa000 	C:\Windows\System32\NSI.dll
0x00007ffeff900000 - 0x00007ffeff90b000 	C:\Windows\System32\rasadhlp.dll
0x00007fff00870000 - 0x00007fff008f6000 	C:\Windows\System32\fwpuclnt.dll
0x00007ffeffc50000 - 0x00007ffeffc60000 	C:\Users\mtmkc\Downloads\spring-tools-for-eclipse-4.32.0.RELEASE-e4.37.0-win32.win32.x86_64\sts-4.32.0.RELEASE\plugins\org.eclipse.justj.openjdk.hotspot.jre.full.win32.x86_64_21.0.8.v20250724-1412\jre\bin\net.dll
0x00007fff001b0000 - 0x00007fff002cf000 	C:\Windows\SYSTEM32\WINHTTP.dll
0x00007ffeff0b0000 - 0x00007ffeff0c6000 	C:\Users\mtmkc\Downloads\spring-tools-for-eclipse-4.32.0.RELEASE-e4.37.0-win32.win32.x86_64\sts-4.32.0.RELEASE\plugins\org.eclipse.justj.openjdk.hotspot.jre.full.win32.x86_64_21.0.8.v20250724-1412\jre\bin\nio.dll
0x00007ffefecc0000 - 0x00007ffefecca000 	C:\Users\mtmkc\Downloads\spring-tools-for-eclipse-4.32.0.RELEASE-e4.37.0-win32.win32.x86_64\sts-4.32.0.RELEASE\plugins\org.eclipse.justj.openjdk.hotspot.jre.full.win32.x86_64_21.0.8.v20250724-1412\jre\bin\management.dll
0x00007ffefecb0000 - 0x00007ffefecbb000 	C:\Users\mtmkc\Downloads\spring-tools-for-eclipse-4.32.0.RELEASE-e4.37.0-win32.win32.x86_64\sts-4.32.0.RELEASE\plugins\org.eclipse.justj.openjdk.hotspot.jre.full.win32.x86_64_21.0.8.v20250724-1412\jre\bin\management_ext.dll
0x00007fff0a160000 - 0x00007fff0a168000 	C:\Windows\System32\PSAPI.DLL
0x00007ffedda70000 - 0x00007ffedda88000 	C:\Windows\system32\napinsp.dll
0x00007ffedda50000 - 0x00007ffedda62000 	C:\Windows\System32\winrnr.dll
0x00007ffedd920000 - 0x00007ffedd948000 	C:\Windows\system32\nlansp_c.dll
0x00007ffedd900000 - 0x00007ffedd916000 	C:\Windows\system32\wshbth.dll
0x00007fff08210000 - 0x00007fff0822b000 	C:\Windows\SYSTEM32\CRYPTSP.dll
0x00007fff07940000 - 0x00007fff0797b000 	C:\Windows\system32\rsaenh.dll
0x00007fff07ff0000 - 0x00007fff0801b000 	C:\Windows\SYSTEM32\USERENV.dll
0x00007fff08b00000 - 0x00007fff08b26000 	C:\Windows\SYSTEM32\bcrypt.dll
0x00007fff08200000 - 0x00007fff0820c000 	C:\Windows\SYSTEM32\CRYPTBASE.dll
0x00007ffefec40000 - 0x00007ffefec49000 	C:\Users\mtmkc\Downloads\spring-tools-for-eclipse-4.32.0.RELEASE-e4.37.0-win32.win32.x86_64\sts-4.32.0.RELEASE\plugins\org.eclipse.justj.openjdk.hotspot.jre.full.win32.x86_64_21.0.8.v20250724-1412\jre\bin\extnet.dll
0x00007ffeff510000 - 0x00007ffeff520000 	C:\Users\mtmkc\Downloads\spring-tools-for-eclipse-4.32.0.RELEASE-e4.37.0-win32.win32.x86_64\sts-4.32.0.RELEASE\plugins\org.eclipse.justj.openjdk.hotspot.jre.full.win32.x86_64_21.0.8.v20250724-1412\jre\bin\verify.dll
0x00007ffeff300000 - 0x00007ffeff30e000 	C:\Users\mtmkc\Downloads\spring-tools-for-eclipse-4.32.0.RELEASE-e4.37.0-win32.win32.x86_64\sts-4.32.0.RELEASE\plugins\org.eclipse.justj.openjdk.hotspot.jre.full.win32.x86_64_21.0.8.v20250724-1412\jre\bin\sunmscapi.dll
0x00007fff08e30000 - 0x00007fff08fa7000 	C:\Windows\System32\CRYPT32.dll
0x00007fff08430000 - 0x00007fff08460000 	C:\Windows\SYSTEM32\ncrypt.dll
0x00007fff083e0000 - 0x00007fff0841f000 	C:\Windows\SYSTEM32\NTASN1.dll
0x00007ffeea1a0000 - 0x00007ffeea1a8000 	C:\Windows\system32\wshunix.dll

JVMTI agents:
jdwp path:C:\Users\mtmkc\Downloads\spring-tools-for-eclipse-4.32.0.RELEASE-e4.37.0-win32.win32.x86_64\sts-4.32.0.RELEASE\plugins\org.eclipse.justj.openjdk.hotspot.jre.full.win32.x86_64_21.0.8.v20250724-1412\jre\bin\jdwp.dll, loaded, initialized, options:transport=dt_socket,suspend=y,address=localhost:57358
C:\Users\mtmkc\Downloads\spring-tools-for-eclipse-4.32.0.RELEASE-e4.37.0-win32.win32.x86_64\sts-4.32.0.RELEASE\configuration\org.eclipse.osgi\272\0\.cp\lib\javaagent-shaded.jar path:C:\Users\mtmkc\Downloads\spring-tools-for-eclipse-4.32.0.RELEASE-e4.37.0-win32.win32.x86_64\sts-4.32.0.RELEASE\plugins\org.eclipse.justj.openjdk.hotspot.jre.full.win32.x86_64_21.0.8.v20250724-1412\jre\bin\instrument.dll, loaded, initialized, instrumentlib options:none

dbghelp: loaded successfully - version: 4.0.5 - missing functions: none
symbol engine: initialized successfully - sym options: 0x614 - pdb path: .;C:\Users\mtmkc\Downloads\spring-tools-for-eclipse-4.32.0.RELEASE-e4.37.0-win32.win32.x86_64\sts-4.32.0.RELEASE\plugins\org.eclipse.justj.openjdk.hotspot.jre.full.win32.x86_64_21.0.8.v20250724-1412\jre\bin;C:\Windows\SYSTEM32;C:\Windows\WinSxS\amd64_microsoft.windows.common-controls_6595b64144ccf1df_6.0.26100.6725_none_3e085828e334708b;C:\Users\mtmkc\Downloads\spring-tools-for-eclipse-4.32.0.RELEASE-e4.37.0-win32.win32.x86_64\sts-4.32.0.RELEASE\plugins\org.eclipse.justj.openjdk.hotspot.jre.full.win32.x86_64_21.0.8.v20250724-1412\jre\bin\server

VM Arguments:
jvm_args: -XX:+ShowCodeDetailsInExceptionMessages -agentlib:jdwp=transport=dt_socket,suspend=y,address=localhost:57358 -Dcom.sun.management.jmxremote -Dcom.sun.management.jmxremote.port=57357 -Dcom.sun.management.jmxremote.authenticate=false -Dcom.sun.management.jmxremote.ssl=false -Djava.rmi.server.hostname=localhost -Dspring.jmx.enabled=true -Dmanagement.endpoints.jmx.exposure.include=* -Dspring.application.admin.enabled=true -Dspring.output.ansi.enabled=always -XX:TieredStopAtLevel=1 -Dspring.boot.project.name=Relationship_Association -javaagent:C:\Users\mtmkc\Downloads\spring-tools-for-eclipse-4.32.0.RELEASE-e4.37.0-win32.win32.x86_64\sts-4.32.0.RELEASE\configuration\org.eclipse.osgi\272\0\.cp\lib\javaagent-shaded.jar -Dfile.encoding=UTF-8 -Dstdout.encoding=UTF-8 -Dstderr.encoding=UTF-8 
java_command: association.RelationshipAssociationApplication
java_class_path (initial): D:\Workspace\Java\Relationship_Association\target\classes;C:\Users\mtmkc\.m2\repository\org\springframework\boot\spring-boot-starter-data-jpa\3.5.6\spring-boot-starter-data-jpa-3.5.6.jar;C:\Users\mtmkc\.m2\repository\org\springframework\boot\spring-boot-starter\3.5.6\spring-boot-starter-3.5.6.jar;C:\Users\mtmkc\.m2\repository\org\springframework\boot\spring-boot-starter-logging\3.5.6\spring-boot-starter-logging-3.5.6.jar;C:\Users\mtmkc\.m2\repository\ch\qos\logback\logback-classic\1.5.18\logback-classic-1.5.18.jar;C:\Users\mtmkc\.m2\repository\ch\qos\logback\logback-core\1.5.18\logback-core-1.5.18.jar;C:\Users\mtmkc\.m2\repository\org\apache\logging\log4j\log4j-to-slf4j\2.24.3\log4j-to-slf4j-2.24.3.jar;C:\Users\mtmkc\.m2\repository\org\apache\logging\log4j\log4j-api\2.24.3\log4j-api-2.24.3.jar;C:\Users\mtmkc\.m2\repository\org\slf4j\jul-to-slf4j\2.0.17\jul-to-slf4j-2.0.17.jar;C:\Users\mtmkc\.m2\repository\jakarta\annotation\jakarta.annotation-api\2.1.1\jakarta.annotation-api-2.1.1.jar;C:\Users\mtmkc\.m2\repository\org\yaml\snakeyaml\2.4\snakeyaml-2.4.jar;C:\Users\mtmkc\.m2\repository\org\springframework\boot\spring-boot-starter-jdbc\3.5.6\spring-boot-starter-jdbc-3.5.6.jar;C:\Users\mtmkc\.m2\repository\com\zaxxer\HikariCP\6.3.3\HikariCP-6.3.3.jar;C:\Users\mtmkc\.m2\repository\org\springframework\spring-jdbc\6.2.11\spring-jdbc-6.2.11.jar;C:\Users\mtmkc\.m2\repository\org\hibernate\orm\hibernate-core\6.6.29.Final\hibernate-core-6.6.29.Final.jar;C:\Users\mtmkc\.m2\repository\jakarta\persistence\jakarta.persistence-api\3.1.0\jakarta.persistence-api-3.1.0.jar;C:\Users\mtmkc\.m2\repository\jakarta\transaction\jakarta.transaction-api\2.0.1\jakarta.transaction-api-2.0.1.jar;C:\Users\mtmkc\.m2\repository\org\jboss\logging\jboss-logging\3.6.1.Final\jboss-logging-3.6.1.Final.jar;C:\Users\mtmkc\.m2\repository\org\hibernate\common\hibernate-commons-annotations\7.0.3.Final\hibernate-commons-annotations-7.0.3.Final.jar;C:\Users\mtmkc\.m2\repository\io\smallrye\jandex\3.2.0\jandex-3.2.0.jar;C:\Users\mtmkc\.m2\repository\com\fasterxml\classmate\1.7.0\classmate-1.7.0.jar;C:\Users\mtmkc\.m2\repository\net\bytebuddy\byte-buddy\1.17.7\byte-buddy-1.17.7.jar;C:\Users\mtmkc\.m2\repository\org\glassfish\jaxb\jaxb-runtime\4.0.5\jaxb-runtime-4.0.5.jar;C:\Users\mtmkc\.m2\repository\org\glassfish\jaxb\jaxb-core\4.0.5\jaxb-core-4.0.5.jar;C:\Users\mtmkc\.m2\repository\org\eclipse\angus\angus-activation\2.0.2\angus-activation-2.0.2.jar;C:\Users\mtmkc\.m2\repository\org\glassfish\jaxb\txw2\4.0.5\txw2-4.0.5.jar;C:\Users\mtmkc\.m2\repository\com\sun\istack\istack-commons-runtime\4.1.2\istack-commons-runtime-4.1.2.jar;C:\Users\mtmkc\.m2\repository\jakarta\inject\jakarta.inject-api\2.0.1\jakarta.inject-api-2.0.1.jar;C:\Users\mtmkc\.m2\repository\org\antlr\antlr4-runtime\4.13.0\antlr4-runtime-4.13.0.jar;C:\Users\mtmkc\.m2\repository\org\springframework\data\spring-data-jpa\3.5.4\spring-data-jpa-3.5.4.jar;C:\Users\mtmkc\.m2\repository\org\springframework\data\spring-data-commons\3.5.4\spring-data-commons-3.5.4.jar;C:\Users\mtmkc\.m2\repository\org\springframework\spring-orm\6.2.11\spring-orm-6.2.11.jar;C:\Users\mtmkc\.m2\repository\org\springframework\spring-context\6.2.11\spring-context-6.2.11.jar;C:\Users\mtmkc\.m2\repository\org\springframework\spring-aop\6.2.11\spring-aop-6.2.11.jar;C:\Users\mtmkc\.m2\repository\org\springframework\spring-tx\6.2.11\spring-tx-6.2.11.jar;C:\Users\mtmkc\.m2\repository\org\springframework\spring-beans\6.2.11\spring-beans-6.2.11.jar;C:\Users\mtmkc\.m2\repository\org\slf4j\slf4j-api\2.0.17\slf4j-api-2.0.17.jar;C:\Users\mtmkc\.m2\repository\org\springframework\spring-aspects\6.2.11\spring-aspects-6.2.11.jar;C:\Users\mtmkc\.m2\repository\org\aspectj\aspectjweaver\1.9.24\aspectjweaver-1.9.24.jar;C:\Users\mtmkc\.m2\repository\org\springframework\boot\spring-boot-starter-web\3.5.6\spring-boot-starter-web-3.5.6.jar;C:\Users\mtmkc\.m2\repository\org\springframework\boot\spring-boot-starter-json\3.5.6\spring-boot-starter-json-3.5.6.jar;C:\Users\mtmkc\.m2\repository\com\fasterxml\jackson\core\jackson-databind\2.19.2\jackson-databind-2.19.2.jar;C:\Users\mtmkc\.m2\repository\com\fasterxml\jackson\core\jackson-annotations\2.19.2\jackson-annotations-2.19.2.jar;C:\Users\mtmkc\.m2\repository\com\fasterxml\jackson\core\jackson-core\2.19.2\jackson-core-2.19.2.jar;C:\Users\mtmkc\.m2\repository\com\fasterxml\jackson\datatype\jackson-datatype-jdk8\2.19.2\jackson-datatype-jdk8-2.19.2.jar;C:\Users\mtmkc\.m2\repository\com\fasterxml\jackson\datatype\jackson-datatype-jsr310\2.19.2\jackson-datatype-jsr310-2.19.2.jar;C:\Users\mtmkc\.m2\repository\com\fasterxml\jackson\module\jackson-module-parameter-names\2.19.2\jackson-module-parameter-names-2.19.2.jar;C:\Users\mtmkc\.m2\repository\org\springframework\boot\spring-boot-starter-tomcat\3.5.6\spring-boot-starter-tomcat-3.5.6.jar;C:\Users\mtmkc\.m2\repository\org\apache\tomcat\embed\tomcat-embed-core\10.1.46\tomcat-embed-core-10.1.46.jar;C:\Users\mtmkc\.m2\repository\org\apache\tomcat\embed\tomcat-embed-el\10.1.46\tomcat-embed-el-10.1.46.jar;C:\Users\mtmkc\.m2\repository\org\apache\tomcat\embed\tomcat-embed-websocket\10.1.46\tomcat-embed-websocket-10.1.46.jar;C:\Users\mtmkc\.m2\repository\org\springframework\spring-web\6.2.11\spring-web-6.2.11.jar;C:\Users\mtmkc\.m2\repository\io\micrometer\micrometer-observation\1.15.4\micrometer-observation-1.15.4.jar;C:\Users\mtmkc\.m2\repository\io\micrometer\micrometer-commons\1.15.4\micrometer-commons-1.15.4.jar;C:\Users\mtmkc\.m2\repository\org\springframework\spring-webmvc\6.2.11\spring-webmvc-6.2.11.jar;C:\Users\mtmkc\.m2\repository\org\springframework\spring-expression\6.2.11\spring-expression-6.2.11.jar;C:\Users\mtmkc\.m2\repository\org\springframework\boot\spring-boot-devtools\3.5.6\spring-boot-devtools-3.5.6.jar;C:\Users\mtmkc\.m2\repository\org\springframework\boot\spring-boot\3.5.6\spring-boot-3.5.6.jar;C:\Users\mtmkc\.m2\repository\org\springframework\boot\spring-boot-autoconfigure\3.5.6\spring-boot-autoconfigure-3.5.6.jar;C:\Users\mtmkc\.m2\repository\com\mysql\mysql-connector-j\9.4.0\mysql-connector-j-9.4.0.jar;C:\Users\mtmkc\.m2\repository\org\projectlombok\lombok\1.18.40\lombok-1.18.40.jar;C:\Users\mtmkc\.m2\repository\jakarta\xml\bind\jakarta.xml.bind-api\4.0.2\jakarta.xml.bind-api-4.0.2.jar;C:\Users\mtmkc\.m2\repository\jakarta\activation\jakarta.activation-api\2.1.4\jakarta.activation-api-2.1.4.jar;C:\Users\mtmkc\.m2\repository\org\springframework\spring-core\6.2.11\spring-core-6.2.11.jar;C:\Users\mtmkc\.m2\repository\org\springframework\spring-jcl\6.2.11\spring-jcl-6.2.11.jar
Launcher Type: SUN_STANDARD

[Global flags]
     intx CICompilerCount                          = 4                                         {product} {ergonomic}
     uint ConcGCThreads                            = 3                                         {product} {ergonomic}
     uint G1ConcRefinementThreads                  = 10                                        {product} {ergonomic}
   size_t G1HeapRegionSize                         = 2097152                                   {product} {ergonomic}
    uintx GCDrainStackTargetSize                   = 64                                        {product} {ergonomic}
   size_t InitialHeapSize                          = 264241152                                 {product} {ergonomic}
     bool ManagementServer                         = true                                      {product} {command line}
   size_t MarkStackSize                            = 4194304                                   {product} {ergonomic}
   size_t MaxHeapSize                              = 4198498304                                {product} {ergonomic}
   size_t MaxNewSize                               = 2518679552                                {product} {ergonomic}
   size_t MinHeapDeltaBytes                        = 2097152                                   {product} {ergonomic}
   size_t MinHeapSize                              = 8388608                                   {product} {ergonomic}
    uintx NonNMethodCodeHeapSize                   = 4096                                   {pd product} {ergonomic}
    uintx NonProfiledCodeHeapSize                  = 0                                      {pd product} {ergonomic}
     bool ProfileInterpreter                       = false                                  {pd product} {command line}
    uintx ProfiledCodeHeapSize                     = 0                                      {pd product} {ergonomic}
     bool ShowCodeDetailsInExceptionMessages       = true                                   {manageable} {command line}
   size_t SoftMaxHeapSize                          = 4198498304                             {manageable} {ergonomic}
     intx TieredStopAtLevel                        = 1                                         {product} {command line}
     bool UseCompressedOops                        = true                           {product lp64_product} {ergonomic}
     bool UseG1GC                                  = true                                      {product} {ergonomic}
     bool UseLargePagesIndividualAllocation        = false                                  {pd product} {ergonomic}

Logging:
Log output configuration:
 #0: stdout all=warning uptime,level,tags foldmultilines=false
 #1: stderr all=off uptime,level,tags foldmultilines=false

Environment Variables:
PATH=C:\Users\mtmkc\Downloads\spring-tools-for-eclipse-4.32.0.RELEASE-e4.37.0-win32.win32.x86_64\sts-4.32.0.RELEASE\plugins\org.eclipse.justj.openjdk.hotspot.jre.full.win32.x86_64_21.0.8.v20250724-1412\jre\bin;C:/Users/mtmkc/Downloads/spring-tools-for-eclipse-4.32.0.RELEASE-e4.37.0-win32.win32.x86_64/sts-4.32.0.RELEASE//plugins/org.eclipse.justj.openjdk.hotspot.jre.full.win32.x86_64_21.0.8.v20250724-1412/jre/bin/server;C:/Users/mtmkc/Downloads/spring-tools-for-eclipse-4.32.0.RELEASE-e4.37.0-win32.win32.x86_64/sts-4.32.0.RELEASE//plugins/org.eclipse.justj.openjdk.hotspot.jre.full.win32.x86_64_21.0.8.v20250724-1412/jre/bin;C:\Python313\Scripts\;C:\Python313\;C:\Program Files\Common Files\Oracle\Java\javapath;C:\windows\system32;C:\windows;C:\windows\System32\Wbem;C:\windows\System32\WindowsPowerShell\v1.0\;C:\windows\System32\OpenSSH\;C:\Program Files (x86)\NVIDIA Corporation\PhysX\Common;C:\Program Files\NVIDIA Corporation\NVIDIA App\NvDLISR;C:\Users\Administrator\AppData\Local\Microsoft\WindowsApps;C:\Program Files\HP\OMEN-Broadcast\Common;C:\Windows\system32;C:\Windows;C:\Windows\System32\Wbem;C:\Windows\System32\WindowsPowerShell\v1.0\;C:\Windows\System32\OpenSSH\;C:\Program Files\HP\HP One Agent;D:\nodejs\;C:\ProgramData\chocolatey\bin;D:\Git\cmd;D:\mongosh-2.5.8-win32-x64\bin;C:\Program Files\MySQL\MySQL Shell 8.0\bin\;C:\Users\mtmkc\AppData\Local\Microsoft\WindowsApps;D:\Microsoft VS Code\bin;C:\Users\mtmkc\AppData\Roaming\npm;C:\Users\mtmkc\AppData\Local\GitHubDesktop\bin;C:\Users\mtmkc\Downloads\spring-tools-for-eclipse-4.32.0.RELEASE-e4.37.0-win32.win32.x86_64\sts-4.32.0.RELEASE;
USERNAME=mtmkc
OS=Windows_NT
PROCESSOR_IDENTIFIER=Intel64 Family 6 Model 186 Stepping 2, GenuineIntel
TMP=C:\Users\mtmkc\AppData\Local\Temp
TEMP=C:\Users\mtmkc\AppData\Local\Temp




Periodic native trim disabled

---------------  S Y S T E M  ---------------

OS:
 Windows 11 , 64 bit Build 26100 (10.0.26100.6725)
OS uptime: 0 days 10:51 hours
Hyper-V role detected

CPU: total 12 (initial active 12) (6 cores per cpu, 2 threads per core) family 6 model 186 stepping 2 microcode 0x5102, cx8, cmov, fxsr, ht, mmx, 3dnowpref, sse, sse2, sse3, ssse3, sse4.1, sse4.2, popcnt, lzcnt, tsc, tscinvbit, avx, avx2, aes, erms, clmul, bmi1, bmi2, adx, sha, fma, vzeroupper, clflush, clflushopt, clwb, hv, serialize, rdtscp, rdpid, fsrm, f16c, cet_ibt, cet_ss
Processor Information for processor 0
  Max Mhz: 2100, Current Mhz: 2100, Mhz Limit: 2100
Processor Information for processor 1
  Max Mhz: 2100, Current Mhz: 2100, Mhz Limit: 2100
Processor Information for processor 2
  Max Mhz: 2100, Current Mhz: 2100, Mhz Limit: 2100
Processor Information for processor 3
  Max Mhz: 2100, Current Mhz: 1453, Mhz Limit: 2100
Processor Information for processor 4
  Max Mhz: 2100, Current Mhz: 2100, Mhz Limit: 2100
Processor Information for processor 5
  Max Mhz: 2100, Current Mhz: 2100, Mhz Limit: 2100
Processor Information for processor 6
  Max Mhz: 2100, Current Mhz: 2100, Mhz Limit: 2100
Processor Information for processor 7
  Max Mhz: 2100, Current Mhz: 2100, Mhz Limit: 2100
Processor Information for processor 8
  Max Mhz: 2100, Current Mhz: 2100, Mhz Limit: 2100
Processor Information for processor 9
  Max Mhz: 2100, Current Mhz: 2100, Mhz Limit: 2100
Processor Information for processor 10
  Max Mhz: 2100, Current Mhz: 2100, Mhz Limit: 2100
Processor Information for processor 11
  Max Mhz: 2100, Current Mhz: 2100, Mhz Limit: 2100

Memory: 4k page, system-wide physical 16013M (5862M free)
TotalPageFile size 18957M (AvailPageFile size 5679M)
current process WorkingSet (physical memory assigned to process): 271M, peak: 276M
current process commit charge ("private bytes"): 307M, peak: 376M

vm_info: OpenJDK 64-Bit Server VM (21.0.8+9-LTS) for windows-amd64 JRE (21.0.8+9-LTS), built on 2025-07-15T00:00:00Z by "admin" with MS VC++ 17.7 (VS2022)

END.
